<?xml version="1.0" encoding="UTF-8"?>
<coverage generated="1650316330002" clover="3.2.0">
  <project timestamp="1650316330003" name="All files">
    <metrics statements="318" coveredstatements="318" conditionals="150" coveredconditionals="150" methods="75" coveredmethods="74" elements="543" coveredelements="542" complexity="0" loc="318" ncloc="318" packages="2" files="5" classes="5"/>
    <package name="src">
      <metrics statements="293" coveredstatements="293" conditionals="150" coveredconditionals="150" methods="54" coveredmethods="53"/>
      <file name="App.css" path="/Users/paulinez/Documents/peatype/src/App.css">
        <metrics statements="1" coveredstatements="1" conditionals="0" coveredconditionals="0" methods="0" coveredmethods="0"/>
        <line num="1" count="1" type="stmt"/>
      </file>
      <file name="App.js" path="/Users/paulinez/Documents/peatype/src/App.js">
        <metrics statements="15" coveredstatements="15" conditionals="10" coveredconditionals="10" methods="4" coveredmethods="4"/>
        <line num="7" count="20" type="stmt"/>
        <line num="8" count="20" type="stmt"/>
        <line num="9" count="20" type="stmt"/>
        <line num="10" count="20" type="stmt"/>
        <line num="12" count="20" type="stmt"/>
        <line num="14" count="20" type="stmt"/>
        <line num="15" count="15" type="stmt"/>
        <line num="16" count="15" type="cond" truecount="2" falsecount="0"/>
        <line num="21" count="20" type="stmt"/>
        <line num="22" count="2" type="cond" truecount="2" falsecount="0"/>
        <line num="23" count="1" type="stmt"/>
        <line num="24" count="1" type="stmt"/>
        <line num="26" count="2" type="cond" truecount="2" falsecount="0"/>
        <line num="29" count="20" type="stmt"/>
        <line num="34" count="11" type="cond" truecount="2" falsecount="0"/>
      </file>
      <file name="Main.js" path="/Users/paulinez/Documents/peatype/src/Main.js">
        <metrics statements="188" coveredstatements="188" conditionals="81" coveredconditionals="81" methods="30" coveredmethods="29"/>
        <line num="6" count="458" type="stmt"/>
        <line num="7" count="458" type="stmt"/>
        <line num="10" count="458" type="stmt"/>
        <line num="13" count="458" type="stmt"/>
        <line num="14" count="458" type="stmt"/>
        <line num="18" count="458" type="stmt"/>
        <line num="19" count="458" type="stmt"/>
        <line num="20" count="458" type="stmt"/>
        <line num="21" count="458" type="stmt"/>
        <line num="22" count="458" type="stmt"/>
        <line num="23" count="458" type="stmt"/>
        <line num="24" count="458" type="stmt"/>
        <line num="25" count="458" type="stmt"/>
        <line num="26" count="458" type="stmt"/>
        <line num="27" count="458" type="stmt"/>
        <line num="28" count="458" type="stmt"/>
        <line num="31" count="458" type="stmt"/>
        <line num="34" count="458" type="stmt"/>
        <line num="35" count="458" type="stmt"/>
        <line num="38" count="458" type="stmt"/>
        <line num="39" count="458" type="stmt"/>
        <line num="40" count="458" type="stmt"/>
        <line num="41" count="458" type="stmt"/>
        <line num="42" count="458" type="stmt"/>
        <line num="43" count="458" type="stmt"/>
        <line num="44" count="458" type="stmt"/>
        <line num="45" count="458" type="stmt"/>
        <line num="47" count="458" type="stmt"/>
        <line num="48" count="222" type="cond" truecount="2" falsecount="0"/>
        <line num="49" count="78" type="stmt"/>
        <line num="52" count="222" type="stmt"/>
        <line num="53" count="222" type="cond" truecount="2" falsecount="0"/>
        <line num="54" count="222" type="stmt"/>
        <line num="55" count="222" type="stmt"/>
        <line num="56" count="222" type="cond" truecount="2" falsecount="0"/>
        <line num="58" count="222" type="cond" truecount="2" falsecount="0"/>
        <line num="64" count="32" type="cond" truecount="2" falsecount="0"/>
        <line num="65" count="32" type="stmt"/>
        <line num="66" count="32" type="stmt"/>
        <line num="70" count="32" type="stmt"/>
        <line num="71" count="32" type="stmt"/>
        <line num="72" count="32" type="stmt"/>
        <line num="73" count="32" type="stmt"/>
        <line num="74" count="32" type="stmt"/>
        <line num="75" count="32" type="stmt"/>
        <line num="76" count="32" type="stmt"/>
        <line num="77" count="32" type="stmt"/>
        <line num="79" count="32" type="cond" truecount="2" falsecount="0"/>
        <line num="81" count="190" type="stmt"/>
        <line num="82" count="190" type="stmt"/>
        <line num="86" count="458" type="stmt"/>
        <line num="87" count="6" type="stmt"/>
        <line num="91" count="458" type="stmt"/>
        <line num="92" count="35" type="stmt"/>
        <line num="93" count="35" type="stmt"/>
        <line num="95" count="35" type="stmt"/>
        <line num="96" count="2" type="stmt"/>
        <line num="99" count="35" type="stmt"/>
        <line num="100" count="225" type="stmt"/>
        <line num="101" count="225" type="cond" truecount="6" falsecount="0"/>
        <line num="102" count="2" type="stmt"/>
        <line num="106" count="35" type="stmt"/>
        <line num="108" count="35" type="stmt"/>
        <line num="110" count="35" type="stmt"/>
        <line num="112" count="35" type="stmt"/>
        <line num="113" count="35" type="stmt"/>
        <line num="114" count="35" type="stmt"/>
        <line num="115" count="35" type="stmt"/>
        <line num="117" count="35" type="stmt"/>
        <line num="118" count="35" type="stmt"/>
        <line num="123" count="458" type="stmt"/>
        <line num="124" count="37" type="stmt"/>
        <line num="127" count="458" type="stmt"/>
        <line num="128" count="82" type="cond" truecount="2" falsecount="0"/>
        <line num="129" count="40" type="stmt"/>
        <line num="130" count="40" type="stmt"/>
        <line num="131" count="40" type="stmt"/>
        <line num="132" count="2" type="stmt"/>
        <line num="134" count="40" type="stmt"/>
        <line num="135" count="15" type="stmt"/>
        <line num="137" count="40" type="stmt"/>
        <line num="138" count="40" type="stmt"/>
        <line num="139" count="40" type="stmt"/>
        <line num="140" count="40" type="stmt"/>
        <line num="141" count="40" type="stmt"/>
        <line num="142" count="40" type="stmt"/>
        <line num="143" count="40" type="stmt"/>
        <line num="144" count="40" type="stmt"/>
        <line num="145" count="40" type="stmt"/>
        <line num="147" count="42" type="stmt"/>
        <line num="152" count="458" type="stmt"/>
        <line num="153" count="37" type="stmt"/>
        <line num="154" count="37" type="stmt"/>
        <line num="155" count="37" type="stmt"/>
        <line num="156" count="37" type="cond" truecount="2" falsecount="0"/>
        <line num="157" count="8" type="stmt"/>
        <line num="158" count="8" type="stmt"/>
        <line num="160" count="37" type="cond" truecount="2" falsecount="0"/>
        <line num="161" count="1" type="stmt"/>
        <line num="163" count="36" type="stmt"/>
        <line num="167" count="37" type="stmt"/>
        <line num="168" count="37" type="stmt"/>
        <line num="169" count="37" type="stmt"/>
        <line num="170" count="37" type="stmt"/>
        <line num="175" count="458" type="stmt"/>
        <line num="176" count="105" type="cond" truecount="2" falsecount="0"/>
        <line num="179" count="11" type="stmt"/>
        <line num="180" count="11" type="stmt"/>
        <line num="181" count="11" type="stmt"/>
        <line num="182" count="11" type="stmt"/>
        <line num="183" count="22" type="stmt"/>
        <line num="184" count="22" type="stmt"/>
        <line num="185" count="22" type="stmt"/>
        <line num="187" count="11" type="stmt"/>
        <line num="189" count="11" type="stmt"/>
        <line num="190" count="33" type="stmt"/>
        <line num="192" count="11" type="stmt"/>
        <line num="193" count="11" type="stmt"/>
        <line num="194" count="11" type="stmt"/>
        <line num="195" count="11" type="stmt"/>
        <line num="198" count="11" type="cond" truecount="2" falsecount="0"/>
        <line num="199" count="2" type="stmt"/>
        <line num="200" count="2" type="stmt"/>
        <line num="201" count="2" type="cond" truecount="2" falsecount="0"/>
        <line num="205" count="9" type="stmt"/>
        <line num="206" count="9" type="stmt"/>
        <line num="207" count="9" type="cond" truecount="2" falsecount="0"/>
        <line num="208" count="8" type="stmt"/>
        <line num="210" count="9" type="stmt"/>
        <line num="211" count="9" type="stmt"/>
        <line num="214" count="11" type="stmt"/>
        <line num="219" count="458" type="stmt"/>
        <line num="220" count="85" type="cond" truecount="2" falsecount="0"/>
        <line num="221" count="2" type="stmt"/>
        <line num="222" count="2" type="stmt"/>
        <line num="223" count="2" type="stmt"/>
        <line num="224" count="2" type="cond" truecount="2" falsecount="0"/>
        <line num="225" count="1" type="stmt"/>
        <line num="226" count="1" type="stmt"/>
        <line num="228" count="2" type="stmt"/>
        <line num="233" count="458" type="stmt"/>
        <line num="235" count="90" type="cond" truecount="4" falsecount="0"/>
        <line num="236" count="34" type="stmt"/>
        <line num="237" count="34" type="stmt"/>
        <line num="238" count="10" type="stmt"/>
        <line num="239" count="10" type="stmt"/>
        <line num="240" count="10" type="stmt"/>
        <line num="241" count="10" type="cond" truecount="2" falsecount="0"/>
        <line num="242" count="9" type="stmt"/>
        <line num="244" count="10" type="cond" truecount="2" falsecount="0"/>
        <line num="245" count="4" type="stmt"/>
        <line num="246" count="4" type="stmt"/>
        <line num="247" count="4" type="stmt"/>
        <line num="248" count="4" type="stmt"/>
        <line num="249" count="4" type="stmt"/>
        <line num="254" count="90" type="stmt"/>
        <line num="255" count="90" type="stmt"/>
        <line num="260" count="458" type="stmt"/>
        <line num="261" count="97" type="cond" truecount="2" falsecount="0"/>
        <line num="265" count="458" type="stmt"/>
        <line num="266" count="52" type="cond" truecount="4" falsecount="0"/>
        <line num="267" count="41" type="stmt"/>
        <line num="269" count="11" type="stmt"/>
        <line num="274" count="458" type="stmt"/>
        <line num="275" count="149" type="cond" truecount="2" falsecount="0"/>
        <line num="276" count="79" type="stmt"/>
        <line num="277" count="79" type="stmt"/>
        <line num="279" count="79" type="cond" truecount="2" falsecount="0"/>
        <line num="280" count="20" type="stmt"/>
        <line num="286" count="458" type="stmt"/>
        <line num="287" count="135" type="cond" truecount="2" falsecount="0"/>
        <line num="288" count="50" type="stmt"/>
        <line num="289" count="50" type="stmt"/>
        <line num="290" count="50" type="stmt"/>
        <line num="291" count="318" type="stmt"/>
        <line num="292" count="318" type="cond" truecount="2" falsecount="0"/>
        <line num="293" count="90" type="stmt"/>
        <line num="295" count="228" type="stmt"/>
        <line num="297" count="318" type="stmt"/>
        <line num="302" count="458" type="stmt"/>
        <line num="310" count="2" type="stmt"/>
        <line num="311" count="2" type="stmt"/>
        <line num="312" count="2" type="stmt"/>
        <line num="325" count="1" type="stmt"/>
        <line num="326" count="1" type="stmt"/>
        <line num="327" count="1" type="stmt"/>
        <line num="351" count="2151" type="stmt"/>
        <line num="368" count="1" type="stmt"/>
      </file>
      <file name="Settings.js" path="/Users/paulinez/Documents/peatype/src/Settings.js">
        <metrics statements="89" coveredstatements="89" conditionals="59" coveredconditionals="59" methods="20" coveredmethods="20"/>
        <line num="5" count="104" type="stmt"/>
        <line num="6" count="104" type="stmt"/>
        <line num="7" count="104" type="stmt"/>
        <line num="8" count="104" type="stmt"/>
        <line num="9" count="104" type="stmt"/>
        <line num="10" count="104" type="stmt"/>
        <line num="11" count="104" type="stmt"/>
        <line num="12" count="104" type="stmt"/>
        <line num="14" count="104" type="stmt"/>
        <line num="16" count="104" type="stmt"/>
        <line num="17" count="21" type="stmt"/>
        <line num="18" count="21" type="stmt"/>
        <line num="19" count="21" type="stmt"/>
        <line num="20" count="21" type="stmt"/>
        <line num="24" count="104" type="stmt"/>
        <line num="25" count="10" type="stmt"/>
        <line num="26" count="10" type="stmt"/>
        <line num="29" count="104" type="stmt"/>
        <line num="30" count="17" type="stmt"/>
        <line num="33" count="104" type="stmt"/>
        <line num="34" count="3" type="stmt"/>
        <line num="35" count="3" type="stmt"/>
        <line num="36" count="3" type="stmt"/>
        <line num="37" count="3" type="stmt"/>
        <line num="40" count="104" type="stmt"/>
        <line num="41" count="8" type="stmt"/>
        <line num="42" count="8" type="stmt"/>
        <line num="43" count="8" type="cond" truecount="2" falsecount="0"/>
        <line num="44" count="7" type="stmt"/>
        <line num="45" count="14" type="stmt"/>
        <line num="46" count="14" type="stmt"/>
        <line num="47" count="14" type="stmt"/>
        <line num="50" count="7" type="cond" truecount="2" falsecount="0"/>
        <line num="51" count="4" type="stmt"/>
        <line num="52" count="4" type="stmt"/>
        <line num="54" count="3" type="stmt"/>
        <line num="57" count="1" type="stmt"/>
        <line num="61" count="104" type="stmt"/>
        <line num="62" count="21" type="stmt"/>
        <line num="63" count="21" type="cond" truecount="2" falsecount="0"/>
        <line num="64" count="21" type="cond" truecount="2" falsecount="0"/>
        <line num="66" count="21" type="cond" truecount="5" falsecount="0"/>
        <line num="68" count="19" type="cond" truecount="5" falsecount="0"/>
        <line num="69" count="18" type="cond" truecount="5" falsecount="0"/>
        <line num="71" count="17" type="cond" truecount="2" falsecount="0"/>
        <line num="72" count="8" type="cond" truecount="4" falsecount="0"/>
        <line num="73" count="8" type="stmt"/>
        <line num="74" count="8" type="stmt"/>
        <line num="75" count="8" type="cond" truecount="2" falsecount="0"/>
        <line num="76" count="3" type="cond" truecount="2" falsecount="0"/>
        <line num="77" count="3" type="stmt"/>
        <line num="80" count="12" type="cond" truecount="2" falsecount="0"/>
        <line num="81" count="2" type="cond" truecount="2" falsecount="0"/>
        <line num="82" count="2" type="stmt"/>
        <line num="83" count="2" type="cond" truecount="2" falsecount="0"/>
        <line num="84" count="2" type="stmt"/>
        <line num="85" count="2" type="stmt"/>
        <line num="88" count="12" type="cond" truecount="4" falsecount="0"/>
        <line num="89" count="1" type="stmt"/>
        <line num="93" count="104" type="stmt"/>
        <line num="95" count="3" type="cond" truecount="2" falsecount="0"/>
        <line num="97" count="1" type="stmt"/>
        <line num="98" count="1" type="stmt"/>
        <line num="99" count="1" type="stmt"/>
        <line num="102" count="3" type="cond" truecount="2" falsecount="0"/>
        <line num="103" count="3" type="cond" truecount="2" falsecount="0"/>
        <line num="104" count="1" type="stmt"/>
        <line num="105" count="2" type="cond" truecount="2" falsecount="0"/>
        <line num="106" count="1" type="stmt"/>
        <line num="108" count="3" type="stmt"/>
        <line num="109" count="3" type="stmt"/>
        <line num="112" count="104" type="stmt"/>
        <line num="117" count="4" type="stmt"/>
        <line num="118" count="4" type="stmt"/>
        <line num="131" count="13" type="stmt"/>
        <line num="139" count="59" type="stmt"/>
        <line num="143" count="3" type="stmt"/>
        <line num="144" count="3" type="stmt"/>
        <line num="147" count="3" type="stmt"/>
        <line num="148" count="3" type="stmt"/>
        <line num="149" count="3" type="stmt"/>
        <line num="152" count="1" type="stmt"/>
        <line num="153" count="1" type="stmt"/>
        <line num="154" count="1" type="cond" truecount="2" falsecount="0"/>
        <line num="168" count="520" type="stmt"/>
        <line num="175" count="2" type="stmt"/>
        <line num="176" count="2" type="stmt"/>
        <line num="189" count="3" type="stmt"/>
        <line num="190" count="3" type="stmt"/>
      </file>
    </package>
    <package name="src.__test__">
      <metrics statements="25" coveredstatements="25" conditionals="0" coveredconditionals="0" methods="21" coveredmethods="21"/>
      <file name="mockFuncs.js" path="/Users/paulinez/Documents/peatype/src/__test__/mockFuncs.js">
        <metrics statements="25" coveredstatements="25" conditionals="0" coveredconditionals="0" methods="21" coveredmethods="21"/>
        <line num="3" count="3" type="stmt"/>
        <line num="4" count="21" type="stmt"/>
        <line num="10" count="3" type="stmt"/>
        <line num="11" count="29" type="stmt"/>
        <line num="13" count="29" type="stmt"/>
        <line num="14" count="29" type="stmt"/>
        <line num="15" count="9" type="stmt"/>
        <line num="16" count="3" type="stmt"/>
        <line num="17" count="1" type="stmt"/>
        <line num="19" count="3" type="stmt"/>
        <line num="20" count="6" type="stmt"/>
        <line num="22" count="6" type="stmt"/>
        <line num="55" count="6" type="stmt"/>
        <line num="58" count="3" type="stmt"/>
        <line num="59" count="12" type="stmt"/>
        <line num="61" count="6" type="stmt"/>
        <line num="62" count="6" type="stmt"/>
        <line num="63" count="5" type="stmt"/>
        <line num="64" count="1" type="stmt"/>
        <line num="65" count="1" type="stmt"/>
        <line num="68" count="3" type="stmt"/>
        <line num="69" count="2" type="stmt"/>
        <line num="71" count="2" type="stmt"/>
        <line num="72" count="2" type="stmt"/>
        <line num="73" count="1" type="stmt"/>
      </file>
    </package>
  </project>
</coverage>
