<?xml version="1.0" encoding="UTF-8"?>
<coverage generated="1656816291628" clover="3.2.0">
  <project timestamp="1656816291628" name="All files">
    <metrics statements="339" coveredstatements="328" conditionals="172" coveredconditionals="166" methods="74" coveredmethods="67" elements="585" coveredelements="561" complexity="0" loc="339" ncloc="339" packages="2" files="5" classes="5"/>
    <package name="src">
      <metrics statements="304" coveredstatements="302" conditionals="156" coveredconditionals="155" methods="59" coveredmethods="56"/>
      <file name="App.css" path="/Users/paulinez/peatype/src/App.css">
        <metrics statements="1" coveredstatements="1" conditionals="0" coveredconditionals="0" methods="0" coveredmethods="0"/>
        <line num="1" count="1" type="stmt"/>
      </file>
      <file name="App.js" path="/Users/paulinez/peatype/src/App.js">
        <metrics statements="15" coveredstatements="15" conditionals="10" coveredconditionals="10" methods="4" coveredmethods="4"/>
        <line num="7" count="20" type="stmt"/>
        <line num="8" count="20" type="stmt"/>
        <line num="9" count="20" type="stmt"/>
        <line num="10" count="20" type="stmt"/>
        <line num="12" count="20" type="stmt"/>
        <line num="14" count="20" type="stmt"/>
        <line num="15" count="15" type="stmt"/>
        <line num="16" count="15" type="cond" truecount="2" falsecount="0"/>
        <line num="21" count="20" type="stmt"/>
        <line num="22" count="2" type="cond" truecount="2" falsecount="0"/>
        <line num="23" count="1" type="stmt"/>
        <line num="24" count="1" type="stmt"/>
        <line num="26" count="2" type="cond" truecount="2" falsecount="0"/>
        <line num="29" count="20" type="stmt"/>
        <line num="34" count="11" type="cond" truecount="2" falsecount="0"/>
      </file>
      <file name="Main.js" path="/Users/paulinez/peatype/src/Main.js">
        <metrics statements="199" coveredstatements="197" conditionals="87" coveredconditionals="86" methods="35" coveredmethods="32"/>
        <line num="6" count="472" type="stmt"/>
        <line num="7" count="472" type="stmt"/>
        <line num="10" count="472" type="stmt"/>
        <line num="13" count="472" type="stmt"/>
        <line num="14" count="472" type="stmt"/>
        <line num="17" count="472" type="stmt"/>
        <line num="18" count="472" type="stmt"/>
        <line num="19" count="472" type="stmt"/>
        <line num="20" count="472" type="stmt"/>
        <line num="21" count="472" type="stmt"/>
        <line num="22" count="472" type="stmt"/>
        <line num="23" count="472" type="stmt"/>
        <line num="24" count="472" type="stmt"/>
        <line num="25" count="472" type="stmt"/>
        <line num="26" count="472" type="stmt"/>
        <line num="27" count="472" type="stmt"/>
        <line num="28" count="472" type="stmt"/>
        <line num="31" count="472" type="stmt"/>
        <line num="34" count="472" type="stmt"/>
        <line num="35" count="472" type="stmt"/>
        <line num="38" count="472" type="stmt"/>
        <line num="39" count="472" type="stmt"/>
        <line num="40" count="472" type="stmt"/>
        <line num="41" count="472" type="stmt"/>
        <line num="42" count="472" type="stmt"/>
        <line num="43" count="472" type="stmt"/>
        <line num="44" count="472" type="stmt"/>
        <line num="45" count="472" type="stmt"/>
        <line num="46" count="472" type="stmt"/>
        <line num="47" count="472" type="stmt"/>
        <line num="49" count="472" type="stmt"/>
        <line num="50" count="195" type="cond" truecount="2" falsecount="0"/>
        <line num="51" count="69" type="stmt"/>
        <line num="54" count="195" type="stmt"/>
        <line num="55" count="195" type="cond" truecount="2" falsecount="0"/>
        <line num="56" count="195" type="stmt"/>
        <line num="57" count="195" type="stmt"/>
        <line num="58" count="195" type="cond" truecount="2" falsecount="0"/>
        <line num="60" count="195" type="cond" truecount="2" falsecount="0"/>
        <line num="66" count="29" type="cond" truecount="2" falsecount="0"/>
        <line num="67" count="29" type="stmt"/>
        <line num="68" count="29" type="stmt"/>
        <line num="72" count="29" type="stmt"/>
        <line num="73" count="29" type="stmt"/>
        <line num="74" count="29" type="stmt"/>
        <line num="75" count="29" type="stmt"/>
        <line num="76" count="29" type="stmt"/>
        <line num="77" count="29" type="stmt"/>
        <line num="78" count="29" type="stmt"/>
        <line num="79" count="29" type="stmt"/>
        <line num="81" count="29" type="cond" truecount="2" falsecount="0"/>
        <line num="83" count="166" type="stmt"/>
        <line num="84" count="166" type="stmt"/>
        <line num="88" count="472" type="stmt"/>
        <line num="89" count="8" type="stmt"/>
        <line num="93" count="472" type="stmt"/>
        <line num="94" count="36" type="stmt"/>
        <line num="95" count="36" type="stmt"/>
        <line num="97" count="36" type="stmt"/>
        <line num="98" count="13" type="stmt"/>
        <line num="101" count="36" type="stmt"/>
        <line num="102" count="202" type="stmt"/>
        <line num="103" count="202" type="cond" truecount="6" falsecount="0"/>
        <line num="104" count="2" type="stmt"/>
        <line num="108" count="36" type="stmt"/>
        <line num="110" count="36" type="stmt"/>
        <line num="112" count="36" type="stmt"/>
        <line num="113" count="202" type="cond" truecount="4" falsecount="0"/>
        <line num="114" count="1" type="stmt"/>
        <line num="115" count="1" type="stmt"/>
        <line num="117" count="202" type="cond" truecount="4" falsecount="0"/>
        <line num="118" count="1" type="stmt"/>
        <line num="119" count="1" type="stmt"/>
        <line num="123" count="36" type="stmt"/>
        <line num="124" count="216" type="stmt"/>
        <line num="125" count="36" type="stmt"/>
        <line num="126" count="36" type="stmt"/>
        <line num="127" count="36" type="stmt"/>
        <line num="128" count="36" type="stmt"/>
        <line num="129" count="36" type="stmt"/>
        <line num="130" count="216" type="stmt"/>
        <line num="131" count="36" type="stmt"/>
        <line num="132" count="36" type="stmt"/>
        <line num="133" count="36" type="stmt"/>
        <line num="138" count="472" type="stmt"/>
        <line num="139" count="38" type="stmt"/>
        <line num="142" count="472" type="stmt"/>
        <line num="143" count="88" type="cond" truecount="2" falsecount="0"/>
        <line num="144" count="43" type="stmt"/>
        <line num="145" count="43" type="stmt"/>
        <line num="146" count="43" type="stmt"/>
        <line num="147" count="3" type="stmt"/>
        <line num="149" count="43" type="stmt"/>
        <line num="150" count="21" type="stmt"/>
        <line num="152" count="43" type="stmt"/>
        <line num="153" count="43" type="stmt"/>
        <line num="154" count="43" type="stmt"/>
        <line num="155" count="43" type="stmt"/>
        <line num="156" count="43" type="stmt"/>
        <line num="157" count="43" type="stmt"/>
        <line num="158" count="43" type="stmt"/>
        <line num="159" count="43" type="stmt"/>
        <line num="160" count="43" type="stmt"/>
        <line num="162" count="45" type="stmt"/>
        <line num="167" count="472" type="stmt"/>
        <line num="168" count="39" type="stmt"/>
        <line num="171" count="39" type="stmt"/>
        <line num="172" count="39" type="stmt"/>
        <line num="173" count="39" type="stmt"/>
        <line num="174" count="39" type="stmt"/>
        <line num="175" count="39" type="stmt"/>
        <line num="177" count="39" type="cond" truecount="2" falsecount="0"/>
        <line num="178" count="1" type="stmt"/>
        <line num="180" count="38" type="stmt"/>
        <line num="184" count="0" type="stmt"/>
        <line num="189" count="472" type="stmt"/>
        <line num="190" count="148" type="cond" truecount="2" falsecount="0"/>
        <line num="193" count="9" type="stmt"/>
        <line num="194" count="9" type="stmt"/>
        <line num="195" count="9" type="stmt"/>
        <line num="196" count="9" type="stmt"/>
        <line num="197" count="18" type="stmt"/>
        <line num="198" count="18" type="stmt"/>
        <line num="199" count="18" type="stmt"/>
        <line num="201" count="9" type="stmt"/>
        <line num="204" count="9" type="stmt"/>
        <line num="205" count="27" type="stmt"/>
        <line num="207" count="9" type="stmt"/>
        <line num="208" count="9" type="stmt"/>
        <line num="209" count="9" type="stmt"/>
        <line num="210" count="9" type="stmt"/>
        <line num="213" count="9" type="cond" truecount="2" falsecount="0"/>
        <line num="214" count="2" type="stmt"/>
        <line num="215" count="2" type="stmt"/>
        <line num="216" count="2" type="cond" truecount="2" falsecount="0"/>
        <line num="219" count="2" type="stmt"/>
        <line num="221" count="7" type="stmt"/>
        <line num="224" count="7" type="stmt"/>
        <line num="225" count="7" type="stmt"/>
        <line num="226" count="7" type="stmt"/>
        <line num="229" count="0" type="stmt"/>
        <line num="232" count="9" type="stmt"/>
        <line num="237" count="472" type="stmt"/>
        <line num="238" count="88" type="cond" truecount="2" falsecount="0"/>
        <line num="239" count="3" type="stmt"/>
        <line num="240" count="3" type="stmt"/>
        <line num="241" count="3" type="stmt"/>
        <line num="242" count="3" type="cond" truecount="2" falsecount="0"/>
        <line num="243" count="1" type="stmt"/>
        <line num="244" count="1" type="stmt"/>
        <line num="246" count="3" type="stmt"/>
        <line num="251" count="472" type="stmt"/>
        <line num="253" count="88" type="cond" truecount="4" falsecount="0"/>
        <line num="254" count="30" type="stmt"/>
        <line num="255" count="30" type="stmt"/>
        <line num="256" count="6" type="stmt"/>
        <line num="257" count="6" type="stmt"/>
        <line num="258" count="6" type="stmt"/>
        <line num="259" count="6" type="cond" truecount="2" falsecount="0"/>
        <line num="260" count="5" type="stmt"/>
        <line num="262" count="6" type="cond" truecount="2" falsecount="0"/>
        <line num="263" count="4" type="stmt"/>
        <line num="264" count="4" type="stmt"/>
        <line num="265" count="4" type="stmt"/>
        <line num="266" count="4" type="stmt"/>
        <line num="267" count="4" type="stmt"/>
        <line num="272" count="88" type="stmt"/>
        <line num="273" count="88" type="stmt"/>
        <line num="278" count="472" type="stmt"/>
        <line num="279" count="103" type="cond" truecount="2" falsecount="0"/>
        <line num="283" count="472" type="stmt"/>
        <line num="284" count="53" type="cond" truecount="4" falsecount="0"/>
        <line num="285" count="42" type="stmt"/>
        <line num="287" count="11" type="stmt"/>
        <line num="292" count="472" type="stmt"/>
        <line num="293" count="154" type="cond" truecount="2" falsecount="0"/>
        <line num="294" count="82" type="stmt"/>
        <line num="295" count="82" type="stmt"/>
        <line num="297" count="82" type="cond" truecount="2" falsecount="0"/>
        <line num="298" count="20" type="stmt"/>
        <line num="304" count="472" type="stmt"/>
        <line num="305" count="138" type="cond" truecount="2" falsecount="0"/>
        <line num="306" count="51" type="stmt"/>
        <line num="307" count="51" type="stmt"/>
        <line num="308" count="51" type="stmt"/>
        <line num="309" count="321" type="stmt"/>
        <line num="310" count="321" type="cond" truecount="2" falsecount="0"/>
        <line num="311" count="90" type="stmt"/>
        <line num="313" count="231" type="stmt"/>
        <line num="315" count="321" type="stmt"/>
        <line num="320" count="472" type="stmt"/>
        <line num="329" count="3" type="stmt"/>
        <line num="330" count="3" type="stmt"/>
        <line num="331" count="3" type="stmt"/>
        <line num="345" count="2" type="stmt"/>
        <line num="346" count="2" type="stmt"/>
        <line num="347" count="2" type="stmt"/>
        <line num="372" count="2184" type="stmt"/>
        <line num="389" count="1" type="stmt"/>
      </file>
      <file name="Settings.js" path="/Users/paulinez/peatype/src/Settings.js">
        <metrics statements="89" coveredstatements="89" conditionals="59" coveredconditionals="59" methods="20" coveredmethods="20"/>
        <line num="5" count="104" type="stmt"/>
        <line num="6" count="104" type="stmt"/>
        <line num="7" count="104" type="stmt"/>
        <line num="8" count="104" type="stmt"/>
        <line num="9" count="104" type="stmt"/>
        <line num="10" count="104" type="stmt"/>
        <line num="11" count="104" type="stmt"/>
        <line num="12" count="104" type="stmt"/>
        <line num="14" count="104" type="stmt"/>
        <line num="16" count="104" type="stmt"/>
        <line num="17" count="21" type="stmt"/>
        <line num="18" count="21" type="stmt"/>
        <line num="19" count="21" type="stmt"/>
        <line num="20" count="21" type="stmt"/>
        <line num="24" count="104" type="stmt"/>
        <line num="25" count="10" type="stmt"/>
        <line num="26" count="10" type="stmt"/>
        <line num="29" count="104" type="stmt"/>
        <line num="30" count="17" type="stmt"/>
        <line num="33" count="104" type="stmt"/>
        <line num="34" count="3" type="stmt"/>
        <line num="35" count="3" type="stmt"/>
        <line num="36" count="3" type="stmt"/>
        <line num="37" count="3" type="stmt"/>
        <line num="40" count="104" type="stmt"/>
        <line num="41" count="8" type="stmt"/>
        <line num="42" count="8" type="stmt"/>
        <line num="43" count="8" type="cond" truecount="2" falsecount="0"/>
        <line num="44" count="7" type="stmt"/>
        <line num="45" count="14" type="stmt"/>
        <line num="46" count="14" type="stmt"/>
        <line num="47" count="14" type="stmt"/>
        <line num="50" count="7" type="cond" truecount="2" falsecount="0"/>
        <line num="51" count="4" type="stmt"/>
        <line num="52" count="4" type="stmt"/>
        <line num="54" count="3" type="stmt"/>
        <line num="57" count="1" type="stmt"/>
        <line num="61" count="104" type="stmt"/>
        <line num="62" count="21" type="stmt"/>
        <line num="63" count="21" type="cond" truecount="2" falsecount="0"/>
        <line num="64" count="21" type="cond" truecount="2" falsecount="0"/>
        <line num="66" count="21" type="cond" truecount="5" falsecount="0"/>
        <line num="68" count="19" type="cond" truecount="5" falsecount="0"/>
        <line num="69" count="18" type="cond" truecount="5" falsecount="0"/>
        <line num="71" count="17" type="cond" truecount="2" falsecount="0"/>
        <line num="72" count="8" type="cond" truecount="4" falsecount="0"/>
        <line num="73" count="8" type="stmt"/>
        <line num="74" count="8" type="stmt"/>
        <line num="75" count="8" type="cond" truecount="2" falsecount="0"/>
        <line num="76" count="3" type="cond" truecount="2" falsecount="0"/>
        <line num="77" count="3" type="stmt"/>
        <line num="80" count="12" type="cond" truecount="2" falsecount="0"/>
        <line num="81" count="2" type="cond" truecount="2" falsecount="0"/>
        <line num="82" count="2" type="stmt"/>
        <line num="83" count="2" type="cond" truecount="2" falsecount="0"/>
        <line num="84" count="2" type="stmt"/>
        <line num="85" count="2" type="stmt"/>
        <line num="88" count="12" type="cond" truecount="4" falsecount="0"/>
        <line num="89" count="1" type="stmt"/>
        <line num="93" count="104" type="stmt"/>
        <line num="95" count="3" type="cond" truecount="2" falsecount="0"/>
        <line num="97" count="1" type="stmt"/>
        <line num="98" count="1" type="stmt"/>
        <line num="99" count="1" type="stmt"/>
        <line num="102" count="3" type="cond" truecount="2" falsecount="0"/>
        <line num="103" count="3" type="cond" truecount="2" falsecount="0"/>
        <line num="104" count="1" type="stmt"/>
        <line num="105" count="2" type="cond" truecount="2" falsecount="0"/>
        <line num="106" count="1" type="stmt"/>
        <line num="108" count="3" type="stmt"/>
        <line num="109" count="3" type="stmt"/>
        <line num="112" count="104" type="stmt"/>
        <line num="117" count="4" type="stmt"/>
        <line num="118" count="4" type="stmt"/>
        <line num="131" count="13" type="stmt"/>
        <line num="139" count="59" type="stmt"/>
        <line num="143" count="3" type="stmt"/>
        <line num="144" count="3" type="stmt"/>
        <line num="147" count="3" type="stmt"/>
        <line num="148" count="3" type="stmt"/>
        <line num="149" count="3" type="stmt"/>
        <line num="152" count="1" type="stmt"/>
        <line num="153" count="1" type="stmt"/>
        <line num="154" count="1" type="cond" truecount="2" falsecount="0"/>
        <line num="168" count="520" type="stmt"/>
        <line num="175" count="2" type="stmt"/>
        <line num="176" count="2" type="stmt"/>
        <line num="189" count="3" type="stmt"/>
        <line num="190" count="3" type="stmt"/>
      </file>
    </package>
    <package name="src.__test__">
      <metrics statements="35" coveredstatements="26" conditionals="16" coveredconditionals="11" methods="15" coveredmethods="11"/>
      <file name="mockFuncs.js" path="/Users/paulinez/peatype/src/__test__/mockFuncs.js">
        <metrics statements="35" coveredstatements="26" conditionals="16" coveredconditionals="11" methods="15" coveredmethods="11"/>
        <line num="3" count="3" type="stmt"/>
        <line num="4" count="21" type="stmt"/>
        <line num="10" count="3" type="stmt"/>
        <line num="11" count="30" type="stmt"/>
        <line num="14" count="30" type="cond" truecount="4" falsecount="1"/>
        <line num="16" count="25" type="stmt"/>
        <line num="21" count="3" type="stmt"/>
        <line num="26" count="1" type="stmt"/>
        <line num="31" count="1" type="stmt"/>
        <line num="36" count="0" type="stmt"/>
        <line num="40" count="3" type="cond" truecount="2" falsecount="1"/>
        <line num="42" count="2" type="stmt"/>
        <line num="47" count="1" type="stmt"/>
        <line num="52" count="0" type="stmt"/>
        <line num="57" count="3" type="stmt"/>
        <line num="58" count="5" type="stmt"/>
        <line num="61" count="5" type="cond" truecount="3" falsecount="1"/>
        <line num="63" count="1" type="stmt"/>
        <line num="65" count="3" type="stmt"/>
        <line num="67" count="1" type="stmt"/>
        <line num="69" count="0" type="stmt"/>
        <line num="73" count="1" type="cond" truecount="1" falsecount="1"/>
        <line num="80" count="1" type="stmt"/>
        <line num="82" count="0" type="stmt"/>
        <line num="86" count="1" type="cond" truecount="1" falsecount="1"/>
        <line num="93" count="1" type="stmt"/>
        <line num="95" count="0" type="stmt"/>
        <line num="100" count="3" type="stmt"/>
        <line num="101" count="6" type="stmt"/>
        <line num="102" count="6" type="stmt"/>
        <line num="141" count="3" type="stmt"/>
        <line num="142" count="0" type="stmt"/>
        <line num="144" count="0" type="stmt"/>
        <line num="145" count="0" type="stmt"/>
        <line num="146" count="0" type="stmt"/>
      </file>
    </package>
  </project>
</coverage>
