{"/Users/paulinez/peatype/src/App.js": {"path":"/Users/paulinez/peatype/src/App.js","statementMap":{"0":{"start":{"line":7,"column":42},"end":{"line":7,"column":57}},"1":{"start":{"line":8,"column":42},"end":{"line":8,"column":56}},"2":{"start":{"line":9,"column":42},"end":{"line":9,"column":61}},"3":{"start":{"line":10,"column":42},"end":{"line":10,"column":54}},"4":{"start":{"line":12,"column":20},"end":{"line":12,"column":28}},"5":{"start":{"line":14,"column":25},"end":{"line":19,"column":3}},"6":{"start":{"line":15,"column":4},"end":{"line":15,"column":35}},"7":{"start":{"line":16,"column":4},"end":{"line":18,"column":50}},"8":{"start":{"line":21,"column":25},"end":{"line":27,"column":3}},"9":{"start":{"line":22,"column":4},"end":{"line":25,"column":5}},"10":{"start":{"line":23,"column":6},"end":{"line":23,"column":37}},"11":{"start":{"line":24,"column":6},"end":{"line":24,"column":33}},"12":{"start":{"line":26,"column":4},"end":{"line":26,"column":34}},"13":{"start":{"line":29,"column":2},"end":{"line":55,"column":4}},"14":{"start":{"line":34,"column":8},"end":{"line":34,"column":41}}},"fnMap":{"0":{"name":"App","decl":{"start":{"line":6,"column":9},"end":{"line":6,"column":12}},"loc":{"start":{"line":6,"column":15},"end":{"line":56,"column":1}},"line":6},"1":{"name":"(anonymous_1)","decl":{"start":{"line":14,"column":25},"end":{"line":14,"column":26}},"loc":{"start":{"line":14,"column":31},"end":{"line":19,"column":3}},"line":14},"2":{"name":"(anonymous_2)","decl":{"start":{"line":21,"column":25},"end":{"line":21,"column":26}},"loc":{"start":{"line":21,"column":41},"end":{"line":27,"column":3}},"line":21},"3":{"name":"(anonymous_3)","decl":{"start":{"line":33,"column":15},"end":{"line":33,"column":16}},"loc":{"start":{"line":33,"column":21},"end":{"line":35,"column":7}},"line":33}},"branchMap":{"0":{"loc":{"start":{"line":16,"column":4},"end":{"line":18,"column":49}},"type":"cond-expr","locations":[{"start":{"line":17,"column":8},"end":{"line":17,"column":52}},{"start":{"line":18,"column":8},"end":{"line":18,"column":49}}],"line":16},"1":{"loc":{"start":{"line":22,"column":4},"end":{"line":25,"column":5}},"type":"if","locations":[{"start":{"line":22,"column":4},"end":{"line":25,"column":5}},{"start":{},"end":{}}],"line":22},"2":{"loc":{"start":{"line":26,"column":4},"end":{"line":26,"column":33}},"type":"binary-expr","locations":[{"start":{"line":26,"column":4},"end":{"line":26,"column":8}},{"start":{"line":26,"column":12},"end":{"line":26,"column":33}}],"line":26},"3":{"loc":{"start":{"line":34,"column":8},"end":{"line":34,"column":40}},"type":"binary-expr","locations":[{"start":{"line":34,"column":8},"end":{"line":34,"column":20}},{"start":{"line":34,"column":24},"end":{"line":34,"column":40}}],"line":34},"4":{"loc":{"start":{"line":43,"column":7},"end":{"line":50,"column":7}},"type":"binary-expr","locations":[{"start":{"line":43,"column":7},"end":{"line":43,"column":19}},{"start":{"line":44,"column":8},"end":{"line":49,"column":10}}],"line":43}},"s":{"0":24,"1":24,"2":24,"3":24,"4":24,"5":24,"6":15,"7":15,"8":24,"9":3,"10":1,"11":1,"12":3,"13":24,"14":10},"f":{"0":24,"1":15,"2":3,"3":10},"b":{"0":[8,7],"1":[1,2],"2":[3,1],"3":[10,3],"4":[24,7]},"_coverageSchema":"1a1c01bbd47fc00a2c39e90264f33305004495a9","hash":"61ac19951069e4543f8ebbdbb240ba59dfa26e79"}
,"/Users/paulinez/peatype/src/Main.js": {"path":"/Users/paulinez/peatype/src/Main.js","statementMap":{"0":{"start":{"line":6,"column":28},"end":{"line":6,"column":42}},"1":{"start":{"line":7,"column":38},"end":{"line":7,"column":53}},"2":{"start":{"line":10,"column":26},"end":{"line":10,"column":41}},"3":{"start":{"line":13,"column":38},"end":{"line":13,"column":53}},"4":{"start":{"line":14,"column":28},"end":{"line":14,"column":49}},"5":{"start":{"line":17,"column":40},"end":{"line":17,"column":54}},"6":{"start":{"line":18,"column":40},"end":{"line":18,"column":54}},"7":{"start":{"line":19,"column":32},"end":{"line":19,"column":43}},"8":{"start":{"line":20,"column":32},"end":{"line":20,"column":46}},"9":{"start":{"line":21,"column":38},"end":{"line":21,"column":53}},"10":{"start":{"line":22,"column":40},"end":{"line":22,"column":54}},"11":{"start":{"line":23,"column":46},"end":{"line":23,"column":58}},"12":{"start":{"line":24,"column":40},"end":{"line":24,"column":55}},"13":{"start":{"line":25,"column":40},"end":{"line":25,"column":51}},"14":{"start":{"line":26,"column":40},"end":{"line":26,"column":55}},"15":{"start":{"line":27,"column":32},"end":{"line":27,"column":47}},"16":{"start":{"line":28,"column":28},"end":{"line":28,"column":42}},"17":{"start":{"line":31,"column":38},"end":{"line":31,"column":53}},"18":{"start":{"line":34,"column":38},"end":{"line":34,"column":49}},"19":{"start":{"line":35,"column":52},"end":{"line":35,"column":63}},"20":{"start":{"line":38,"column":27},"end":{"line":38,"column":35}},"21":{"start":{"line":39,"column":27},"end":{"line":39,"column":35}},"22":{"start":{"line":40,"column":22},"end":{"line":40,"column":30}},"23":{"start":{"line":41,"column":19},"end":{"line":41,"column":27}},"24":{"start":{"line":42,"column":31},"end":{"line":42,"column":39}},"25":{"start":{"line":43,"column":25},"end":{"line":43,"column":33}},"26":{"start":{"line":44,"column":21},"end":{"line":44,"column":29}},"27":{"start":{"line":45,"column":24},"end":{"line":45,"column":32}},"28":{"start":{"line":46,"column":18},"end":{"line":46,"column":26}},"29":{"start":{"line":47,"column":22},"end":{"line":47,"column":30}},"30":{"start":{"line":49,"column":22},"end":{"line":86,"column":3}},"31":{"start":{"line":50,"column":4},"end":{"line":52,"column":5}},"32":{"start":{"line":51,"column":6},"end":{"line":51,"column":26}},"33":{"start":{"line":54,"column":18},"end":{"line":54,"column":45}},"34":{"start":{"line":55,"column":25},"end":{"line":55,"column":58}},"35":{"start":{"line":56,"column":21},"end":{"line":56,"column":39}},"36":{"start":{"line":57,"column":26},"end":{"line":57,"column":60}},"37":{"start":{"line":58,"column":20},"end":{"line":58,"column":68}},"38":{"start":{"line":60,"column":4},"end":{"line":85,"column":5}},"39":{"start":{"line":66,"column":25},"end":{"line":66,"column":73}},"40":{"start":{"line":67,"column":6},"end":{"line":67,"column":45}},"41":{"start":{"line":68,"column":6},"end":{"line":70,"column":8}},"42":{"start":{"line":72,"column":19},"end":{"line":72,"column":49}},"43":{"start":{"line":73,"column":6},"end":{"line":73,"column":48}},"44":{"start":{"line":74,"column":6},"end":{"line":74,"column":53}},"45":{"start":{"line":75,"column":6},"end":{"line":75,"column":31}},"46":{"start":{"line":76,"column":6},"end":{"line":76,"column":94}},"47":{"start":{"line":77,"column":6},"end":{"line":77,"column":47}},"48":{"start":{"line":78,"column":6},"end":{"line":78,"column":43}},"49":{"start":{"line":79,"column":6},"end":{"line":79,"column":35}},"50":{"start":{"line":81,"column":6},"end":{"line":81,"column":66}},"51":{"start":{"line":83,"column":6},"end":{"line":83,"column":52}},"52":{"start":{"line":84,"column":6},"end":{"line":84,"column":49}},"53":{"start":{"line":88,"column":28},"end":{"line":90,"column":3}},"54":{"start":{"line":89,"column":4},"end":{"line":89,"column":40}},"55":{"start":{"line":93,"column":2},"end":{"line":135,"column":9}},"56":{"start":{"line":94,"column":21},"end":{"line":94,"column":42}},"57":{"start":{"line":95,"column":26},"end":{"line":95,"column":50}},"58":{"start":{"line":97,"column":25},"end":{"line":99,"column":5}},"59":{"start":{"line":98,"column":6},"end":{"line":98,"column":25}},"60":{"start":{"line":101,"column":24},"end":{"line":106,"column":5}},"61":{"start":{"line":102,"column":20},"end":{"line":102,"column":53}},"62":{"start":{"line":103,"column":6},"end":{"line":105,"column":7}},"63":{"start":{"line":104,"column":8},"end":{"line":104,"column":24}},"64":{"start":{"line":108,"column":23},"end":{"line":108,"column":76}},"65":{"start":{"line":110,"column":25},"end":{"line":110,"column":47}},"66":{"start":{"line":110,"column":31},"end":{"line":110,"column":47}},"67":{"start":{"line":112,"column":25},"end":{"line":121,"column":5}},"68":{"start":{"line":113,"column":6},"end":{"line":116,"column":7}},"69":{"start":{"line":114,"column":8},"end":{"line":114,"column":36}},"70":{"start":{"line":115,"column":8},"end":{"line":115,"column":55}},"71":{"start":{"line":117,"column":6},"end":{"line":120,"column":7}},"72":{"start":{"line":118,"column":8},"end":{"line":118,"column":32}},"73":{"start":{"line":119,"column":8},"end":{"line":119,"column":51}},"74":{"start":{"line":123,"column":4},"end":{"line":123,"column":54}},"75":{"start":{"line":124,"column":4},"end":{"line":124,"column":80}},"76":{"start":{"line":124,"column":33},"end":{"line":124,"column":78}},"77":{"start":{"line":125,"column":4},"end":{"line":125,"column":59}},"78":{"start":{"line":126,"column":4},"end":{"line":126,"column":52}},"79":{"start":{"line":127,"column":4},"end":{"line":127,"column":53}},"80":{"start":{"line":128,"column":4},"end":{"line":134,"column":6}},"81":{"start":{"line":129,"column":6},"end":{"line":129,"column":59}},"82":{"start":{"line":130,"column":6},"end":{"line":130,"column":85}},"83":{"start":{"line":130,"column":35},"end":{"line":130,"column":83}},"84":{"start":{"line":131,"column":6},"end":{"line":131,"column":64}},"85":{"start":{"line":132,"column":6},"end":{"line":132,"column":57}},"86":{"start":{"line":133,"column":6},"end":{"line":133,"column":58}},"87":{"start":{"line":138,"column":2},"end":{"line":140,"column":34}},"88":{"start":{"line":139,"column":4},"end":{"line":139,"column":19}},"89":{"start":{"line":142,"column":2},"end":{"line":164,"column":27}},"90":{"start":{"line":143,"column":4},"end":{"line":163,"column":5}},"91":{"start":{"line":144,"column":6},"end":{"line":144,"column":47}},"92":{"start":{"line":145,"column":6},"end":{"line":145,"column":48}},"93":{"start":{"line":146,"column":6},"end":{"line":148,"column":7}},"94":{"start":{"line":147,"column":8},"end":{"line":147,"column":90}},"95":{"start":{"line":149,"column":6},"end":{"line":151,"column":9}},"96":{"start":{"line":150,"column":8},"end":{"line":150,"column":36}},"97":{"start":{"line":152,"column":6},"end":{"line":152,"column":20}},"98":{"start":{"line":153,"column":6},"end":{"line":153,"column":23}},"99":{"start":{"line":154,"column":6},"end":{"line":154,"column":30}},"100":{"start":{"line":155,"column":6},"end":{"line":155,"column":27}},"101":{"start":{"line":156,"column":6},"end":{"line":156,"column":27}},"102":{"start":{"line":157,"column":6},"end":{"line":157,"column":27}},"103":{"start":{"line":158,"column":6},"end":{"line":158,"column":28}},"104":{"start":{"line":159,"column":6},"end":{"line":159,"column":27}},"105":{"start":{"line":160,"column":6},"end":{"line":160,"column":22}},"106":{"start":{"line":162,"column":6},"end":{"line":162,"column":26}},"107":{"start":{"line":167,"column":2},"end":{"line":190,"column":34}},"108":{"start":{"line":168,"column":4},"end":{"line":189,"column":9}},"109":{"start":{"line":175,"column":8},"end":{"line":175,"column":34}},"110":{"start":{"line":176,"column":8},"end":{"line":176,"column":34}},"111":{"start":{"line":177,"column":8},"end":{"line":177,"column":50}},"112":{"start":{"line":178,"column":8},"end":{"line":178,"column":23}},"113":{"start":{"line":179,"column":8},"end":{"line":179,"column":25}},"114":{"start":{"line":181,"column":8},"end":{"line":185,"column":9}},"115":{"start":{"line":182,"column":10},"end":{"line":182,"column":60}},"116":{"start":{"line":184,"column":10},"end":{"line":184,"column":63}},"117":{"start":{"line":188,"column":8},"end":{"line":188,"column":51}},"118":{"start":{"line":193,"column":2},"end":{"line":240,"column":89}},"119":{"start":{"line":194,"column":4},"end":{"line":239,"column":5}},"120":{"start":{"line":197,"column":25},"end":{"line":197,"column":54}},"121":{"start":{"line":198,"column":6},"end":{"line":198,"column":54}},"122":{"start":{"line":199,"column":26},"end":{"line":199,"column":72}},"123":{"start":{"line":200,"column":6},"end":{"line":204,"column":9}},"124":{"start":{"line":201,"column":8},"end":{"line":201,"column":38}},"125":{"start":{"line":202,"column":8},"end":{"line":202,"column":44}},"126":{"start":{"line":203,"column":8},"end":{"line":203,"column":37}},"127":{"start":{"line":205,"column":6},"end":{"line":205,"column":53}},"128":{"start":{"line":208,"column":6},"end":{"line":210,"column":9}},"129":{"start":{"line":209,"column":8},"end":{"line":209,"column":36}},"130":{"start":{"line":211,"column":6},"end":{"line":211,"column":20}},"131":{"start":{"line":212,"column":6},"end":{"line":212,"column":27}},"132":{"start":{"line":213,"column":6},"end":{"line":213,"column":34}},"133":{"start":{"line":214,"column":6},"end":{"line":214,"column":23}},"134":{"start":{"line":217,"column":6},"end":{"line":237,"column":7}},"135":{"start":{"line":218,"column":23},"end":{"line":218,"column":50}},"136":{"start":{"line":219,"column":8},"end":{"line":219,"column":33}},"137":{"start":{"line":220,"column":8},"end":{"line":224,"column":9}},"138":{"start":{"line":221,"column":10},"end":{"line":221,"column":32}},"139":{"start":{"line":223,"column":10},"end":{"line":223,"column":42}},"140":{"start":{"line":225,"column":8},"end":{"line":225,"column":23}},"141":{"start":{"line":227,"column":8},"end":{"line":236,"column":13}},"142":{"start":{"line":230,"column":12},"end":{"line":230,"column":27}},"143":{"start":{"line":231,"column":12},"end":{"line":231,"column":34}},"144":{"start":{"line":232,"column":12},"end":{"line":232,"column":58}},"145":{"start":{"line":235,"column":12},"end":{"line":235,"column":59}},"146":{"start":{"line":238,"column":6},"end":{"line":238,"column":28}},"147":{"start":{"line":243,"column":2},"end":{"line":254,"column":29}},"148":{"start":{"line":244,"column":4},"end":{"line":253,"column":5}},"149":{"start":{"line":245,"column":6},"end":{"line":245,"column":40}},"150":{"start":{"line":246,"column":6},"end":{"line":246,"column":40}},"151":{"start":{"line":247,"column":6},"end":{"line":247,"column":23}},"152":{"start":{"line":248,"column":6},"end":{"line":251,"column":7}},"153":{"start":{"line":249,"column":8},"end":{"line":249,"column":26}},"154":{"start":{"line":250,"column":8},"end":{"line":250,"column":29}},"155":{"start":{"line":252,"column":6},"end":{"line":252,"column":21}},"156":{"start":{"line":257,"column":2},"end":{"line":281,"column":40}},"157":{"start":{"line":259,"column":4},"end":{"line":276,"column":5}},"158":{"start":{"line":260,"column":24},"end":{"line":260,"column":34}},"159":{"start":{"line":261,"column":6},"end":{"line":275,"column":15}},"160":{"start":{"line":262,"column":28},"end":{"line":262,"column":38}},"161":{"start":{"line":263,"column":25},"end":{"line":263,"column":77}},"162":{"start":{"line":264,"column":8},"end":{"line":264,"column":27}},"163":{"start":{"line":265,"column":8},"end":{"line":267,"column":9}},"164":{"start":{"line":266,"column":10},"end":{"line":266,"column":47}},"165":{"start":{"line":268,"column":8},"end":{"line":274,"column":9}},"166":{"start":{"line":269,"column":10},"end":{"line":269,"column":49}},"167":{"start":{"line":270,"column":10},"end":{"line":270,"column":34}},"168":{"start":{"line":271,"column":10},"end":{"line":271,"column":31}},"169":{"start":{"line":272,"column":10},"end":{"line":272,"column":31}},"170":{"start":{"line":273,"column":10},"end":{"line":273,"column":30}},"171":{"start":{"line":278,"column":4},"end":{"line":280,"column":6}},"172":{"start":{"line":279,"column":6},"end":{"line":279,"column":30}},"173":{"start":{"line":284,"column":2},"end":{"line":286,"column":19}},"174":{"start":{"line":285,"column":4},"end":{"line":285,"column":48}},"175":{"start":{"line":289,"column":2},"end":{"line":295,"column":33}},"176":{"start":{"line":290,"column":4},"end":{"line":294,"column":5}},"177":{"start":{"line":291,"column":6},"end":{"line":291,"column":26}},"178":{"start":{"line":293,"column":6},"end":{"line":293,"column":27}},"179":{"start":{"line":298,"column":2},"end":{"line":307,"column":36}},"180":{"start":{"line":299,"column":4},"end":{"line":306,"column":5}},"181":{"start":{"line":300,"column":6},"end":{"line":300,"column":42}},"182":{"start":{"line":301,"column":6},"end":{"line":301,"column":39}},"183":{"start":{"line":303,"column":6},"end":{"line":305,"column":7}},"184":{"start":{"line":304,"column":8},"end":{"line":304,"column":28}},"185":{"start":{"line":310,"column":2},"end":{"line":324,"column":16}},"186":{"start":{"line":311,"column":4},"end":{"line":323,"column":5}},"187":{"start":{"line":312,"column":21},"end":{"line":312,"column":67}},"188":{"start":{"line":313,"column":24},"end":{"line":313,"column":52}},"189":{"start":{"line":314,"column":6},"end":{"line":322,"column":9}},"190":{"start":{"line":315,"column":24},"end":{"line":315,"column":55}},"191":{"start":{"line":316,"column":8},"end":{"line":320,"column":9}},"192":{"start":{"line":317,"column":10},"end":{"line":317,"column":39}},"193":{"start":{"line":319,"column":10},"end":{"line":319,"column":42}},"194":{"start":{"line":321,"column":8},"end":{"line":321,"column":26}},"195":{"start":{"line":326,"column":2},"end":{"line":429,"column":4}},"196":{"start":{"line":335,"column":12},"end":{"line":335,"column":33}},"197":{"start":{"line":336,"column":12},"end":{"line":336,"column":26}},"198":{"start":{"line":337,"column":12},"end":{"line":337,"column":27}},"199":{"start":{"line":351,"column":12},"end":{"line":351,"column":33}},"200":{"start":{"line":352,"column":12},"end":{"line":352,"column":34}},"201":{"start":{"line":353,"column":12},"end":{"line":353,"column":34}},"202":{"start":{"line":354,"column":12},"end":{"line":354,"column":30}},"203":{"start":{"line":355,"column":12},"end":{"line":355,"column":27}},"204":{"start":{"line":356,"column":12},"end":{"line":356,"column":41}},"205":{"start":{"line":385,"column":16},"end":{"line":394,"column":18}},"206":{"start":{"line":405,"column":25},"end":{"line":405,"column":54}}},"fnMap":{"0":{"name":"Main","decl":{"start":{"line":4,"column":24},"end":{"line":4,"column":28}},"loc":{"start":{"line":4,"column":74},"end":{"line":430,"column":1}},"line":4},"1":{"name":"(anonymous_1)","decl":{"start":{"line":49,"column":22},"end":{"line":49,"column":23}},"loc":{"start":{"line":49,"column":29},"end":{"line":86,"column":3}},"line":49},"2":{"name":"(anonymous_2)","decl":{"start":{"line":88,"column":28},"end":{"line":88,"column":29}},"loc":{"start":{"line":88,"column":35},"end":{"line":90,"column":3}},"line":88},"3":{"name":"(anonymous_3)","decl":{"start":{"line":93,"column":12},"end":{"line":93,"column":13}},"loc":{"start":{"line":93,"column":18},"end":{"line":135,"column":3}},"line":93},"4":{"name":"(anonymous_4)","decl":{"start":{"line":97,"column":25},"end":{"line":97,"column":26}},"loc":{"start":{"line":97,"column":32},"end":{"line":99,"column":5}},"line":97},"5":{"name":"(anonymous_5)","decl":{"start":{"line":101,"column":24},"end":{"line":101,"column":25}},"loc":{"start":{"line":101,"column":31},"end":{"line":106,"column":5}},"line":101},"6":{"name":"(anonymous_6)","decl":{"start":{"line":110,"column":25},"end":{"line":110,"column":26}},"loc":{"start":{"line":110,"column":31},"end":{"line":110,"column":47}},"line":110},"7":{"name":"(anonymous_7)","decl":{"start":{"line":112,"column":25},"end":{"line":112,"column":26}},"loc":{"start":{"line":112,"column":32},"end":{"line":121,"column":5}},"line":112},"8":{"name":"(anonymous_8)","decl":{"start":{"line":124,"column":23},"end":{"line":124,"column":24}},"loc":{"start":{"line":124,"column":33},"end":{"line":124,"column":78}},"line":124},"9":{"name":"(anonymous_9)","decl":{"start":{"line":128,"column":11},"end":{"line":128,"column":12}},"loc":{"start":{"line":128,"column":17},"end":{"line":134,"column":5}},"line":128},"10":{"name":"(anonymous_10)","decl":{"start":{"line":130,"column":25},"end":{"line":130,"column":26}},"loc":{"start":{"line":130,"column":35},"end":{"line":130,"column":83}},"line":130},"11":{"name":"(anonymous_11)","decl":{"start":{"line":138,"column":12},"end":{"line":138,"column":13}},"loc":{"start":{"line":138,"column":18},"end":{"line":140,"column":3}},"line":138},"12":{"name":"(anonymous_12)","decl":{"start":{"line":142,"column":12},"end":{"line":142,"column":13}},"loc":{"start":{"line":142,"column":18},"end":{"line":164,"column":3}},"line":142},"13":{"name":"(anonymous_13)","decl":{"start":{"line":149,"column":55},"end":{"line":149,"column":56}},"loc":{"start":{"line":149,"column":66},"end":{"line":151,"column":7}},"line":149},"14":{"name":"(anonymous_14)","decl":{"start":{"line":167,"column":12},"end":{"line":167,"column":13}},"loc":{"start":{"line":167,"column":18},"end":{"line":190,"column":3}},"line":167},"15":{"name":"(anonymous_15)","decl":{"start":{"line":170,"column":12},"end":{"line":170,"column":13}},"loc":{"start":{"line":170,"column":24},"end":{"line":186,"column":7}},"line":170},"16":{"name":"(anonymous_16)","decl":{"start":{"line":187,"column":13},"end":{"line":187,"column":14}},"loc":{"start":{"line":187,"column":19},"end":{"line":189,"column":7}},"line":187},"17":{"name":"(anonymous_17)","decl":{"start":{"line":193,"column":12},"end":{"line":193,"column":13}},"loc":{"start":{"line":193,"column":18},"end":{"line":240,"column":3}},"line":193},"18":{"name":"(anonymous_18)","decl":{"start":{"line":200,"column":38},"end":{"line":200,"column":39}},"loc":{"start":{"line":200,"column":48},"end":{"line":204,"column":7}},"line":200},"19":{"name":"(anonymous_19)","decl":{"start":{"line":208,"column":55},"end":{"line":208,"column":56}},"loc":{"start":{"line":208,"column":66},"end":{"line":210,"column":7}},"line":208},"20":{"name":"(anonymous_20)","decl":{"start":{"line":229,"column":16},"end":{"line":229,"column":17}},"loc":{"start":{"line":229,"column":27},"end":{"line":233,"column":11}},"line":229},"21":{"name":"(anonymous_21)","decl":{"start":{"line":234,"column":17},"end":{"line":234,"column":18}},"loc":{"start":{"line":234,"column":23},"end":{"line":236,"column":11}},"line":234},"22":{"name":"(anonymous_22)","decl":{"start":{"line":243,"column":12},"end":{"line":243,"column":13}},"loc":{"start":{"line":243,"column":18},"end":{"line":254,"column":3}},"line":243},"23":{"name":"(anonymous_23)","decl":{"start":{"line":257,"column":12},"end":{"line":257,"column":13}},"loc":{"start":{"line":257,"column":18},"end":{"line":281,"column":3}},"line":257},"24":{"name":"(anonymous_24)","decl":{"start":{"line":261,"column":29},"end":{"line":261,"column":30}},"loc":{"start":{"line":261,"column":35},"end":{"line":275,"column":7}},"line":261},"25":{"name":"(anonymous_25)","decl":{"start":{"line":278,"column":11},"end":{"line":278,"column":12}},"loc":{"start":{"line":278,"column":17},"end":{"line":280,"column":5}},"line":278},"26":{"name":"(anonymous_26)","decl":{"start":{"line":284,"column":12},"end":{"line":284,"column":13}},"loc":{"start":{"line":284,"column":18},"end":{"line":286,"column":3}},"line":284},"27":{"name":"(anonymous_27)","decl":{"start":{"line":289,"column":12},"end":{"line":289,"column":13}},"loc":{"start":{"line":289,"column":18},"end":{"line":295,"column":3}},"line":289},"28":{"name":"(anonymous_28)","decl":{"start":{"line":298,"column":12},"end":{"line":298,"column":13}},"loc":{"start":{"line":298,"column":18},"end":{"line":307,"column":3}},"line":298},"29":{"name":"(anonymous_29)","decl":{"start":{"line":310,"column":12},"end":{"line":310,"column":13}},"loc":{"start":{"line":310,"column":18},"end":{"line":324,"column":3}},"line":310},"30":{"name":"(anonymous_30)","decl":{"start":{"line":314,"column":38},"end":{"line":314,"column":39}},"loc":{"start":{"line":314,"column":47},"end":{"line":322,"column":7}},"line":314},"31":{"name":"(anonymous_31)","decl":{"start":{"line":334,"column":19},"end":{"line":334,"column":20}},"loc":{"start":{"line":334,"column":26},"end":{"line":338,"column":11}},"line":334},"32":{"name":"(anonymous_32)","decl":{"start":{"line":350,"column":19},"end":{"line":350,"column":20}},"loc":{"start":{"line":350,"column":26},"end":{"line":357,"column":11}},"line":350},"33":{"name":"(anonymous_33)","decl":{"start":{"line":384,"column":30},"end":{"line":384,"column":31}},"loc":{"start":{"line":384,"column":44},"end":{"line":395,"column":15}},"line":384},"34":{"name":"(anonymous_34)","decl":{"start":{"line":405,"column":19},"end":{"line":405,"column":20}},"loc":{"start":{"line":405,"column":25},"end":{"line":405,"column":54}},"line":405}},"branchMap":{"0":{"loc":{"start":{"line":50,"column":4},"end":{"line":52,"column":5}},"type":"if","locations":[{"start":{"line":50,"column":4},"end":{"line":52,"column":5}},{"start":{},"end":{}}],"line":50},"1":{"loc":{"start":{"line":55,"column":25},"end":{"line":55,"column":58}},"type":"cond-expr","locations":[{"start":{"line":55,"column":38},"end":{"line":55,"column":43}},{"start":{"line":55,"column":46},"end":{"line":55,"column":58}}],"line":55},"2":{"loc":{"start":{"line":58,"column":20},"end":{"line":58,"column":68}},"type":"cond-expr","locations":[{"start":{"line":58,"column":53},"end":{"line":58,"column":60}},{"start":{"line":58,"column":63},"end":{"line":58,"column":68}}],"line":58},"3":{"loc":{"start":{"line":60,"column":4},"end":{"line":85,"column":5}},"type":"if","locations":[{"start":{"line":60,"column":4},"end":{"line":85,"column":5}},{"start":{"line":82,"column":11},"end":{"line":85,"column":5}}],"line":60},"4":{"loc":{"start":{"line":61,"column":6},"end":{"line":63,"column":78}},"type":"binary-expr","locations":[{"start":{"line":61,"column":7},"end":{"line":61,"column":18}},{"start":{"line":61,"column":22},"end":{"line":61,"column":38}},{"start":{"line":62,"column":7},"end":{"line":62,"column":17}},{"start":{"line":62,"column":21},"end":{"line":62,"column":55}},{"start":{"line":63,"column":7},"end":{"line":63,"column":17}},{"start":{"line":63,"column":21},"end":{"line":63,"column":42}},{"start":{"line":63,"column":46},"end":{"line":63,"column":77}}],"line":61},"5":{"loc":{"start":{"line":66,"column":25},"end":{"line":66,"column":73}},"type":"cond-expr","locations":[{"start":{"line":66,"column":38},"end":{"line":66,"column":52}},{"start":{"line":66,"column":55},"end":{"line":66,"column":73}}],"line":66},"6":{"loc":{"start":{"line":81,"column":6},"end":{"line":81,"column":65}},"type":"cond-expr","locations":[{"start":{"line":81,"column":19},"end":{"line":81,"column":39}},{"start":{"line":81,"column":42},"end":{"line":81,"column":65}}],"line":81},"7":{"loc":{"start":{"line":103,"column":6},"end":{"line":105,"column":7}},"type":"if","locations":[{"start":{"line":103,"column":6},"end":{"line":105,"column":7}},{"start":{},"end":{}}],"line":103},"8":{"loc":{"start":{"line":103,"column":10},"end":{"line":103,"column":83}},"type":"binary-expr","locations":[{"start":{"line":103,"column":10},"end":{"line":103,"column":27}},{"start":{"line":103,"column":32},"end":{"line":103,"column":45}},{"start":{"line":103,"column":49},"end":{"line":103,"column":61}},{"start":{"line":103,"column":66},"end":{"line":103,"column":83}}],"line":103},"9":{"loc":{"start":{"line":113,"column":6},"end":{"line":116,"column":7}},"type":"if","locations":[{"start":{"line":113,"column":6},"end":{"line":116,"column":7}},{"start":{},"end":{}}],"line":113},"10":{"loc":{"start":{"line":113,"column":10},"end":{"line":113,"column":36}},"type":"binary-expr","locations":[{"start":{"line":113,"column":10},"end":{"line":113,"column":19}},{"start":{"line":113,"column":23},"end":{"line":113,"column":36}}],"line":113},"11":{"loc":{"start":{"line":117,"column":6},"end":{"line":120,"column":7}},"type":"if","locations":[{"start":{"line":117,"column":6},"end":{"line":120,"column":7}},{"start":{},"end":{}}],"line":117},"12":{"loc":{"start":{"line":117,"column":10},"end":{"line":117,"column":36}},"type":"binary-expr","locations":[{"start":{"line":117,"column":10},"end":{"line":117,"column":19}},{"start":{"line":117,"column":23},"end":{"line":117,"column":36}}],"line":117},"13":{"loc":{"start":{"line":143,"column":4},"end":{"line":163,"column":5}},"type":"if","locations":[{"start":{"line":143,"column":4},"end":{"line":163,"column":5}},{"start":{"line":161,"column":11},"end":{"line":163,"column":5}}],"line":143},"14":{"loc":{"start":{"line":181,"column":8},"end":{"line":185,"column":9}},"type":"if","locations":[{"start":{"line":181,"column":8},"end":{"line":185,"column":9}},{"start":{"line":183,"column":15},"end":{"line":185,"column":9}}],"line":181},"15":{"loc":{"start":{"line":194,"column":4},"end":{"line":239,"column":5}},"type":"if","locations":[{"start":{"line":194,"column":4},"end":{"line":239,"column":5}},{"start":{},"end":{}}],"line":194},"16":{"loc":{"start":{"line":217,"column":6},"end":{"line":237,"column":7}},"type":"if","locations":[{"start":{"line":217,"column":6},"end":{"line":237,"column":7}},{"start":{"line":226,"column":13},"end":{"line":237,"column":7}}],"line":217},"17":{"loc":{"start":{"line":220,"column":8},"end":{"line":224,"column":9}},"type":"if","locations":[{"start":{"line":220,"column":8},"end":{"line":224,"column":9}},{"start":{"line":222,"column":15},"end":{"line":224,"column":9}}],"line":220},"18":{"loc":{"start":{"line":244,"column":4},"end":{"line":253,"column":5}},"type":"if","locations":[{"start":{"line":244,"column":4},"end":{"line":253,"column":5}},{"start":{},"end":{}}],"line":244},"19":{"loc":{"start":{"line":248,"column":6},"end":{"line":251,"column":7}},"type":"if","locations":[{"start":{"line":248,"column":6},"end":{"line":251,"column":7}},{"start":{},"end":{}}],"line":248},"20":{"loc":{"start":{"line":259,"column":4},"end":{"line":276,"column":5}},"type":"if","locations":[{"start":{"line":259,"column":4},"end":{"line":276,"column":5}},{"start":{},"end":{}}],"line":259},"21":{"loc":{"start":{"line":259,"column":8},"end":{"line":259,"column":35}},"type":"binary-expr","locations":[{"start":{"line":259,"column":8},"end":{"line":259,"column":18}},{"start":{"line":259,"column":22},"end":{"line":259,"column":35}}],"line":259},"22":{"loc":{"start":{"line":265,"column":8},"end":{"line":267,"column":9}},"type":"if","locations":[{"start":{"line":265,"column":8},"end":{"line":267,"column":9}},{"start":{},"end":{}}],"line":265},"23":{"loc":{"start":{"line":268,"column":8},"end":{"line":274,"column":9}},"type":"if","locations":[{"start":{"line":268,"column":8},"end":{"line":274,"column":9}},{"start":{},"end":{}}],"line":268},"24":{"loc":{"start":{"line":285,"column":4},"end":{"line":285,"column":47}},"type":"binary-expr","locations":[{"start":{"line":285,"column":4},"end":{"line":285,"column":14}},{"start":{"line":285,"column":18},"end":{"line":285,"column":47}}],"line":285},"25":{"loc":{"start":{"line":290,"column":4},"end":{"line":294,"column":5}},"type":"if","locations":[{"start":{"line":290,"column":4},"end":{"line":294,"column":5}},{"start":{"line":292,"column":11},"end":{"line":294,"column":5}}],"line":290},"26":{"loc":{"start":{"line":290,"column":8},"end":{"line":290,"column":36}},"type":"binary-expr","locations":[{"start":{"line":290,"column":8},"end":{"line":290,"column":19}},{"start":{"line":290,"column":23},"end":{"line":290,"column":36}}],"line":290},"27":{"loc":{"start":{"line":299,"column":4},"end":{"line":306,"column":5}},"type":"if","locations":[{"start":{"line":299,"column":4},"end":{"line":306,"column":5}},{"start":{},"end":{}}],"line":299},"28":{"loc":{"start":{"line":303,"column":6},"end":{"line":305,"column":7}},"type":"if","locations":[{"start":{"line":303,"column":6},"end":{"line":305,"column":7}},{"start":{},"end":{}}],"line":303},"29":{"loc":{"start":{"line":311,"column":4},"end":{"line":323,"column":5}},"type":"if","locations":[{"start":{"line":311,"column":4},"end":{"line":323,"column":5}},{"start":{},"end":{}}],"line":311},"30":{"loc":{"start":{"line":316,"column":8},"end":{"line":320,"column":9}},"type":"if","locations":[{"start":{"line":316,"column":8},"end":{"line":320,"column":9}},{"start":{"line":318,"column":15},"end":{"line":320,"column":9}}],"line":316},"31":{"loc":{"start":{"line":362,"column":7},"end":{"line":366,"column":7}},"type":"binary-expr","locations":[{"start":{"line":362,"column":7},"end":{"line":362,"column":18}},{"start":{"line":363,"column":8},"end":{"line":365,"column":18}}],"line":362},"32":{"loc":{"start":{"line":367,"column":7},"end":{"line":374,"column":7}},"type":"binary-expr","locations":[{"start":{"line":367,"column":7},"end":{"line":367,"column":17}},{"start":{"line":368,"column":8},"end":{"line":373,"column":18}}],"line":367},"33":{"loc":{"start":{"line":371,"column":18},"end":{"line":371,"column":86}},"type":"cond-expr","locations":[{"start":{"line":371,"column":32},"end":{"line":371,"column":33}},{"start":{"line":371,"column":36},"end":{"line":371,"column":86}}],"line":371},"34":{"loc":{"start":{"line":375,"column":7},"end":{"line":379,"column":7}},"type":"binary-expr","locations":[{"start":{"line":375,"column":7},"end":{"line":375,"column":12}},{"start":{"line":376,"column":8},"end":{"line":378,"column":18}}],"line":375},"35":{"loc":{"start":{"line":383,"column":13},"end":{"line":395,"column":16}},"type":"binary-expr","locations":[{"start":{"line":383,"column":13},"end":{"line":383,"column":24}},{"start":{"line":384,"column":14},"end":{"line":395,"column":16}}],"line":383},"36":{"loc":{"start":{"line":387,"column":33},"end":{"line":387,"column":72}},"type":"cond-expr","locations":[{"start":{"line":387,"column":51},"end":{"line":387,"column":60}},{"start":{"line":387,"column":63},"end":{"line":387,"column":72}}],"line":387},"37":{"loc":{"start":{"line":388,"column":25},"end":{"line":388,"column":65}},"type":"cond-expr","locations":[{"start":{"line":388,"column":43},"end":{"line":388,"column":53}},{"start":{"line":388,"column":56},"end":{"line":388,"column":65}}],"line":388},"38":{"loc":{"start":{"line":389,"column":31},"end":{"line":389,"column":71}},"type":"cond-expr","locations":[{"start":{"line":389,"column":49},"end":{"line":389,"column":59}},{"start":{"line":389,"column":62},"end":{"line":389,"column":71}}],"line":389},"39":{"loc":{"start":{"line":398,"column":13},"end":{"line":398,"column":48}},"type":"binary-expr","locations":[{"start":{"line":398,"column":13},"end":{"line":398,"column":24}},{"start":{"line":398,"column":28},"end":{"line":398,"column":48}}],"line":398}},"s":{"0":549,"1":549,"2":549,"3":549,"4":549,"5":549,"6":549,"7":549,"8":549,"9":549,"10":549,"11":549,"12":549,"13":549,"14":549,"15":549,"16":549,"17":549,"18":549,"19":549,"20":549,"21":549,"22":549,"23":549,"24":549,"25":549,"26":549,"27":549,"28":549,"29":549,"30":549,"31":183,"32":75,"33":183,"34":183,"35":183,"36":183,"37":183,"38":183,"39":27,"40":27,"41":27,"42":27,"43":27,"44":27,"45":27,"46":27,"47":27,"48":27,"49":27,"50":27,"51":156,"52":156,"53":549,"54":10,"55":549,"56":40,"57":40,"58":40,"59":14,"60":40,"61":190,"62":190,"63":2,"64":40,"65":40,"66":1,"67":40,"68":190,"69":1,"70":1,"71":190,"72":1,"73":1,"74":40,"75":40,"76":240,"77":40,"78":40,"79":40,"80":40,"81":40,"82":40,"83":240,"84":40,"85":40,"86":40,"87":549,"88":41,"89":549,"90":95,"91":47,"92":47,"93":47,"94":3,"95":47,"96":21,"97":47,"98":47,"99":47,"100":47,"101":47,"102":47,"103":47,"104":47,"105":47,"106":48,"107":549,"108":44,"109":43,"110":43,"111":43,"112":43,"113":43,"114":43,"115":1,"116":42,"117":1,"118":549,"119":157,"120":8,"121":8,"122":8,"123":8,"124":16,"125":16,"126":16,"127":8,"128":8,"129":24,"130":8,"131":8,"132":8,"133":8,"134":8,"135":2,"136":2,"137":2,"138":1,"139":1,"140":2,"141":6,"142":5,"143":5,"144":5,"145":1,"146":8,"147":549,"148":97,"149":3,"150":3,"151":3,"152":3,"153":1,"154":1,"155":3,"156":549,"157":97,"158":35,"159":35,"160":9,"161":9,"162":9,"163":9,"164":8,"165":9,"166":6,"167":6,"168":6,"169":6,"170":6,"171":97,"172":97,"173":549,"174":111,"175":549,"176":61,"177":48,"178":13,"179":549,"180":164,"181":84,"182":84,"183":84,"184":19,"185":549,"186":150,"187":55,"188":55,"189":55,"190":389,"191":389,"192":15,"193":374,"194":389,"195":549,"196":3,"197":3,"198":3,"199":3,"200":3,"201":3,"202":3,"203":3,"204":3,"205":2768,"206":1},"f":{"0":549,"1":183,"2":10,"3":40,"4":14,"5":190,"6":1,"7":190,"8":240,"9":40,"10":240,"11":41,"12":95,"13":21,"14":44,"15":43,"16":1,"17":157,"18":16,"19":24,"20":5,"21":1,"22":97,"23":97,"24":9,"25":97,"26":111,"27":61,"28":164,"29":150,"30":389,"31":3,"32":3,"33":2768,"34":1},"b":{"0":[75,108],"1":[60,123],"2":[156,27],"3":[27,156],"4":[183,123,164,60,157,53,4],"5":[8,19],"6":[8,19],"7":[2,188],"8":[190,190,20,189],"9":[1,189],"10":[190,4],"11":[1,189],"12":[190,4],"13":[47,48],"14":[1,42],"15":[8,149],"16":[2,6],"17":[1,1],"18":[3,94],"19":[1,2],"20":[35,62],"21":[97,37],"22":[8,1],"23":[6,3],"24":[111,53],"25":[48,13],"26":[61,55],"27":[84,80],"28":[19,65],"29":[55,95],"30":[15,374],"31":[549,535],"32":[549,14],"33":[4,10],"34":[549,2],"35":[549,428],"36":[428,2340],"37":[428,2340],"38":[428,2340],"39":[549,389]},"_coverageSchema":"1a1c01bbd47fc00a2c39e90264f33305004495a9","hash":"1767c1df88fd9f4ca848e86a82a027f304e263ec"}
,"/Users/paulinez/peatype/src/Settings.js": {"path":"/Users/paulinez/peatype/src/Settings.js","statementMap":{"0":{"start":{"line":5,"column":34},"end":{"line":5,"column":48}},"1":{"start":{"line":6,"column":42},"end":{"line":6,"column":57}},"2":{"start":{"line":7,"column":36},"end":{"line":7,"column":48}},"3":{"start":{"line":8,"column":42},"end":{"line":8,"column":56}},"4":{"start":{"line":9,"column":32},"end":{"line":9,"column":46}},"5":{"start":{"line":10,"column":36},"end":{"line":10,"column":50}},"6":{"start":{"line":11,"column":26},"end":{"line":11,"column":48}},"7":{"start":{"line":13,"column":22},"end":{"line":13,"column":30}},"8":{"start":{"line":15,"column":2},"end":{"line":21,"column":9}},"9":{"start":{"line":16,"column":4},"end":{"line":20,"column":9}},"10":{"start":{"line":17,"column":19},"end":{"line":17,"column":44}},"11":{"start":{"line":18,"column":6},"end":{"line":18,"column":24}},"12":{"start":{"line":19,"column":6},"end":{"line":19,"column":28}},"13":{"start":{"line":23,"column":24},"end":{"line":26,"column":3}},"14":{"start":{"line":24,"column":4},"end":{"line":24,"column":27}},"15":{"start":{"line":25,"column":4},"end":{"line":25,"column":21}},"16":{"start":{"line":28,"column":23},"end":{"line":30,"column":3}},"17":{"start":{"line":29,"column":4},"end":{"line":29,"column":26}},"18":{"start":{"line":32,"column":21},"end":{"line":37,"column":3}},"19":{"start":{"line":33,"column":4},"end":{"line":33,"column":28}},"20":{"start":{"line":34,"column":4},"end":{"line":34,"column":21}},"21":{"start":{"line":35,"column":4},"end":{"line":35,"column":28}},"22":{"start":{"line":36,"column":4},"end":{"line":36,"column":20}},"23":{"start":{"line":39,"column":27},"end":{"line":58,"column":3}},"24":{"start":{"line":40,"column":18},"end":{"line":40,"column":32}},"25":{"start":{"line":41,"column":4},"end":{"line":41,"column":24}},"26":{"start":{"line":42,"column":4},"end":{"line":57,"column":5}},"27":{"start":{"line":43,"column":22},"end":{"line":47,"column":8}},"28":{"start":{"line":44,"column":20},"end":{"line":44,"column":39}},"29":{"start":{"line":45,"column":21},"end":{"line":45,"column":69}},"30":{"start":{"line":46,"column":8},"end":{"line":46,"column":28}},"31":{"start":{"line":49,"column":6},"end":{"line":54,"column":7}},"32":{"start":{"line":50,"column":8},"end":{"line":50,"column":33}},"33":{"start":{"line":51,"column":8},"end":{"line":51,"column":23}},"34":{"start":{"line":53,"column":8},"end":{"line":53,"column":24}},"35":{"start":{"line":56,"column":6},"end":{"line":56,"column":32}},"36":{"start":{"line":60,"column":28},"end":{"line":90,"column":3}},"37":{"start":{"line":61,"column":16},"end":{"line":61,"column":21}},"38":{"start":{"line":62,"column":17},"end":{"line":62,"column":61}},"39":{"start":{"line":63,"column":21},"end":{"line":63,"column":52}},"40":{"start":{"line":65,"column":4},"end":{"line":65,"column":73}},"41":{"start":{"line":65,"column":66},"end":{"line":65,"column":73}},"42":{"start":{"line":67,"column":4},"end":{"line":67,"column":74}},"43":{"start":{"line":67,"column":67},"end":{"line":67,"column":74}},"44":{"start":{"line":68,"column":4},"end":{"line":68,"column":72}},"45":{"start":{"line":68,"column":65},"end":{"line":68,"column":72}},"46":{"start":{"line":70,"column":4},"end":{"line":77,"column":5}},"47":{"start":{"line":71,"column":22},"end":{"line":71,"column":80}},"48":{"start":{"line":72,"column":6},"end":{"line":72,"column":45}},"49":{"start":{"line":73,"column":6},"end":{"line":73,"column":26}},"50":{"start":{"line":74,"column":6},"end":{"line":74,"column":35}},"51":{"start":{"line":74,"column":28},"end":{"line":74,"column":35}},"52":{"start":{"line":75,"column":6},"end":{"line":75,"column":73}},"53":{"start":{"line":76,"column":6},"end":{"line":76,"column":61}},"54":{"start":{"line":79,"column":4},"end":{"line":85,"column":5}},"55":{"start":{"line":80,"column":22},"end":{"line":80,"column":60}},"56":{"start":{"line":81,"column":6},"end":{"line":81,"column":45}},"57":{"start":{"line":82,"column":6},"end":{"line":82,"column":73}},"58":{"start":{"line":83,"column":6},"end":{"line":83,"column":26}},"59":{"start":{"line":84,"column":6},"end":{"line":84,"column":61}},"60":{"start":{"line":87,"column":4},"end":{"line":89,"column":5}},"61":{"start":{"line":88,"column":6},"end":{"line":88,"column":28}},"62":{"start":{"line":92,"column":26},"end":{"line":106,"column":3}},"63":{"start":{"line":94,"column":6},"end":{"line":100,"column":12}},"64":{"start":{"line":97,"column":24},"end":{"line":97,"column":47}},"65":{"start":{"line":98,"column":25},"end":{"line":98,"column":48}},"66":{"start":{"line":99,"column":12},"end":{"line":99,"column":32}},"67":{"start":{"line":102,"column":20},"end":{"line":102,"column":55}},"68":{"start":{"line":103,"column":4},"end":{"line":103,"column":37}},"69":{"start":{"line":104,"column":4},"end":{"line":104,"column":30}},"70":{"start":{"line":105,"column":4},"end":{"line":105,"column":21}},"71":{"start":{"line":108,"column":2},"end":{"line":194,"column":4}},"72":{"start":{"line":113,"column":8},"end":{"line":113,"column":28}},"73":{"start":{"line":114,"column":8},"end":{"line":114,"column":24}},"74":{"start":{"line":127,"column":12},"end":{"line":127,"column":32}},"75":{"start":{"line":135,"column":14},"end":{"line":155,"column":16}},"76":{"start":{"line":139,"column":20},"end":{"line":139,"column":40}},"77":{"start":{"line":140,"column":20},"end":{"line":140,"column":37}},"78":{"start":{"line":143,"column":33},"end":{"line":143,"column":91}},"79":{"start":{"line":144,"column":20},"end":{"line":144,"column":39}},"80":{"start":{"line":145,"column":20},"end":{"line":145,"column":54}},"81":{"start":{"line":148,"column":33},"end":{"line":148,"column":91}},"82":{"start":{"line":149,"column":20},"end":{"line":149,"column":39}},"83":{"start":{"line":150,"column":20},"end":{"line":150,"column":77}},"84":{"start":{"line":164,"column":12},"end":{"line":178,"column":14}},"85":{"start":{"line":172,"column":18},"end":{"line":172,"column":38}},"86":{"start":{"line":173,"column":18},"end":{"line":173,"column":34}},"87":{"start":{"line":187,"column":10},"end":{"line":187,"column":28}},"88":{"start":{"line":188,"column":10},"end":{"line":188,"column":27}}},"fnMap":{"0":{"name":"Settings","decl":{"start":{"line":4,"column":24},"end":{"line":4,"column":32}},"loc":{"start":{"line":4,"column":97},"end":{"line":195,"column":1}},"line":4},"1":{"name":"(anonymous_1)","decl":{"start":{"line":15,"column":12},"end":{"line":15,"column":13}},"loc":{"start":{"line":15,"column":18},"end":{"line":21,"column":3}},"line":15},"2":{"name":"(anonymous_2)","decl":{"start":{"line":16,"column":5},"end":{"line":16,"column":6}},"loc":{"start":{"line":16,"column":17},"end":{"line":20,"column":5}},"line":16},"3":{"name":"(anonymous_3)","decl":{"start":{"line":23,"column":24},"end":{"line":23,"column":25}},"loc":{"start":{"line":23,"column":30},"end":{"line":26,"column":3}},"line":23},"4":{"name":"(anonymous_4)","decl":{"start":{"line":28,"column":23},"end":{"line":28,"column":24}},"loc":{"start":{"line":28,"column":29},"end":{"line":30,"column":3}},"line":28},"5":{"name":"(anonymous_5)","decl":{"start":{"line":32,"column":21},"end":{"line":32,"column":22}},"loc":{"start":{"line":32,"column":31},"end":{"line":37,"column":3}},"line":32},"6":{"name":"(anonymous_6)","decl":{"start":{"line":39,"column":27},"end":{"line":39,"column":28}},"loc":{"start":{"line":39,"column":34},"end":{"line":58,"column":3}},"line":39},"7":{"name":"(anonymous_7)","decl":{"start":{"line":43,"column":38},"end":{"line":43,"column":39}},"loc":{"start":{"line":43,"column":48},"end":{"line":47,"column":7}},"line":43},"8":{"name":"(anonymous_8)","decl":{"start":{"line":60,"column":28},"end":{"line":60,"column":29}},"loc":{"start":{"line":60,"column":35},"end":{"line":90,"column":3}},"line":60},"9":{"name":"(anonymous_9)","decl":{"start":{"line":92,"column":26},"end":{"line":92,"column":27}},"loc":{"start":{"line":92,"column":32},"end":{"line":106,"column":3}},"line":92},"10":{"name":"(anonymous_10)","decl":{"start":{"line":96,"column":24},"end":{"line":96,"column":25}},"loc":{"start":{"line":96,"column":34},"end":{"line":100,"column":11}},"line":96},"11":{"name":"(anonymous_11)","decl":{"start":{"line":112,"column":15},"end":{"line":112,"column":16}},"loc":{"start":{"line":112,"column":22},"end":{"line":115,"column":7}},"line":112},"12":{"name":"(anonymous_12)","decl":{"start":{"line":126,"column":19},"end":{"line":126,"column":20}},"loc":{"start":{"line":126,"column":26},"end":{"line":128,"column":11}},"line":126},"13":{"name":"(anonymous_13)","decl":{"start":{"line":134,"column":30},"end":{"line":134,"column":31}},"loc":{"start":{"line":134,"column":45},"end":{"line":156,"column":13}},"line":134},"14":{"name":"(anonymous_14)","decl":{"start":{"line":138,"column":27},"end":{"line":138,"column":28}},"loc":{"start":{"line":138,"column":34},"end":{"line":141,"column":19}},"line":138},"15":{"name":"(anonymous_15)","decl":{"start":{"line":142,"column":31},"end":{"line":142,"column":32}},"loc":{"start":{"line":142,"column":38},"end":{"line":146,"column":19}},"line":142},"16":{"name":"(anonymous_16)","decl":{"start":{"line":147,"column":32},"end":{"line":147,"column":33}},"loc":{"start":{"line":147,"column":39},"end":{"line":151,"column":19}},"line":147},"17":{"name":"(anonymous_17)","decl":{"start":{"line":163,"column":34},"end":{"line":163,"column":35}},"loc":{"start":{"line":163,"column":46},"end":{"line":179,"column":11}},"line":163},"18":{"name":"(anonymous_18)","decl":{"start":{"line":171,"column":25},"end":{"line":171,"column":26}},"loc":{"start":{"line":171,"column":32},"end":{"line":174,"column":17}},"line":171},"19":{"name":"(anonymous_19)","decl":{"start":{"line":186,"column":17},"end":{"line":186,"column":18}},"loc":{"start":{"line":186,"column":23},"end":{"line":189,"column":9}},"line":186}},"branchMap":{"0":{"loc":{"start":{"line":42,"column":4},"end":{"line":57,"column":5}},"type":"if","locations":[{"start":{"line":42,"column":4},"end":{"line":57,"column":5}},{"start":{"line":55,"column":11},"end":{"line":57,"column":5}}],"line":42},"1":{"loc":{"start":{"line":49,"column":6},"end":{"line":54,"column":7}},"type":"if","locations":[{"start":{"line":49,"column":6},"end":{"line":54,"column":7}},{"start":{"line":52,"column":13},"end":{"line":54,"column":7}}],"line":49},"2":{"loc":{"start":{"line":62,"column":17},"end":{"line":62,"column":61}},"type":"binary-expr","locations":[{"start":{"line":62,"column":17},"end":{"line":62,"column":29}},{"start":{"line":62,"column":33},"end":{"line":62,"column":61}}],"line":62},"3":{"loc":{"start":{"line":63,"column":21},"end":{"line":63,"column":52}},"type":"binary-expr","locations":[{"start":{"line":63,"column":21},"end":{"line":63,"column":33}},{"start":{"line":63,"column":37},"end":{"line":63,"column":52}}],"line":63},"4":{"loc":{"start":{"line":65,"column":4},"end":{"line":65,"column":73}},"type":"if","locations":[{"start":{"line":65,"column":4},"end":{"line":65,"column":73}},{"start":{},"end":{}}],"line":65},"5":{"loc":{"start":{"line":65,"column":8},"end":{"line":65,"column":64}},"type":"binary-expr","locations":[{"start":{"line":65,"column":8},"end":{"line":65,"column":21}},{"start":{"line":65,"column":26},"end":{"line":65,"column":43}},{"start":{"line":65,"column":47},"end":{"line":65,"column":63}}],"line":65},"6":{"loc":{"start":{"line":67,"column":4},"end":{"line":67,"column":74}},"type":"if","locations":[{"start":{"line":67,"column":4},"end":{"line":67,"column":74}},{"start":{},"end":{}}],"line":67},"7":{"loc":{"start":{"line":67,"column":8},"end":{"line":67,"column":65}},"type":"binary-expr","locations":[{"start":{"line":67,"column":8},"end":{"line":67,"column":25}},{"start":{"line":67,"column":29},"end":{"line":67,"column":42}},{"start":{"line":67,"column":46},"end":{"line":67,"column":65}}],"line":67},"8":{"loc":{"start":{"line":68,"column":4},"end":{"line":68,"column":72}},"type":"if","locations":[{"start":{"line":68,"column":4},"end":{"line":68,"column":72}},{"start":{},"end":{}}],"line":68},"9":{"loc":{"start":{"line":68,"column":8},"end":{"line":68,"column":63}},"type":"binary-expr","locations":[{"start":{"line":68,"column":8},"end":{"line":68,"column":25}},{"start":{"line":68,"column":29},"end":{"line":68,"column":42}},{"start":{"line":68,"column":46},"end":{"line":68,"column":63}}],"line":68},"10":{"loc":{"start":{"line":70,"column":4},"end":{"line":77,"column":5}},"type":"if","locations":[{"start":{"line":70,"column":4},"end":{"line":77,"column":5}},{"start":{},"end":{}}],"line":70},"11":{"loc":{"start":{"line":71,"column":22},"end":{"line":71,"column":80}},"type":"cond-expr","locations":[{"start":{"line":71,"column":65},"end":{"line":71,"column":66}},{"start":{"line":71,"column":69},"end":{"line":71,"column":80}}],"line":71},"12":{"loc":{"start":{"line":71,"column":22},"end":{"line":71,"column":62}},"type":"binary-expr","locations":[{"start":{"line":71,"column":22},"end":{"line":71,"column":38}},{"start":{"line":71,"column":42},"end":{"line":71,"column":62}}],"line":71},"13":{"loc":{"start":{"line":74,"column":6},"end":{"line":74,"column":35}},"type":"if","locations":[{"start":{"line":74,"column":6},"end":{"line":74,"column":35}},{"start":{},"end":{}}],"line":74},"14":{"loc":{"start":{"line":75,"column":6},"end":{"line":75,"column":72}},"type":"binary-expr","locations":[{"start":{"line":75,"column":6},"end":{"line":75,"column":27}},{"start":{"line":75,"column":31},"end":{"line":75,"column":72}}],"line":75},"15":{"loc":{"start":{"line":79,"column":4},"end":{"line":85,"column":5}},"type":"if","locations":[{"start":{"line":79,"column":4},"end":{"line":85,"column":5}},{"start":{},"end":{}}],"line":79},"16":{"loc":{"start":{"line":80,"column":22},"end":{"line":80,"column":60}},"type":"cond-expr","locations":[{"start":{"line":80,"column":38},"end":{"line":80,"column":46}},{"start":{"line":80,"column":49},"end":{"line":80,"column":60}}],"line":80},"17":{"loc":{"start":{"line":82,"column":6},"end":{"line":82,"column":72}},"type":"binary-expr","locations":[{"start":{"line":82,"column":6},"end":{"line":82,"column":27}},{"start":{"line":82,"column":31},"end":{"line":82,"column":72}}],"line":82},"18":{"loc":{"start":{"line":87,"column":4},"end":{"line":89,"column":5}},"type":"if","locations":[{"start":{"line":87,"column":4},"end":{"line":89,"column":5}},{"start":{},"end":{}}],"line":87},"19":{"loc":{"start":{"line":87,"column":8},"end":{"line":87,"column":39}},"type":"binary-expr","locations":[{"start":{"line":87,"column":8},"end":{"line":87,"column":23}},{"start":{"line":87,"column":27},"end":{"line":87,"column":39}}],"line":87},"20":{"loc":{"start":{"line":94,"column":6},"end":{"line":100,"column":12}},"type":"cond-expr","locations":[{"start":{"line":95,"column":10},"end":{"line":95,"column":14}},{"start":{"line":96,"column":10},"end":{"line":100,"column":12}}],"line":94},"21":{"loc":{"start":{"line":102,"column":20},"end":{"line":102,"column":55}},"type":"cond-expr","locations":[{"start":{"line":102,"column":44},"end":{"line":102,"column":48}},{"start":{"line":102,"column":51},"end":{"line":102,"column":55}}],"line":102},"22":{"loc":{"start":{"line":125,"column":19},"end":{"line":125,"column":47}},"type":"binary-expr","locations":[{"start":{"line":125,"column":19},"end":{"line":125,"column":31}},{"start":{"line":125,"column":35},"end":{"line":125,"column":47}}],"line":125},"23":{"loc":{"start":{"line":132,"column":9},"end":{"line":158,"column":9}},"type":"binary-expr","locations":[{"start":{"line":132,"column":9},"end":{"line":132,"column":21}},{"start":{"line":133,"column":10},"end":{"line":157,"column":16}}],"line":132},"24":{"loc":{"start":{"line":150,"column":20},"end":{"line":150,"column":76}},"type":"binary-expr","locations":[{"start":{"line":150,"column":20},"end":{"line":150,"column":36}},{"start":{"line":150,"column":40},"end":{"line":150,"column":76}}],"line":150},"25":{"loc":{"start":{"line":170,"column":42},"end":{"line":170,"column":75}},"type":"cond-expr","locations":[{"start":{"line":170,"column":60},"end":{"line":170,"column":68}},{"start":{"line":170,"column":71},"end":{"line":170,"column":75}}],"line":170}},"s":{"0":108,"1":108,"2":108,"3":108,"4":108,"5":108,"6":108,"7":108,"8":108,"9":21,"10":21,"11":21,"12":21,"13":108,"14":11,"15":11,"16":108,"17":18,"18":108,"19":4,"20":4,"21":4,"22":4,"23":108,"24":8,"25":8,"26":8,"27":7,"28":21,"29":21,"30":21,"31":7,"32":4,"33":4,"34":3,"35":1,"36":108,"37":22,"38":22,"39":22,"40":22,"41":2,"42":20,"43":1,"44":19,"45":1,"46":18,"47":9,"48":9,"49":9,"50":9,"51":5,"52":4,"53":4,"54":13,"55":2,"56":2,"57":2,"58":2,"59":2,"60":13,"61":1,"62":108,"63":3,"64":4,"65":4,"66":4,"67":3,"68":3,"69":3,"70":3,"71":108,"72":4,"73":4,"74":14,"75":95,"76":4,"77":4,"78":4,"79":4,"80":4,"81":1,"82":1,"83":1,"84":540,"85":2,"86":2,"87":3,"88":3},"f":{"0":108,"1":21,"2":21,"3":11,"4":18,"5":4,"6":8,"7":21,"8":22,"9":3,"10":4,"11":4,"12":14,"13":95,"14":4,"15":4,"16":1,"17":540,"18":2,"19":3},"b":{"0":[7,1],"1":[4,3],"2":[22,20],"3":[22,20],"4":[2,20],"5":[22,20,3],"6":[1,19],"7":[20,5,2],"8":[1,18],"9":[19,4,1],"10":[9,9],"11":[6,3],"12":[9,4],"13":[5,4],"14":[4,4],"15":[2,11],"16":[1,1],"17":[2,2],"18":[1,12],"19":[13,1],"20":[1,2],"21":[2,1],"22":[108,66],"23":[108,35],"24":[1,1],"25":[108,432]},"_coverageSchema":"1a1c01bbd47fc00a2c39e90264f33305004495a9","hash":"61879bfa993e91f8a8a9d4fb29d4da968534da54"}
,"/Users/paulinez/peatype/src/helper.js": {"path":"/Users/paulinez/peatype/src/helper.js","statementMap":{"0":{"start":{"line":1,"column":16},"end":{"line":12,"column":1}},"1":{"start":{"line":13,"column":27},"end":{"line":13,"column":62}},"2":{"start":{"line":15,"column":16},"end":{"line":15,"column":123}},"3":{"start":{"line":16,"column":17},"end":{"line":16,"column":49}},"4":{"start":{"line":17,"column":21},"end":{"line":17,"column":116}},"5":{"start":{"line":19,"column":27},"end":{"line":19,"column":49}},"6":{"start":{"line":21,"column":28},"end":{"line":28,"column":1}},"7":{"start":{"line":30,"column":32},"end":{"line":36,"column":1}},"8":{"start":{"line":37,"column":24},"end":{"line":37,"column":59}},"9":{"start":{"line":39,"column":17},"end":{"line":49,"column":1}},"10":{"start":{"line":40,"column":14},"end":{"line":40,"column":29}},"11":{"start":{"line":41,"column":10},"end":{"line":41,"column":11}},"12":{"start":{"line":42,"column":2},"end":{"line":46,"column":3}},"13":{"start":{"line":43,"column":16},"end":{"line":43,"column":55}},"14":{"start":{"line":44,"column":4},"end":{"line":44,"column":32}},"15":{"start":{"line":45,"column":4},"end":{"line":45,"column":20}},"16":{"start":{"line":47,"column":17},"end":{"line":47,"column":44}},"17":{"start":{"line":48,"column":2},"end":{"line":48,"column":16}},"18":{"start":{"line":51,"column":19},"end":{"line":60,"column":1}},"19":{"start":{"line":52,"column":2},"end":{"line":59,"column":49}},"20":{"start":{"line":54,"column":6},"end":{"line":56,"column":7}},"21":{"start":{"line":55,"column":8},"end":{"line":55,"column":72}},"22":{"start":{"line":57,"column":6},"end":{"line":57,"column":24}},"23":{"start":{"line":59,"column":20},"end":{"line":59,"column":47}},"24":{"start":{"line":62,"column":30},"end":{"line":85,"column":1}},"25":{"start":{"line":63,"column":12},"end":{"line":63,"column":24}},"26":{"start":{"line":64,"column":2},"end":{"line":64,"column":43}},"27":{"start":{"line":65,"column":2},"end":{"line":65,"column":22}},"28":{"start":{"line":66,"column":2},"end":{"line":66,"column":29}},"29":{"start":{"line":68,"column":17},"end":{"line":83,"column":6}},"30":{"start":{"line":70,"column":6},"end":{"line":72,"column":7}},"31":{"start":{"line":71,"column":8},"end":{"line":71,"column":72}},"32":{"start":{"line":73,"column":6},"end":{"line":73,"column":24}},"33":{"start":{"line":76,"column":18},"end":{"line":76,"column":58}},"34":{"start":{"line":77,"column":6},"end":{"line":81,"column":7}},"35":{"start":{"line":78,"column":8},"end":{"line":78,"column":32}},"36":{"start":{"line":80,"column":8},"end":{"line":80,"column":37}},"37":{"start":{"line":82,"column":6},"end":{"line":82,"column":19}},"38":{"start":{"line":84,"column":2},"end":{"line":84,"column":16}},"39":{"start":{"line":87,"column":25},"end":{"line":103,"column":1}},"40":{"start":{"line":88,"column":17},"end":{"line":88,"column":29}},"41":{"start":{"line":89,"column":17},"end":{"line":89,"column":29}},"42":{"start":{"line":90,"column":15},"end":{"line":93,"column":4}},"43":{"start":{"line":91,"column":4},"end":{"line":91,"column":31}},"44":{"start":{"line":92,"column":4},"end":{"line":92,"column":16}},"45":{"start":{"line":94,"column":2},"end":{"line":101,"column":3}},"46":{"start":{"line":95,"column":24},"end":{"line":95,"column":63}},"47":{"start":{"line":96,"column":24},"end":{"line":96,"column":63}},"48":{"start":{"line":97,"column":4},"end":{"line":100,"column":7}},"49":{"start":{"line":98,"column":6},"end":{"line":98,"column":29}},"50":{"start":{"line":99,"column":6},"end":{"line":99,"column":18}},"51":{"start":{"line":102,"column":2},"end":{"line":102,"column":16}},"52":{"start":{"line":105,"column":28},"end":{"line":116,"column":1}},"53":{"start":{"line":106,"column":2},"end":{"line":115,"column":3}},"54":{"start":{"line":107,"column":16},"end":{"line":107,"column":34}},"55":{"start":{"line":108,"column":4},"end":{"line":110,"column":5}},"56":{"start":{"line":109,"column":6},"end":{"line":109,"column":56}},"57":{"start":{"line":112,"column":4},"end":{"line":112,"column":17}},"58":{"start":{"line":114,"column":4},"end":{"line":114,"column":16}},"59":{"start":{"line":118,"column":35},"end":{"line":139,"column":1}},"60":{"start":{"line":119,"column":18},"end":{"line":119,"column":29}},"61":{"start":{"line":120,"column":19},"end":{"line":120,"column":31}},"62":{"start":{"line":121,"column":14},"end":{"line":121,"column":15}},"63":{"start":{"line":123,"column":2},"end":{"line":132,"column":3}},"64":{"start":{"line":124,"column":4},"end":{"line":124,"column":21}},"65":{"start":{"line":126,"column":20},"end":{"line":126,"column":34}},"66":{"start":{"line":127,"column":21},"end":{"line":127,"column":36}},"67":{"start":{"line":129,"column":4},"end":{"line":131,"column":7}},"68":{"start":{"line":130,"column":6},"end":{"line":130,"column":39}},"69":{"start":{"line":135,"column":2},"end":{"line":137,"column":3}},"70":{"start":{"line":136,"column":4},"end":{"line":136,"column":12}},"71":{"start":{"line":138,"column":2},"end":{"line":138,"column":15}},"72":{"start":{"line":141,"column":26},"end":{"line":150,"column":1}},"73":{"start":{"line":142,"column":2},"end":{"line":149,"column":41}},"74":{"start":{"line":144,"column":6},"end":{"line":146,"column":7}},"75":{"start":{"line":145,"column":8},"end":{"line":145,"column":72}},"76":{"start":{"line":147,"column":6},"end":{"line":147,"column":24}},"77":{"start":{"line":149,"column":20},"end":{"line":149,"column":39}}},"fnMap":{"0":{"name":"(anonymous_0)","decl":{"start":{"line":39,"column":17},"end":{"line":39,"column":18}},"loc":{"start":{"line":39,"column":28},"end":{"line":49,"column":1}},"line":39},"1":{"name":"(anonymous_1)","decl":{"start":{"line":51,"column":19},"end":{"line":51,"column":20}},"loc":{"start":{"line":51,"column":31},"end":{"line":60,"column":1}},"line":51},"2":{"name":"(anonymous_2)","decl":{"start":{"line":53,"column":10},"end":{"line":53,"column":11}},"loc":{"start":{"line":53,"column":19},"end":{"line":58,"column":5}},"line":53},"3":{"name":"(anonymous_3)","decl":{"start":{"line":59,"column":10},"end":{"line":59,"column":11}},"loc":{"start":{"line":59,"column":20},"end":{"line":59,"column":47}},"line":59},"4":{"name":"(anonymous_4)","decl":{"start":{"line":62,"column":30},"end":{"line":62,"column":31}},"loc":{"start":{"line":62,"column":55},"end":{"line":85,"column":1}},"line":62},"5":{"name":"(anonymous_5)","decl":{"start":{"line":69,"column":10},"end":{"line":69,"column":11}},"loc":{"start":{"line":69,"column":19},"end":{"line":74,"column":5}},"line":69},"6":{"name":"(anonymous_6)","decl":{"start":{"line":75,"column":10},"end":{"line":75,"column":11}},"loc":{"start":{"line":75,"column":20},"end":{"line":83,"column":5}},"line":75},"7":{"name":"(anonymous_7)","decl":{"start":{"line":87,"column":25},"end":{"line":87,"column":26}},"loc":{"start":{"line":87,"column":49},"end":{"line":103,"column":1}},"line":87},"8":{"name":"(anonymous_8)","decl":{"start":{"line":90,"column":57},"end":{"line":90,"column":58}},"loc":{"start":{"line":90,"column":68},"end":{"line":93,"column":3}},"line":90},"9":{"name":"(anonymous_9)","decl":{"start":{"line":97,"column":65},"end":{"line":97,"column":66}},"loc":{"start":{"line":97,"column":76},"end":{"line":100,"column":5}},"line":97},"10":{"name":"(anonymous_10)","decl":{"start":{"line":105,"column":28},"end":{"line":105,"column":29}},"loc":{"start":{"line":105,"column":52},"end":{"line":116,"column":1}},"line":105},"11":{"name":"(anonymous_11)","decl":{"start":{"line":118,"column":35},"end":{"line":118,"column":36}},"loc":{"start":{"line":118,"column":64},"end":{"line":139,"column":1}},"line":118},"12":{"name":"(anonymous_12)","decl":{"start":{"line":129,"column":21},"end":{"line":129,"column":22}},"loc":{"start":{"line":129,"column":36},"end":{"line":131,"column":5}},"line":129},"13":{"name":"(anonymous_13)","decl":{"start":{"line":141,"column":26},"end":{"line":141,"column":27}},"loc":{"start":{"line":141,"column":38},"end":{"line":150,"column":1}},"line":141},"14":{"name":"(anonymous_14)","decl":{"start":{"line":143,"column":10},"end":{"line":143,"column":11}},"loc":{"start":{"line":143,"column":19},"end":{"line":148,"column":5}},"line":143},"15":{"name":"(anonymous_15)","decl":{"start":{"line":149,"column":10},"end":{"line":149,"column":11}},"loc":{"start":{"line":149,"column":20},"end":{"line":149,"column":39}},"line":149}},"branchMap":{"0":{"loc":{"start":{"line":54,"column":6},"end":{"line":56,"column":7}},"type":"if","locations":[{"start":{"line":54,"column":6},"end":{"line":56,"column":7}},{"start":{},"end":{}}],"line":54},"1":{"loc":{"start":{"line":70,"column":6},"end":{"line":72,"column":7}},"type":"if","locations":[{"start":{"line":70,"column":6},"end":{"line":72,"column":7}},{"start":{},"end":{}}],"line":70},"2":{"loc":{"start":{"line":77,"column":6},"end":{"line":81,"column":7}},"type":"if","locations":[{"start":{"line":77,"column":6},"end":{"line":81,"column":7}},{"start":{"line":79,"column":13},"end":{"line":81,"column":7}}],"line":77},"3":{"loc":{"start":{"line":94,"column":2},"end":{"line":101,"column":3}},"type":"if","locations":[{"start":{"line":94,"column":2},"end":{"line":101,"column":3}},{"start":{},"end":{}}],"line":94},"4":{"loc":{"start":{"line":108,"column":4},"end":{"line":110,"column":5}},"type":"if","locations":[{"start":{"line":108,"column":4},"end":{"line":110,"column":5}},{"start":{},"end":{}}],"line":108},"5":{"loc":{"start":{"line":123,"column":2},"end":{"line":132,"column":3}},"type":"if","locations":[{"start":{"line":123,"column":2},"end":{"line":132,"column":3}},{"start":{"line":125,"column":9},"end":{"line":132,"column":3}}],"line":123},"6":{"loc":{"start":{"line":130,"column":6},"end":{"line":130,"column":38}},"type":"binary-expr","locations":[{"start":{"line":130,"column":6},"end":{"line":130,"column":27}},{"start":{"line":130,"column":31},"end":{"line":130,"column":38}}],"line":130},"7":{"loc":{"start":{"line":135,"column":2},"end":{"line":137,"column":3}},"type":"if","locations":[{"start":{"line":135,"column":2},"end":{"line":137,"column":3}},{"start":{},"end":{}}],"line":135},"8":{"loc":{"start":{"line":135,"column":6},"end":{"line":135,"column":41}},"type":"binary-expr","locations":[{"start":{"line":135,"column":6},"end":{"line":135,"column":17}},{"start":{"line":135,"column":21},"end":{"line":135,"column":41}}],"line":135},"9":{"loc":{"start":{"line":144,"column":6},"end":{"line":146,"column":7}},"type":"if","locations":[{"start":{"line":144,"column":6},"end":{"line":146,"column":7}},{"start":{},"end":{}}],"line":144}},"s":{"0":3,"1":3,"2":3,"3":3,"4":3,"5":3,"6":3,"7":3,"8":3,"9":3,"10":0,"11":0,"12":0,"13":0,"14":0,"15":0,"16":0,"17":0,"18":3,"19":0,"20":0,"21":0,"22":0,"23":0,"24":3,"25":0,"26":0,"27":0,"28":0,"29":0,"30":0,"31":0,"32":0,"33":0,"34":0,"35":0,"36":0,"37":0,"38":0,"39":3,"40":0,"41":0,"42":0,"43":0,"44":0,"45":0,"46":0,"47":0,"48":0,"49":0,"50":0,"51":0,"52":3,"53":0,"54":0,"55":0,"56":0,"57":0,"58":0,"59":3,"60":27,"61":27,"62":27,"63":27,"64":22,"65":5,"66":5,"67":5,"68":6,"69":27,"70":14,"71":27,"72":3,"73":0,"74":0,"75":0,"76":0,"77":0},"f":{"0":0,"1":0,"2":0,"3":0,"4":0,"5":0,"6":0,"7":0,"8":0,"9":0,"10":0,"11":27,"12":6,"13":0,"14":0,"15":0},"b":{"0":[0,0],"1":[0,0],"2":[0,0],"3":[0,0],"4":[0,0],"5":[22,5],"6":[6,5],"7":[14,13],"8":[27,19],"9":[0,0]},"_coverageSchema":"1a1c01bbd47fc00a2c39e90264f33305004495a9","hash":"b82e54fe6fcc6a1898fa644b10e97f599cdd70b9"}
,"/Users/paulinez/peatype/src/index.js": {"path":"/Users/paulinez/peatype/src/index.js","statementMap":{"0":{"start":{"line":5,"column":0},"end":{"line":10,"column":2}}},"fnMap":{},"branchMap":{},"s":{"0":0},"f":{},"b":{}}
,"/Users/paulinez/peatype/src/__tests__ /mocked-functions.js": {"path":"/Users/paulinez/peatype/src/__tests__ /mocked-functions.js","statementMap":{"0":{"start":{"line":3,"column":29},"end":{"line":10,"column":1}},"1":{"start":{"line":4,"column":2},"end":{"line":9,"column":5}},"2":{"start":{"line":5,"column":4},"end":{"line":8,"column":7}},"3":{"start":{"line":12,"column":21},"end":{"line":51,"column":1}},"4":{"start":{"line":13,"column":2},"end":{"line":50,"column":4}},"5":{"start":{"line":14,"column":4},"end":{"line":49,"column":6}},"6":{"start":{"line":53,"column":28},"end":{"line":74,"column":1}},"7":{"start":{"line":54,"column":2},"end":{"line":67,"column":6}},"8":{"start":{"line":57,"column":6},"end":{"line":60,"column":8}},"9":{"start":{"line":63,"column":6},"end":{"line":66,"column":8}},"10":{"start":{"line":69,"column":2},"end":{"line":73,"column":79}},"11":{"start":{"line":71,"column":34},"end":{"line":71,"column":77}},"12":{"start":{"line":72,"column":34},"end":{"line":72,"column":78}},"13":{"start":{"line":73,"column":34},"end":{"line":73,"column":77}},"14":{"start":{"line":76,"column":27},"end":{"line":78,"column":1}},"15":{"start":{"line":77,"column":2},"end":{"line":77,"column":81}},"16":{"start":{"line":77,"column":63},"end":{"line":77,"column":79}},"17":{"start":{"line":80,"column":30},"end":{"line":88,"column":1}},"18":{"start":{"line":81,"column":2},"end":{"line":86,"column":4}},"19":{"start":{"line":82,"column":4},"end":{"line":85,"column":6}},"20":{"start":{"line":87,"column":2},"end":{"line":87,"column":80}},"21":{"start":{"line":87,"column":62},"end":{"line":87,"column":78}},"22":{"start":{"line":90,"column":29},"end":{"line":101,"column":1}},"23":{"start":{"line":91,"column":2},"end":{"line":96,"column":5}},"24":{"start":{"line":92,"column":4},"end":{"line":95,"column":7}},"25":{"start":{"line":98,"column":2},"end":{"line":100,"column":71}},"26":{"start":{"line":100,"column":30},"end":{"line":100,"column":69}},"27":{"start":{"line":103,"column":26},"end":{"line":111,"column":1}},"28":{"start":{"line":104,"column":2},"end":{"line":110,"column":4}},"29":{"start":{"line":105,"column":4},"end":{"line":109,"column":6}},"30":{"start":{"line":113,"column":25},"end":{"line":128,"column":1}},"31":{"start":{"line":114,"column":2},"end":{"line":127,"column":7}},"32":{"start":{"line":117,"column":6},"end":{"line":120,"column":9}},"33":{"start":{"line":123,"column":6},"end":{"line":126,"column":9}}},"fnMap":{"0":{"name":"(anonymous_0)","decl":{"start":{"line":3,"column":29},"end":{"line":3,"column":30}},"loc":{"start":{"line":3,"column":35},"end":{"line":10,"column":1}},"line":3},"1":{"name":"(anonymous_1)","decl":{"start":{"line":4,"column":57},"end":{"line":4,"column":58}},"loc":{"start":{"line":4,"column":67},"end":{"line":9,"column":3}},"line":4},"2":{"name":"(anonymous_2)","decl":{"start":{"line":12,"column":21},"end":{"line":12,"column":22}},"loc":{"start":{"line":12,"column":27},"end":{"line":51,"column":1}},"line":12},"3":{"name":"(anonymous_3)","decl":{"start":{"line":13,"column":57},"end":{"line":13,"column":58}},"loc":{"start":{"line":14,"column":4},"end":{"line":49,"column":6}},"line":14},"4":{"name":"(anonymous_4)","decl":{"start":{"line":53,"column":28},"end":{"line":53,"column":29}},"loc":{"start":{"line":53,"column":34},"end":{"line":74,"column":1}},"line":53},"5":{"name":"(anonymous_5)","decl":{"start":{"line":56,"column":28},"end":{"line":56,"column":29}},"loc":{"start":{"line":57,"column":6},"end":{"line":60,"column":8}},"line":57},"6":{"name":"(anonymous_6)","decl":{"start":{"line":62,"column":28},"end":{"line":62,"column":29}},"loc":{"start":{"line":63,"column":6},"end":{"line":66,"column":8}},"line":63},"7":{"name":"(anonymous_7)","decl":{"start":{"line":71,"column":28},"end":{"line":71,"column":29}},"loc":{"start":{"line":71,"column":34},"end":{"line":71,"column":77}},"line":71},"8":{"name":"(anonymous_8)","decl":{"start":{"line":72,"column":28},"end":{"line":72,"column":29}},"loc":{"start":{"line":72,"column":34},"end":{"line":72,"column":78}},"line":72},"9":{"name":"(anonymous_9)","decl":{"start":{"line":73,"column":28},"end":{"line":73,"column":29}},"loc":{"start":{"line":73,"column":34},"end":{"line":73,"column":77}},"line":73},"10":{"name":"(anonymous_10)","decl":{"start":{"line":76,"column":27},"end":{"line":76,"column":28}},"loc":{"start":{"line":76,"column":33},"end":{"line":78,"column":1}},"line":76},"11":{"name":"(anonymous_11)","decl":{"start":{"line":77,"column":57},"end":{"line":77,"column":58}},"loc":{"start":{"line":77,"column":63},"end":{"line":77,"column":79}},"line":77},"12":{"name":"(anonymous_12)","decl":{"start":{"line":80,"column":30},"end":{"line":80,"column":31}},"loc":{"start":{"line":80,"column":36},"end":{"line":88,"column":1}},"line":80},"13":{"name":"(anonymous_13)","decl":{"start":{"line":81,"column":57},"end":{"line":81,"column":58}},"loc":{"start":{"line":82,"column":4},"end":{"line":85,"column":6}},"line":82},"14":{"name":"(anonymous_14)","decl":{"start":{"line":87,"column":56},"end":{"line":87,"column":57}},"loc":{"start":{"line":87,"column":62},"end":{"line":87,"column":78}},"line":87},"15":{"name":"(anonymous_15)","decl":{"start":{"line":90,"column":29},"end":{"line":90,"column":30}},"loc":{"start":{"line":90,"column":35},"end":{"line":101,"column":1}},"line":90},"16":{"name":"(anonymous_16)","decl":{"start":{"line":91,"column":57},"end":{"line":91,"column":58}},"loc":{"start":{"line":91,"column":67},"end":{"line":96,"column":3}},"line":91},"17":{"name":"(anonymous_17)","decl":{"start":{"line":100,"column":24},"end":{"line":100,"column":25}},"loc":{"start":{"line":100,"column":30},"end":{"line":100,"column":69}},"line":100},"18":{"name":"(anonymous_18)","decl":{"start":{"line":103,"column":26},"end":{"line":103,"column":27}},"loc":{"start":{"line":103,"column":32},"end":{"line":111,"column":1}},"line":103},"19":{"name":"(anonymous_19)","decl":{"start":{"line":104,"column":54},"end":{"line":104,"column":55}},"loc":{"start":{"line":105,"column":4},"end":{"line":109,"column":6}},"line":105},"20":{"name":"(anonymous_20)","decl":{"start":{"line":113,"column":25},"end":{"line":113,"column":26}},"loc":{"start":{"line":113,"column":31},"end":{"line":128,"column":1}},"line":113},"21":{"name":"(anonymous_21)","decl":{"start":{"line":116,"column":28},"end":{"line":116,"column":29}},"loc":{"start":{"line":116,"column":38},"end":{"line":121,"column":5}},"line":116},"22":{"name":"(anonymous_22)","decl":{"start":{"line":122,"column":28},"end":{"line":122,"column":29}},"loc":{"start":{"line":122,"column":38},"end":{"line":127,"column":5}},"line":122}},"branchMap":{},"s":{"0":3,"1":4,"2":4,"3":3,"4":7,"5":7,"6":3,"7":19,"8":19,"9":3,"10":19,"11":2,"12":1,"13":1,"14":3,"15":1,"16":1,"17":3,"18":1,"19":1,"20":1,"21":1,"22":3,"23":1,"24":1,"25":1,"26":1,"27":3,"28":21,"29":21,"30":3,"31":7,"32":7,"33":1},"f":{"0":4,"1":4,"2":7,"3":7,"4":19,"5":19,"6":3,"7":2,"8":1,"9":1,"10":1,"11":1,"12":1,"13":1,"14":1,"15":1,"16":1,"17":1,"18":21,"19":21,"20":7,"21":7,"22":1},"b":{},"_coverageSchema":"1a1c01bbd47fc00a2c39e90264f33305004495a9","hash":"5b969c7f7a80b468ce5784e4709acc0821976749"}
}
