{"/Users/paulinez/Documents/peatype/src/App.css": {"path":"/Users/paulinez/Documents/peatype/src/App.css","statementMap":{"0":{"start":{"line":1,"column":0},"end":{"line":1,"column":20}}},"fnMap":{},"branchMap":{},"s":{"0":1},"f":{},"b":{},"inputSourceMap":null,"_coverageSchema":"1a1c01bbd47fc00a2c39e90264f33305004495a9","hash":"ae82811f3da61a7bb5293daaeb28a238975bfbbf"}
,"/Users/paulinez/Documents/peatype/src/App.js": {"path":"/Users/paulinez/Documents/peatype/src/App.js","statementMap":{"0":{"start":{"line":7,"column":42},"end":{"line":7,"column":57}},"1":{"start":{"line":8,"column":42},"end":{"line":8,"column":56}},"2":{"start":{"line":9,"column":42},"end":{"line":9,"column":61}},"3":{"start":{"line":10,"column":42},"end":{"line":10,"column":54}},"4":{"start":{"line":12,"column":20},"end":{"line":12,"column":28}},"5":{"start":{"line":14,"column":25},"end":{"line":19,"column":3}},"6":{"start":{"line":15,"column":4},"end":{"line":15,"column":35}},"7":{"start":{"line":16,"column":4},"end":{"line":18,"column":50}},"8":{"start":{"line":21,"column":25},"end":{"line":27,"column":3}},"9":{"start":{"line":22,"column":4},"end":{"line":25,"column":5}},"10":{"start":{"line":23,"column":6},"end":{"line":23,"column":28}},"11":{"start":{"line":24,"column":6},"end":{"line":24,"column":28}},"12":{"start":{"line":26,"column":4},"end":{"line":26,"column":34}},"13":{"start":{"line":29,"column":2},"end":{"line":55,"column":4}},"14":{"start":{"line":34,"column":8},"end":{"line":34,"column":41}}},"fnMap":{"0":{"name":"App","decl":{"start":{"line":6,"column":9},"end":{"line":6,"column":12}},"loc":{"start":{"line":6,"column":15},"end":{"line":56,"column":1}},"line":6},"1":{"name":"(anonymous_1)","decl":{"start":{"line":14,"column":25},"end":{"line":14,"column":26}},"loc":{"start":{"line":14,"column":31},"end":{"line":19,"column":3}},"line":14},"2":{"name":"(anonymous_2)","decl":{"start":{"line":21,"column":25},"end":{"line":21,"column":26}},"loc":{"start":{"line":21,"column":47},"end":{"line":27,"column":3}},"line":21},"3":{"name":"(anonymous_3)","decl":{"start":{"line":33,"column":15},"end":{"line":33,"column":16}},"loc":{"start":{"line":33,"column":21},"end":{"line":35,"column":7}},"line":33}},"branchMap":{"0":{"loc":{"start":{"line":16,"column":4},"end":{"line":18,"column":49}},"type":"cond-expr","locations":[{"start":{"line":17,"column":8},"end":{"line":17,"column":52}},{"start":{"line":18,"column":8},"end":{"line":18,"column":49}}],"line":16},"1":{"loc":{"start":{"line":22,"column":4},"end":{"line":25,"column":5}},"type":"if","locations":[{"start":{"line":22,"column":4},"end":{"line":25,"column":5}},{"start":{},"end":{}}],"line":22},"2":{"loc":{"start":{"line":26,"column":4},"end":{"line":26,"column":33}},"type":"binary-expr","locations":[{"start":{"line":26,"column":4},"end":{"line":26,"column":8}},{"start":{"line":26,"column":12},"end":{"line":26,"column":33}}],"line":26},"3":{"loc":{"start":{"line":34,"column":8},"end":{"line":34,"column":40}},"type":"binary-expr","locations":[{"start":{"line":34,"column":8},"end":{"line":34,"column":20}},{"start":{"line":34,"column":24},"end":{"line":34,"column":40}}],"line":34},"4":{"loc":{"start":{"line":43,"column":7},"end":{"line":50,"column":7}},"type":"binary-expr","locations":[{"start":{"line":43,"column":7},"end":{"line":43,"column":19}},{"start":{"line":44,"column":8},"end":{"line":49,"column":10}}],"line":43}},"s":{"0":20,"1":20,"2":20,"3":20,"4":20,"5":20,"6":15,"7":15,"8":20,"9":2,"10":1,"11":1,"12":2,"13":20,"14":11},"f":{"0":20,"1":15,"2":2,"3":11},"b":{"0":[8,7],"1":[1,1],"2":[2,2],"3":[11,3],"4":[20,7]},"_coverageSchema":"1a1c01bbd47fc00a2c39e90264f33305004495a9","hash":"4bf3a1a6b2401481d92607ccd91cd6c9bc820147"}
,"/Users/paulinez/Documents/peatype/src/Main.js": {"path":"/Users/paulinez/Documents/peatype/src/Main.js","statementMap":{"0":{"start":{"line":6,"column":28},"end":{"line":6,"column":42}},"1":{"start":{"line":7,"column":38},"end":{"line":7,"column":53}},"2":{"start":{"line":10,"column":26},"end":{"line":10,"column":41}},"3":{"start":{"line":13,"column":38},"end":{"line":13,"column":53}},"4":{"start":{"line":14,"column":28},"end":{"line":14,"column":49}},"5":{"start":{"line":18,"column":40},"end":{"line":18,"column":54}},"6":{"start":{"line":19,"column":40},"end":{"line":19,"column":54}},"7":{"start":{"line":20,"column":32},"end":{"line":20,"column":43}},"8":{"start":{"line":21,"column":32},"end":{"line":21,"column":46}},"9":{"start":{"line":22,"column":38},"end":{"line":22,"column":53}},"10":{"start":{"line":23,"column":40},"end":{"line":23,"column":54}},"11":{"start":{"line":24,"column":46},"end":{"line":24,"column":58}},"12":{"start":{"line":25,"column":40},"end":{"line":25,"column":55}},"13":{"start":{"line":26,"column":40},"end":{"line":26,"column":51}},"14":{"start":{"line":27,"column":40},"end":{"line":27,"column":55}},"15":{"start":{"line":28,"column":32},"end":{"line":28,"column":47}},"16":{"start":{"line":31,"column":38},"end":{"line":31,"column":53}},"17":{"start":{"line":34,"column":38},"end":{"line":34,"column":49}},"18":{"start":{"line":35,"column":52},"end":{"line":35,"column":63}},"19":{"start":{"line":38,"column":27},"end":{"line":38,"column":35}},"20":{"start":{"line":39,"column":27},"end":{"line":39,"column":35}},"21":{"start":{"line":40,"column":22},"end":{"line":40,"column":30}},"22":{"start":{"line":41,"column":19},"end":{"line":41,"column":27}},"23":{"start":{"line":42,"column":31},"end":{"line":42,"column":39}},"24":{"start":{"line":43,"column":25},"end":{"line":43,"column":33}},"25":{"start":{"line":44,"column":21},"end":{"line":44,"column":29}},"26":{"start":{"line":45,"column":24},"end":{"line":45,"column":32}},"27":{"start":{"line":47,"column":22},"end":{"line":84,"column":3}},"28":{"start":{"line":48,"column":4},"end":{"line":50,"column":5}},"29":{"start":{"line":49,"column":6},"end":{"line":49,"column":26}},"30":{"start":{"line":52,"column":18},"end":{"line":52,"column":45}},"31":{"start":{"line":53,"column":25},"end":{"line":53,"column":58}},"32":{"start":{"line":54,"column":21},"end":{"line":54,"column":39}},"33":{"start":{"line":55,"column":26},"end":{"line":55,"column":60}},"34":{"start":{"line":56,"column":20},"end":{"line":56,"column":68}},"35":{"start":{"line":58,"column":4},"end":{"line":83,"column":5}},"36":{"start":{"line":64,"column":25},"end":{"line":64,"column":73}},"37":{"start":{"line":65,"column":6},"end":{"line":65,"column":45}},"38":{"start":{"line":66,"column":6},"end":{"line":68,"column":8}},"39":{"start":{"line":70,"column":19},"end":{"line":70,"column":49}},"40":{"start":{"line":71,"column":6},"end":{"line":71,"column":48}},"41":{"start":{"line":72,"column":6},"end":{"line":72,"column":53}},"42":{"start":{"line":73,"column":6},"end":{"line":73,"column":31}},"43":{"start":{"line":74,"column":6},"end":{"line":74,"column":94}},"44":{"start":{"line":75,"column":6},"end":{"line":75,"column":47}},"45":{"start":{"line":76,"column":6},"end":{"line":76,"column":49}},"46":{"start":{"line":77,"column":6},"end":{"line":77,"column":35}},"47":{"start":{"line":79,"column":6},"end":{"line":79,"column":66}},"48":{"start":{"line":81,"column":6},"end":{"line":81,"column":52}},"49":{"start":{"line":82,"column":6},"end":{"line":82,"column":49}},"50":{"start":{"line":86,"column":28},"end":{"line":88,"column":3}},"51":{"start":{"line":87,"column":4},"end":{"line":87,"column":40}},"52":{"start":{"line":91,"column":2},"end":{"line":120,"column":9}},"53":{"start":{"line":92,"column":21},"end":{"line":92,"column":42}},"54":{"start":{"line":93,"column":26},"end":{"line":93,"column":50}},"55":{"start":{"line":95,"column":25},"end":{"line":97,"column":5}},"56":{"start":{"line":96,"column":6},"end":{"line":96,"column":25}},"57":{"start":{"line":99,"column":24},"end":{"line":104,"column":5}},"58":{"start":{"line":100,"column":20},"end":{"line":100,"column":53}},"59":{"start":{"line":101,"column":6},"end":{"line":103,"column":7}},"60":{"start":{"line":102,"column":8},"end":{"line":102,"column":24}},"61":{"start":{"line":106,"column":23},"end":{"line":106,"column":76}},"62":{"start":{"line":108,"column":25},"end":{"line":108,"column":47}},"63":{"start":{"line":108,"column":31},"end":{"line":108,"column":47}},"64":{"start":{"line":110,"column":4},"end":{"line":110,"column":54}},"65":{"start":{"line":112,"column":4},"end":{"line":112,"column":59}},"66":{"start":{"line":113,"column":4},"end":{"line":113,"column":52}},"67":{"start":{"line":114,"column":4},"end":{"line":119,"column":6}},"68":{"start":{"line":115,"column":6},"end":{"line":115,"column":59}},"69":{"start":{"line":117,"column":6},"end":{"line":117,"column":64}},"70":{"start":{"line":118,"column":6},"end":{"line":118,"column":57}},"71":{"start":{"line":123,"column":2},"end":{"line":125,"column":34}},"72":{"start":{"line":124,"column":4},"end":{"line":124,"column":19}},"73":{"start":{"line":127,"column":2},"end":{"line":149,"column":27}},"74":{"start":{"line":128,"column":4},"end":{"line":148,"column":5}},"75":{"start":{"line":129,"column":6},"end":{"line":129,"column":47}},"76":{"start":{"line":130,"column":6},"end":{"line":130,"column":48}},"77":{"start":{"line":131,"column":6},"end":{"line":133,"column":7}},"78":{"start":{"line":132,"column":8},"end":{"line":132,"column":90}},"79":{"start":{"line":134,"column":6},"end":{"line":136,"column":9}},"80":{"start":{"line":135,"column":8},"end":{"line":135,"column":36}},"81":{"start":{"line":137,"column":6},"end":{"line":137,"column":20}},"82":{"start":{"line":138,"column":6},"end":{"line":138,"column":23}},"83":{"start":{"line":139,"column":6},"end":{"line":139,"column":30}},"84":{"start":{"line":140,"column":6},"end":{"line":140,"column":27}},"85":{"start":{"line":141,"column":6},"end":{"line":141,"column":27}},"86":{"start":{"line":142,"column":6},"end":{"line":142,"column":27}},"87":{"start":{"line":143,"column":6},"end":{"line":143,"column":28}},"88":{"start":{"line":144,"column":6},"end":{"line":144,"column":27}},"89":{"start":{"line":145,"column":6},"end":{"line":145,"column":22}},"90":{"start":{"line":147,"column":6},"end":{"line":147,"column":26}},"91":{"start":{"line":152,"column":2},"end":{"line":172,"column":34}},"92":{"start":{"line":153,"column":4},"end":{"line":171,"column":9}},"93":{"start":{"line":154,"column":23},"end":{"line":154,"column":48}},"94":{"start":{"line":155,"column":24},"end":{"line":155,"column":49}},"95":{"start":{"line":156,"column":6},"end":{"line":159,"column":7}},"96":{"start":{"line":157,"column":8},"end":{"line":157,"column":75}},"97":{"start":{"line":158,"column":8},"end":{"line":158,"column":77}},"98":{"start":{"line":160,"column":6},"end":{"line":164,"column":7}},"99":{"start":{"line":161,"column":8},"end":{"line":161,"column":58}},"100":{"start":{"line":163,"column":8},"end":{"line":163,"column":61}},"101":{"start":{"line":167,"column":6},"end":{"line":167,"column":33}},"102":{"start":{"line":168,"column":6},"end":{"line":168,"column":34}},"103":{"start":{"line":169,"column":6},"end":{"line":169,"column":51}},"104":{"start":{"line":170,"column":6},"end":{"line":170,"column":23}},"105":{"start":{"line":175,"column":2},"end":{"line":216,"column":76}},"106":{"start":{"line":176,"column":4},"end":{"line":215,"column":5}},"107":{"start":{"line":179,"column":25},"end":{"line":179,"column":54}},"108":{"start":{"line":180,"column":6},"end":{"line":180,"column":54}},"109":{"start":{"line":181,"column":26},"end":{"line":181,"column":72}},"110":{"start":{"line":182,"column":6},"end":{"line":186,"column":9}},"111":{"start":{"line":183,"column":8},"end":{"line":183,"column":38}},"112":{"start":{"line":184,"column":8},"end":{"line":184,"column":44}},"113":{"start":{"line":185,"column":8},"end":{"line":185,"column":37}},"114":{"start":{"line":187,"column":6},"end":{"line":187,"column":53}},"115":{"start":{"line":189,"column":6},"end":{"line":191,"column":9}},"116":{"start":{"line":190,"column":8},"end":{"line":190,"column":36}},"117":{"start":{"line":192,"column":6},"end":{"line":192,"column":20}},"118":{"start":{"line":193,"column":6},"end":{"line":193,"column":27}},"119":{"start":{"line":194,"column":6},"end":{"line":194,"column":34}},"120":{"start":{"line":195,"column":6},"end":{"line":195,"column":23}},"121":{"start":{"line":198,"column":6},"end":{"line":213,"column":7}},"122":{"start":{"line":199,"column":23},"end":{"line":199,"column":50}},"123":{"start":{"line":200,"column":8},"end":{"line":200,"column":33}},"124":{"start":{"line":201,"column":8},"end":{"line":203,"column":44}},"125":{"start":{"line":205,"column":8},"end":{"line":212,"column":13}},"126":{"start":{"line":206,"column":25},"end":{"line":206,"column":50}},"127":{"start":{"line":207,"column":10},"end":{"line":209,"column":11}},"128":{"start":{"line":208,"column":12},"end":{"line":208,"column":75}},"129":{"start":{"line":210,"column":10},"end":{"line":210,"column":35}},"130":{"start":{"line":211,"column":10},"end":{"line":211,"column":59}},"131":{"start":{"line":214,"column":6},"end":{"line":214,"column":28}},"132":{"start":{"line":219,"column":2},"end":{"line":230,"column":29}},"133":{"start":{"line":220,"column":4},"end":{"line":229,"column":5}},"134":{"start":{"line":221,"column":6},"end":{"line":221,"column":40}},"135":{"start":{"line":222,"column":6},"end":{"line":222,"column":40}},"136":{"start":{"line":223,"column":6},"end":{"line":223,"column":23}},"137":{"start":{"line":224,"column":6},"end":{"line":227,"column":7}},"138":{"start":{"line":225,"column":8},"end":{"line":225,"column":26}},"139":{"start":{"line":226,"column":8},"end":{"line":226,"column":29}},"140":{"start":{"line":228,"column":6},"end":{"line":228,"column":21}},"141":{"start":{"line":233,"column":2},"end":{"line":257,"column":40}},"142":{"start":{"line":235,"column":4},"end":{"line":252,"column":5}},"143":{"start":{"line":236,"column":24},"end":{"line":236,"column":34}},"144":{"start":{"line":237,"column":6},"end":{"line":251,"column":15}},"145":{"start":{"line":238,"column":28},"end":{"line":238,"column":38}},"146":{"start":{"line":239,"column":25},"end":{"line":239,"column":77}},"147":{"start":{"line":240,"column":8},"end":{"line":240,"column":27}},"148":{"start":{"line":241,"column":8},"end":{"line":243,"column":9}},"149":{"start":{"line":242,"column":10},"end":{"line":242,"column":47}},"150":{"start":{"line":244,"column":8},"end":{"line":250,"column":9}},"151":{"start":{"line":245,"column":10},"end":{"line":245,"column":49}},"152":{"start":{"line":246,"column":10},"end":{"line":246,"column":34}},"153":{"start":{"line":247,"column":10},"end":{"line":247,"column":31}},"154":{"start":{"line":248,"column":10},"end":{"line":248,"column":31}},"155":{"start":{"line":249,"column":10},"end":{"line":249,"column":30}},"156":{"start":{"line":254,"column":4},"end":{"line":256,"column":6}},"157":{"start":{"line":255,"column":6},"end":{"line":255,"column":30}},"158":{"start":{"line":260,"column":2},"end":{"line":262,"column":19}},"159":{"start":{"line":261,"column":4},"end":{"line":261,"column":48}},"160":{"start":{"line":265,"column":2},"end":{"line":271,"column":33}},"161":{"start":{"line":266,"column":4},"end":{"line":270,"column":5}},"162":{"start":{"line":267,"column":6},"end":{"line":267,"column":26}},"163":{"start":{"line":269,"column":6},"end":{"line":269,"column":27}},"164":{"start":{"line":274,"column":2},"end":{"line":283,"column":36}},"165":{"start":{"line":275,"column":4},"end":{"line":282,"column":5}},"166":{"start":{"line":276,"column":6},"end":{"line":276,"column":42}},"167":{"start":{"line":277,"column":6},"end":{"line":277,"column":39}},"168":{"start":{"line":279,"column":6},"end":{"line":281,"column":7}},"169":{"start":{"line":280,"column":8},"end":{"line":280,"column":28}},"170":{"start":{"line":286,"column":2},"end":{"line":300,"column":16}},"171":{"start":{"line":287,"column":4},"end":{"line":299,"column":5}},"172":{"start":{"line":288,"column":21},"end":{"line":288,"column":67}},"173":{"start":{"line":289,"column":24},"end":{"line":289,"column":52}},"174":{"start":{"line":290,"column":6},"end":{"line":298,"column":9}},"175":{"start":{"line":291,"column":24},"end":{"line":291,"column":55}},"176":{"start":{"line":292,"column":8},"end":{"line":296,"column":9}},"177":{"start":{"line":293,"column":10},"end":{"line":293,"column":39}},"178":{"start":{"line":295,"column":10},"end":{"line":295,"column":42}},"179":{"start":{"line":297,"column":8},"end":{"line":297,"column":26}},"180":{"start":{"line":302,"column":2},"end":{"line":391,"column":4}},"181":{"start":{"line":310,"column":12},"end":{"line":310,"column":33}},"182":{"start":{"line":311,"column":12},"end":{"line":311,"column":26}},"183":{"start":{"line":312,"column":12},"end":{"line":312,"column":27}},"184":{"start":{"line":325,"column":12},"end":{"line":325,"column":33}},"185":{"start":{"line":326,"column":12},"end":{"line":326,"column":27}},"186":{"start":{"line":327,"column":12},"end":{"line":327,"column":41}},"187":{"start":{"line":351,"column":16},"end":{"line":360,"column":18}},"188":{"start":{"line":368,"column":56},"end":{"line":368,"column":85}}},"fnMap":{"0":{"name":"Main","decl":{"start":{"line":4,"column":24},"end":{"line":4,"column":28}},"loc":{"start":{"line":4,"column":74},"end":{"line":392,"column":1}},"line":4},"1":{"name":"(anonymous_1)","decl":{"start":{"line":47,"column":22},"end":{"line":47,"column":23}},"loc":{"start":{"line":47,"column":29},"end":{"line":84,"column":3}},"line":47},"2":{"name":"(anonymous_2)","decl":{"start":{"line":86,"column":28},"end":{"line":86,"column":29}},"loc":{"start":{"line":86,"column":35},"end":{"line":88,"column":3}},"line":86},"3":{"name":"(anonymous_3)","decl":{"start":{"line":91,"column":12},"end":{"line":91,"column":13}},"loc":{"start":{"line":91,"column":18},"end":{"line":120,"column":3}},"line":91},"4":{"name":"(anonymous_4)","decl":{"start":{"line":95,"column":25},"end":{"line":95,"column":26}},"loc":{"start":{"line":95,"column":32},"end":{"line":97,"column":5}},"line":95},"5":{"name":"(anonymous_5)","decl":{"start":{"line":99,"column":24},"end":{"line":99,"column":25}},"loc":{"start":{"line":99,"column":31},"end":{"line":104,"column":5}},"line":99},"6":{"name":"(anonymous_6)","decl":{"start":{"line":108,"column":25},"end":{"line":108,"column":26}},"loc":{"start":{"line":108,"column":31},"end":{"line":108,"column":47}},"line":108},"7":{"name":"(anonymous_7)","decl":{"start":{"line":114,"column":11},"end":{"line":114,"column":12}},"loc":{"start":{"line":114,"column":17},"end":{"line":119,"column":5}},"line":114},"8":{"name":"(anonymous_8)","decl":{"start":{"line":123,"column":12},"end":{"line":123,"column":13}},"loc":{"start":{"line":123,"column":18},"end":{"line":125,"column":3}},"line":123},"9":{"name":"(anonymous_9)","decl":{"start":{"line":127,"column":12},"end":{"line":127,"column":13}},"loc":{"start":{"line":127,"column":18},"end":{"line":149,"column":3}},"line":127},"10":{"name":"(anonymous_10)","decl":{"start":{"line":134,"column":55},"end":{"line":134,"column":56}},"loc":{"start":{"line":134,"column":66},"end":{"line":136,"column":7}},"line":134},"11":{"name":"(anonymous_11)","decl":{"start":{"line":152,"column":12},"end":{"line":152,"column":13}},"loc":{"start":{"line":152,"column":18},"end":{"line":172,"column":3}},"line":152},"12":{"name":"(anonymous_12)","decl":{"start":{"line":153,"column":5},"end":{"line":153,"column":6}},"loc":{"start":{"line":153,"column":17},"end":{"line":171,"column":5}},"line":153},"13":{"name":"(anonymous_13)","decl":{"start":{"line":175,"column":12},"end":{"line":175,"column":13}},"loc":{"start":{"line":175,"column":18},"end":{"line":216,"column":3}},"line":175},"14":{"name":"(anonymous_14)","decl":{"start":{"line":182,"column":38},"end":{"line":182,"column":39}},"loc":{"start":{"line":182,"column":48},"end":{"line":186,"column":7}},"line":182},"15":{"name":"(anonymous_15)","decl":{"start":{"line":189,"column":55},"end":{"line":189,"column":56}},"loc":{"start":{"line":189,"column":66},"end":{"line":191,"column":7}},"line":189},"16":{"name":"(anonymous_16)","decl":{"start":{"line":205,"column":9},"end":{"line":205,"column":10}},"loc":{"start":{"line":205,"column":21},"end":{"line":212,"column":9}},"line":205},"17":{"name":"(anonymous_17)","decl":{"start":{"line":219,"column":12},"end":{"line":219,"column":13}},"loc":{"start":{"line":219,"column":18},"end":{"line":230,"column":3}},"line":219},"18":{"name":"(anonymous_18)","decl":{"start":{"line":233,"column":12},"end":{"line":233,"column":13}},"loc":{"start":{"line":233,"column":18},"end":{"line":257,"column":3}},"line":233},"19":{"name":"(anonymous_19)","decl":{"start":{"line":237,"column":29},"end":{"line":237,"column":30}},"loc":{"start":{"line":237,"column":35},"end":{"line":251,"column":7}},"line":237},"20":{"name":"(anonymous_20)","decl":{"start":{"line":254,"column":11},"end":{"line":254,"column":12}},"loc":{"start":{"line":254,"column":17},"end":{"line":256,"column":5}},"line":254},"21":{"name":"(anonymous_21)","decl":{"start":{"line":260,"column":12},"end":{"line":260,"column":13}},"loc":{"start":{"line":260,"column":18},"end":{"line":262,"column":3}},"line":260},"22":{"name":"(anonymous_22)","decl":{"start":{"line":265,"column":12},"end":{"line":265,"column":13}},"loc":{"start":{"line":265,"column":18},"end":{"line":271,"column":3}},"line":265},"23":{"name":"(anonymous_23)","decl":{"start":{"line":274,"column":12},"end":{"line":274,"column":13}},"loc":{"start":{"line":274,"column":18},"end":{"line":283,"column":3}},"line":274},"24":{"name":"(anonymous_24)","decl":{"start":{"line":286,"column":12},"end":{"line":286,"column":13}},"loc":{"start":{"line":286,"column":18},"end":{"line":300,"column":3}},"line":286},"25":{"name":"(anonymous_25)","decl":{"start":{"line":290,"column":38},"end":{"line":290,"column":39}},"loc":{"start":{"line":290,"column":47},"end":{"line":298,"column":7}},"line":290},"26":{"name":"(anonymous_26)","decl":{"start":{"line":309,"column":19},"end":{"line":309,"column":20}},"loc":{"start":{"line":309,"column":26},"end":{"line":313,"column":11}},"line":309},"27":{"name":"(anonymous_27)","decl":{"start":{"line":324,"column":19},"end":{"line":324,"column":20}},"loc":{"start":{"line":324,"column":26},"end":{"line":328,"column":11}},"line":324},"28":{"name":"(anonymous_28)","decl":{"start":{"line":350,"column":30},"end":{"line":350,"column":31}},"loc":{"start":{"line":350,"column":44},"end":{"line":361,"column":15}},"line":350},"29":{"name":"(anonymous_29)","decl":{"start":{"line":368,"column":50},"end":{"line":368,"column":51}},"loc":{"start":{"line":368,"column":56},"end":{"line":368,"column":85}},"line":368}},"branchMap":{"0":{"loc":{"start":{"line":48,"column":4},"end":{"line":50,"column":5}},"type":"if","locations":[{"start":{"line":48,"column":4},"end":{"line":50,"column":5}},{"start":{},"end":{}}],"line":48},"1":{"loc":{"start":{"line":53,"column":25},"end":{"line":53,"column":58}},"type":"cond-expr","locations":[{"start":{"line":53,"column":38},"end":{"line":53,"column":43}},{"start":{"line":53,"column":46},"end":{"line":53,"column":58}}],"line":53},"2":{"loc":{"start":{"line":56,"column":20},"end":{"line":56,"column":68}},"type":"cond-expr","locations":[{"start":{"line":56,"column":53},"end":{"line":56,"column":60}},{"start":{"line":56,"column":63},"end":{"line":56,"column":68}}],"line":56},"3":{"loc":{"start":{"line":58,"column":4},"end":{"line":83,"column":5}},"type":"if","locations":[{"start":{"line":58,"column":4},"end":{"line":83,"column":5}},{"start":{"line":80,"column":11},"end":{"line":83,"column":5}}],"line":58},"4":{"loc":{"start":{"line":59,"column":6},"end":{"line":61,"column":78}},"type":"binary-expr","locations":[{"start":{"line":59,"column":7},"end":{"line":59,"column":18}},{"start":{"line":59,"column":22},"end":{"line":59,"column":38}},{"start":{"line":60,"column":7},"end":{"line":60,"column":17}},{"start":{"line":60,"column":21},"end":{"line":60,"column":55}},{"start":{"line":61,"column":7},"end":{"line":61,"column":17}},{"start":{"line":61,"column":21},"end":{"line":61,"column":42}},{"start":{"line":61,"column":46},"end":{"line":61,"column":77}}],"line":59},"5":{"loc":{"start":{"line":64,"column":25},"end":{"line":64,"column":73}},"type":"cond-expr","locations":[{"start":{"line":64,"column":38},"end":{"line":64,"column":52}},{"start":{"line":64,"column":55},"end":{"line":64,"column":73}}],"line":64},"6":{"loc":{"start":{"line":79,"column":6},"end":{"line":79,"column":65}},"type":"cond-expr","locations":[{"start":{"line":79,"column":19},"end":{"line":79,"column":39}},{"start":{"line":79,"column":42},"end":{"line":79,"column":65}}],"line":79},"7":{"loc":{"start":{"line":101,"column":6},"end":{"line":103,"column":7}},"type":"if","locations":[{"start":{"line":101,"column":6},"end":{"line":103,"column":7}},{"start":{},"end":{}}],"line":101},"8":{"loc":{"start":{"line":101,"column":10},"end":{"line":101,"column":83}},"type":"binary-expr","locations":[{"start":{"line":101,"column":10},"end":{"line":101,"column":27}},{"start":{"line":101,"column":32},"end":{"line":101,"column":45}},{"start":{"line":101,"column":49},"end":{"line":101,"column":61}},{"start":{"line":101,"column":66},"end":{"line":101,"column":83}}],"line":101},"9":{"loc":{"start":{"line":128,"column":4},"end":{"line":148,"column":5}},"type":"if","locations":[{"start":{"line":128,"column":4},"end":{"line":148,"column":5}},{"start":{"line":146,"column":11},"end":{"line":148,"column":5}}],"line":128},"10":{"loc":{"start":{"line":156,"column":6},"end":{"line":159,"column":7}},"type":"if","locations":[{"start":{"line":156,"column":6},"end":{"line":159,"column":7}},{"start":{},"end":{}}],"line":156},"11":{"loc":{"start":{"line":160,"column":6},"end":{"line":164,"column":7}},"type":"if","locations":[{"start":{"line":160,"column":6},"end":{"line":164,"column":7}},{"start":{"line":162,"column":13},"end":{"line":164,"column":7}}],"line":160},"12":{"loc":{"start":{"line":176,"column":4},"end":{"line":215,"column":5}},"type":"if","locations":[{"start":{"line":176,"column":4},"end":{"line":215,"column":5}},{"start":{},"end":{}}],"line":176},"13":{"loc":{"start":{"line":198,"column":6},"end":{"line":213,"column":7}},"type":"if","locations":[{"start":{"line":198,"column":6},"end":{"line":213,"column":7}},{"start":{"line":204,"column":13},"end":{"line":213,"column":7}}],"line":198},"14":{"loc":{"start":{"line":201,"column":8},"end":{"line":203,"column":43}},"type":"cond-expr","locations":[{"start":{"line":202,"column":12},"end":{"line":202,"column":33}},{"start":{"line":203,"column":12},"end":{"line":203,"column":43}}],"line":201},"15":{"loc":{"start":{"line":207,"column":10},"end":{"line":209,"column":11}},"type":"if","locations":[{"start":{"line":207,"column":10},"end":{"line":209,"column":11}},{"start":{},"end":{}}],"line":207},"16":{"loc":{"start":{"line":220,"column":4},"end":{"line":229,"column":5}},"type":"if","locations":[{"start":{"line":220,"column":4},"end":{"line":229,"column":5}},{"start":{},"end":{}}],"line":220},"17":{"loc":{"start":{"line":224,"column":6},"end":{"line":227,"column":7}},"type":"if","locations":[{"start":{"line":224,"column":6},"end":{"line":227,"column":7}},{"start":{},"end":{}}],"line":224},"18":{"loc":{"start":{"line":235,"column":4},"end":{"line":252,"column":5}},"type":"if","locations":[{"start":{"line":235,"column":4},"end":{"line":252,"column":5}},{"start":{},"end":{}}],"line":235},"19":{"loc":{"start":{"line":235,"column":8},"end":{"line":235,"column":35}},"type":"binary-expr","locations":[{"start":{"line":235,"column":8},"end":{"line":235,"column":18}},{"start":{"line":235,"column":22},"end":{"line":235,"column":35}}],"line":235},"20":{"loc":{"start":{"line":241,"column":8},"end":{"line":243,"column":9}},"type":"if","locations":[{"start":{"line":241,"column":8},"end":{"line":243,"column":9}},{"start":{},"end":{}}],"line":241},"21":{"loc":{"start":{"line":244,"column":8},"end":{"line":250,"column":9}},"type":"if","locations":[{"start":{"line":244,"column":8},"end":{"line":250,"column":9}},{"start":{},"end":{}}],"line":244},"22":{"loc":{"start":{"line":261,"column":4},"end":{"line":261,"column":47}},"type":"binary-expr","locations":[{"start":{"line":261,"column":4},"end":{"line":261,"column":14}},{"start":{"line":261,"column":18},"end":{"line":261,"column":47}}],"line":261},"23":{"loc":{"start":{"line":266,"column":4},"end":{"line":270,"column":5}},"type":"if","locations":[{"start":{"line":266,"column":4},"end":{"line":270,"column":5}},{"start":{"line":268,"column":11},"end":{"line":270,"column":5}}],"line":266},"24":{"loc":{"start":{"line":266,"column":8},"end":{"line":266,"column":36}},"type":"binary-expr","locations":[{"start":{"line":266,"column":8},"end":{"line":266,"column":19}},{"start":{"line":266,"column":23},"end":{"line":266,"column":36}}],"line":266},"25":{"loc":{"start":{"line":275,"column":4},"end":{"line":282,"column":5}},"type":"if","locations":[{"start":{"line":275,"column":4},"end":{"line":282,"column":5}},{"start":{},"end":{}}],"line":275},"26":{"loc":{"start":{"line":279,"column":6},"end":{"line":281,"column":7}},"type":"if","locations":[{"start":{"line":279,"column":6},"end":{"line":281,"column":7}},{"start":{},"end":{}}],"line":279},"27":{"loc":{"start":{"line":287,"column":4},"end":{"line":299,"column":5}},"type":"if","locations":[{"start":{"line":287,"column":4},"end":{"line":299,"column":5}},{"start":{},"end":{}}],"line":287},"28":{"loc":{"start":{"line":292,"column":8},"end":{"line":296,"column":9}},"type":"if","locations":[{"start":{"line":292,"column":8},"end":{"line":296,"column":9}},{"start":{"line":294,"column":15},"end":{"line":296,"column":9}}],"line":292},"29":{"loc":{"start":{"line":333,"column":7},"end":{"line":337,"column":7}},"type":"binary-expr","locations":[{"start":{"line":333,"column":7},"end":{"line":333,"column":18}},{"start":{"line":334,"column":8},"end":{"line":336,"column":18}}],"line":333},"30":{"loc":{"start":{"line":338,"column":7},"end":{"line":345,"column":7}},"type":"binary-expr","locations":[{"start":{"line":338,"column":7},"end":{"line":338,"column":17}},{"start":{"line":339,"column":8},"end":{"line":344,"column":18}}],"line":338},"31":{"loc":{"start":{"line":342,"column":18},"end":{"line":342,"column":93}},"type":"cond-expr","locations":[{"start":{"line":342,"column":39},"end":{"line":342,"column":40}},{"start":{"line":342,"column":43},"end":{"line":342,"column":93}}],"line":342},"32":{"loc":{"start":{"line":349,"column":13},"end":{"line":361,"column":16}},"type":"binary-expr","locations":[{"start":{"line":349,"column":13},"end":{"line":349,"column":24}},{"start":{"line":350,"column":14},"end":{"line":361,"column":16}}],"line":349},"33":{"loc":{"start":{"line":353,"column":33},"end":{"line":353,"column":72}},"type":"cond-expr","locations":[{"start":{"line":353,"column":51},"end":{"line":353,"column":60}},{"start":{"line":353,"column":63},"end":{"line":353,"column":72}}],"line":353},"34":{"loc":{"start":{"line":354,"column":25},"end":{"line":354,"column":65}},"type":"cond-expr","locations":[{"start":{"line":354,"column":43},"end":{"line":354,"column":53}},{"start":{"line":354,"column":56},"end":{"line":354,"column":65}}],"line":354},"35":{"loc":{"start":{"line":355,"column":31},"end":{"line":355,"column":71}},"type":"cond-expr","locations":[{"start":{"line":355,"column":49},"end":{"line":355,"column":59}},{"start":{"line":355,"column":62},"end":{"line":355,"column":71}}],"line":355},"36":{"loc":{"start":{"line":364,"column":13},"end":{"line":364,"column":48}},"type":"binary-expr","locations":[{"start":{"line":364,"column":13},"end":{"line":364,"column":24}},{"start":{"line":364,"column":28},"end":{"line":364,"column":48}}],"line":364}},"s":{"0":458,"1":458,"2":458,"3":458,"4":458,"5":458,"6":458,"7":458,"8":458,"9":458,"10":458,"11":458,"12":458,"13":458,"14":458,"15":458,"16":458,"17":458,"18":458,"19":458,"20":458,"21":458,"22":458,"23":458,"24":458,"25":458,"26":458,"27":458,"28":222,"29":78,"30":222,"31":222,"32":222,"33":222,"34":222,"35":222,"36":32,"37":32,"38":32,"39":32,"40":32,"41":32,"42":32,"43":32,"44":32,"45":32,"46":32,"47":32,"48":190,"49":190,"50":458,"51":6,"52":458,"53":35,"54":35,"55":35,"56":2,"57":35,"58":225,"59":225,"60":2,"61":35,"62":35,"63":0,"64":35,"65":35,"66":35,"67":35,"68":35,"69":35,"70":35,"71":458,"72":37,"73":458,"74":82,"75":40,"76":40,"77":40,"78":2,"79":40,"80":15,"81":40,"82":40,"83":40,"84":40,"85":40,"86":40,"87":40,"88":40,"89":40,"90":42,"91":458,"92":37,"93":37,"94":37,"95":37,"96":8,"97":8,"98":37,"99":1,"100":36,"101":37,"102":37,"103":37,"104":37,"105":458,"106":105,"107":11,"108":11,"109":11,"110":11,"111":22,"112":22,"113":22,"114":11,"115":11,"116":33,"117":11,"118":11,"119":11,"120":11,"121":11,"122":2,"123":2,"124":2,"125":9,"126":9,"127":9,"128":8,"129":9,"130":9,"131":11,"132":458,"133":85,"134":2,"135":2,"136":2,"137":2,"138":1,"139":1,"140":2,"141":458,"142":90,"143":34,"144":34,"145":10,"146":10,"147":10,"148":10,"149":9,"150":10,"151":4,"152":4,"153":4,"154":4,"155":4,"156":90,"157":90,"158":458,"159":97,"160":458,"161":52,"162":41,"163":11,"164":458,"165":149,"166":79,"167":79,"168":79,"169":20,"170":458,"171":135,"172":50,"173":50,"174":50,"175":318,"176":318,"177":90,"178":228,"179":318,"180":458,"181":2,"182":2,"183":2,"184":1,"185":1,"186":1,"187":2151,"188":1},"f":{"0":458,"1":222,"2":6,"3":35,"4":2,"5":225,"6":0,"7":35,"8":37,"9":82,"10":15,"11":37,"12":37,"13":105,"14":22,"15":33,"16":9,"17":85,"18":90,"19":10,"20":90,"21":97,"22":52,"23":149,"24":135,"25":318,"26":2,"27":1,"28":2151,"29":1},"b":{"0":[78,144],"1":[84,138],"2":[196,26],"3":[32,190],"4":[222,138,201,84,191,74,4],"5":[11,21],"6":[11,21],"7":[2,223],"8":[225,225,22,224],"9":[40,42],"10":[8,29],"11":[1,36],"12":[11,94],"13":[2,9],"14":[1,1],"15":[8,1],"16":[2,83],"17":[1,1],"18":[34,56],"19":[90,35],"20":[9,1],"21":[4,6],"22":[97,46],"23":[41,11],"24":[52,48],"25":[79,70],"26":[20,59],"27":[50,85],"28":[90,228],"29":[458,450],"30":[458,8],"31":[4,4],"32":[458,353],"33":[353,1798],"34":[353,1798],"35":[353,1798],"36":[458,318]},"_coverageSchema":"1a1c01bbd47fc00a2c39e90264f33305004495a9","hash":"2c5f4b370884e375c9b21e0b4f5c79fb0fcde105"}
,"/Users/paulinez/Documents/peatype/src/Settings.js": {"path":"/Users/paulinez/Documents/peatype/src/Settings.js","statementMap":{"0":{"start":{"line":5,"column":34},"end":{"line":5,"column":48}},"1":{"start":{"line":6,"column":42},"end":{"line":6,"column":57}},"2":{"start":{"line":7,"column":36},"end":{"line":7,"column":48}},"3":{"start":{"line":8,"column":42},"end":{"line":8,"column":56}},"4":{"start":{"line":9,"column":32},"end":{"line":9,"column":46}},"5":{"start":{"line":10,"column":36},"end":{"line":10,"column":50}},"6":{"start":{"line":11,"column":26},"end":{"line":11,"column":48}},"7":{"start":{"line":12,"column":22},"end":{"line":12,"column":44}},"8":{"start":{"line":14,"column":22},"end":{"line":14,"column":30}},"9":{"start":{"line":16,"column":2},"end":{"line":22,"column":9}},"10":{"start":{"line":17,"column":4},"end":{"line":21,"column":9}},"11":{"start":{"line":18,"column":19},"end":{"line":18,"column":47}},"12":{"start":{"line":19,"column":6},"end":{"line":19,"column":24}},"13":{"start":{"line":20,"column":6},"end":{"line":20,"column":28}},"14":{"start":{"line":24,"column":24},"end":{"line":27,"column":3}},"15":{"start":{"line":25,"column":4},"end":{"line":25,"column":27}},"16":{"start":{"line":26,"column":4},"end":{"line":26,"column":21}},"17":{"start":{"line":29,"column":23},"end":{"line":31,"column":3}},"18":{"start":{"line":30,"column":4},"end":{"line":30,"column":26}},"19":{"start":{"line":33,"column":21},"end":{"line":38,"column":3}},"20":{"start":{"line":34,"column":4},"end":{"line":34,"column":28}},"21":{"start":{"line":35,"column":4},"end":{"line":35,"column":21}},"22":{"start":{"line":36,"column":4},"end":{"line":36,"column":28}},"23":{"start":{"line":37,"column":4},"end":{"line":37,"column":20}},"24":{"start":{"line":40,"column":27},"end":{"line":59,"column":3}},"25":{"start":{"line":41,"column":18},"end":{"line":41,"column":32}},"26":{"start":{"line":42,"column":4},"end":{"line":42,"column":24}},"27":{"start":{"line":43,"column":4},"end":{"line":58,"column":5}},"28":{"start":{"line":44,"column":22},"end":{"line":48,"column":8}},"29":{"start":{"line":45,"column":20},"end":{"line":45,"column":39}},"30":{"start":{"line":46,"column":21},"end":{"line":46,"column":69}},"31":{"start":{"line":47,"column":8},"end":{"line":47,"column":28}},"32":{"start":{"line":50,"column":6},"end":{"line":55,"column":7}},"33":{"start":{"line":51,"column":8},"end":{"line":51,"column":33}},"34":{"start":{"line":52,"column":8},"end":{"line":52,"column":23}},"35":{"start":{"line":54,"column":8},"end":{"line":54,"column":24}},"36":{"start":{"line":57,"column":6},"end":{"line":57,"column":32}},"37":{"start":{"line":61,"column":28},"end":{"line":91,"column":3}},"38":{"start":{"line":62,"column":16},"end":{"line":62,"column":21}},"39":{"start":{"line":63,"column":17},"end":{"line":63,"column":61}},"40":{"start":{"line":64,"column":21},"end":{"line":64,"column":52}},"41":{"start":{"line":66,"column":4},"end":{"line":66,"column":73}},"42":{"start":{"line":66,"column":66},"end":{"line":66,"column":73}},"43":{"start":{"line":68,"column":4},"end":{"line":68,"column":74}},"44":{"start":{"line":68,"column":67},"end":{"line":68,"column":74}},"45":{"start":{"line":69,"column":4},"end":{"line":69,"column":72}},"46":{"start":{"line":69,"column":65},"end":{"line":69,"column":72}},"47":{"start":{"line":71,"column":4},"end":{"line":78,"column":5}},"48":{"start":{"line":72,"column":22},"end":{"line":72,"column":80}},"49":{"start":{"line":73,"column":6},"end":{"line":73,"column":45}},"50":{"start":{"line":74,"column":6},"end":{"line":74,"column":26}},"51":{"start":{"line":75,"column":6},"end":{"line":75,"column":35}},"52":{"start":{"line":75,"column":28},"end":{"line":75,"column":35}},"53":{"start":{"line":76,"column":6},"end":{"line":76,"column":73}},"54":{"start":{"line":77,"column":6},"end":{"line":77,"column":61}},"55":{"start":{"line":80,"column":4},"end":{"line":86,"column":5}},"56":{"start":{"line":81,"column":22},"end":{"line":81,"column":60}},"57":{"start":{"line":82,"column":6},"end":{"line":82,"column":45}},"58":{"start":{"line":83,"column":6},"end":{"line":83,"column":73}},"59":{"start":{"line":84,"column":6},"end":{"line":84,"column":26}},"60":{"start":{"line":85,"column":6},"end":{"line":85,"column":61}},"61":{"start":{"line":88,"column":4},"end":{"line":90,"column":5}},"62":{"start":{"line":89,"column":6},"end":{"line":89,"column":28}},"63":{"start":{"line":93,"column":26},"end":{"line":110,"column":3}},"64":{"start":{"line":95,"column":6},"end":{"line":100,"column":8}},"65":{"start":{"line":97,"column":20},"end":{"line":97,"column":43}},"66":{"start":{"line":98,"column":21},"end":{"line":98,"column":44}},"67":{"start":{"line":99,"column":8},"end":{"line":99,"column":28}},"68":{"start":{"line":102,"column":20},"end":{"line":102,"column":55}},"69":{"start":{"line":103,"column":4},"end":{"line":107,"column":5}},"70":{"start":{"line":104,"column":6},"end":{"line":104,"column":62}},"71":{"start":{"line":105,"column":11},"end":{"line":107,"column":5}},"72":{"start":{"line":106,"column":6},"end":{"line":106,"column":42}},"73":{"start":{"line":108,"column":4},"end":{"line":108,"column":30}},"74":{"start":{"line":109,"column":4},"end":{"line":109,"column":21}},"75":{"start":{"line":112,"column":2},"end":{"line":196,"column":4}},"76":{"start":{"line":117,"column":8},"end":{"line":117,"column":28}},"77":{"start":{"line":118,"column":8},"end":{"line":118,"column":24}},"78":{"start":{"line":131,"column":12},"end":{"line":131,"column":32}},"79":{"start":{"line":139,"column":14},"end":{"line":159,"column":16}},"80":{"start":{"line":143,"column":20},"end":{"line":143,"column":40}},"81":{"start":{"line":144,"column":20},"end":{"line":144,"column":37}},"82":{"start":{"line":147,"column":33},"end":{"line":147,"column":91}},"83":{"start":{"line":148,"column":20},"end":{"line":148,"column":39}},"84":{"start":{"line":149,"column":20},"end":{"line":149,"column":54}},"85":{"start":{"line":152,"column":33},"end":{"line":152,"column":91}},"86":{"start":{"line":153,"column":20},"end":{"line":153,"column":39}},"87":{"start":{"line":154,"column":20},"end":{"line":154,"column":77}},"88":{"start":{"line":168,"column":12},"end":{"line":181,"column":14}},"89":{"start":{"line":175,"column":18},"end":{"line":175,"column":38}},"90":{"start":{"line":176,"column":18},"end":{"line":176,"column":34}},"91":{"start":{"line":189,"column":10},"end":{"line":189,"column":28}},"92":{"start":{"line":190,"column":10},"end":{"line":190,"column":28}}},"fnMap":{"0":{"name":"Settings","decl":{"start":{"line":4,"column":24},"end":{"line":4,"column":32}},"loc":{"start":{"line":4,"column":97},"end":{"line":197,"column":1}},"line":4},"1":{"name":"(anonymous_1)","decl":{"start":{"line":16,"column":12},"end":{"line":16,"column":13}},"loc":{"start":{"line":16,"column":18},"end":{"line":22,"column":3}},"line":16},"2":{"name":"(anonymous_2)","decl":{"start":{"line":17,"column":5},"end":{"line":17,"column":6}},"loc":{"start":{"line":17,"column":17},"end":{"line":21,"column":5}},"line":17},"3":{"name":"(anonymous_3)","decl":{"start":{"line":24,"column":24},"end":{"line":24,"column":25}},"loc":{"start":{"line":24,"column":30},"end":{"line":27,"column":3}},"line":24},"4":{"name":"(anonymous_4)","decl":{"start":{"line":29,"column":23},"end":{"line":29,"column":24}},"loc":{"start":{"line":29,"column":29},"end":{"line":31,"column":3}},"line":29},"5":{"name":"(anonymous_5)","decl":{"start":{"line":33,"column":21},"end":{"line":33,"column":22}},"loc":{"start":{"line":33,"column":31},"end":{"line":38,"column":3}},"line":33},"6":{"name":"(anonymous_6)","decl":{"start":{"line":40,"column":27},"end":{"line":40,"column":28}},"loc":{"start":{"line":40,"column":34},"end":{"line":59,"column":3}},"line":40},"7":{"name":"(anonymous_7)","decl":{"start":{"line":44,"column":38},"end":{"line":44,"column":39}},"loc":{"start":{"line":44,"column":48},"end":{"line":48,"column":7}},"line":44},"8":{"name":"(anonymous_8)","decl":{"start":{"line":61,"column":28},"end":{"line":61,"column":29}},"loc":{"start":{"line":61,"column":35},"end":{"line":91,"column":3}},"line":61},"9":{"name":"(anonymous_9)","decl":{"start":{"line":93,"column":26},"end":{"line":93,"column":27}},"loc":{"start":{"line":93,"column":32},"end":{"line":110,"column":3}},"line":93},"10":{"name":"(anonymous_10)","decl":{"start":{"line":96,"column":20},"end":{"line":96,"column":21}},"loc":{"start":{"line":96,"column":30},"end":{"line":100,"column":7}},"line":96},"11":{"name":"(anonymous_11)","decl":{"start":{"line":116,"column":15},"end":{"line":116,"column":16}},"loc":{"start":{"line":116,"column":22},"end":{"line":119,"column":7}},"line":116},"12":{"name":"(anonymous_12)","decl":{"start":{"line":130,"column":19},"end":{"line":130,"column":20}},"loc":{"start":{"line":130,"column":26},"end":{"line":132,"column":11}},"line":130},"13":{"name":"(anonymous_13)","decl":{"start":{"line":138,"column":30},"end":{"line":138,"column":31}},"loc":{"start":{"line":138,"column":45},"end":{"line":160,"column":13}},"line":138},"14":{"name":"(anonymous_14)","decl":{"start":{"line":142,"column":27},"end":{"line":142,"column":28}},"loc":{"start":{"line":142,"column":34},"end":{"line":145,"column":19}},"line":142},"15":{"name":"(anonymous_15)","decl":{"start":{"line":146,"column":31},"end":{"line":146,"column":32}},"loc":{"start":{"line":146,"column":38},"end":{"line":150,"column":19}},"line":146},"16":{"name":"(anonymous_16)","decl":{"start":{"line":151,"column":32},"end":{"line":151,"column":33}},"loc":{"start":{"line":151,"column":39},"end":{"line":155,"column":19}},"line":151},"17":{"name":"(anonymous_17)","decl":{"start":{"line":167,"column":27},"end":{"line":167,"column":28}},"loc":{"start":{"line":167,"column":44},"end":{"line":182,"column":11}},"line":167},"18":{"name":"(anonymous_18)","decl":{"start":{"line":174,"column":25},"end":{"line":174,"column":26}},"loc":{"start":{"line":174,"column":32},"end":{"line":177,"column":17}},"line":174},"19":{"name":"(anonymous_19)","decl":{"start":{"line":188,"column":17},"end":{"line":188,"column":18}},"loc":{"start":{"line":188,"column":24},"end":{"line":191,"column":9}},"line":188}},"branchMap":{"0":{"loc":{"start":{"line":43,"column":4},"end":{"line":58,"column":5}},"type":"if","locations":[{"start":{"line":43,"column":4},"end":{"line":58,"column":5}},{"start":{"line":56,"column":11},"end":{"line":58,"column":5}}],"line":43},"1":{"loc":{"start":{"line":50,"column":6},"end":{"line":55,"column":7}},"type":"if","locations":[{"start":{"line":50,"column":6},"end":{"line":55,"column":7}},{"start":{"line":53,"column":13},"end":{"line":55,"column":7}}],"line":50},"2":{"loc":{"start":{"line":63,"column":17},"end":{"line":63,"column":61}},"type":"binary-expr","locations":[{"start":{"line":63,"column":17},"end":{"line":63,"column":29}},{"start":{"line":63,"column":33},"end":{"line":63,"column":61}}],"line":63},"3":{"loc":{"start":{"line":64,"column":21},"end":{"line":64,"column":52}},"type":"binary-expr","locations":[{"start":{"line":64,"column":21},"end":{"line":64,"column":33}},{"start":{"line":64,"column":37},"end":{"line":64,"column":52}}],"line":64},"4":{"loc":{"start":{"line":66,"column":4},"end":{"line":66,"column":73}},"type":"if","locations":[{"start":{"line":66,"column":4},"end":{"line":66,"column":73}},{"start":{},"end":{}}],"line":66},"5":{"loc":{"start":{"line":66,"column":8},"end":{"line":66,"column":64}},"type":"binary-expr","locations":[{"start":{"line":66,"column":8},"end":{"line":66,"column":21}},{"start":{"line":66,"column":26},"end":{"line":66,"column":43}},{"start":{"line":66,"column":47},"end":{"line":66,"column":63}}],"line":66},"6":{"loc":{"start":{"line":68,"column":4},"end":{"line":68,"column":74}},"type":"if","locations":[{"start":{"line":68,"column":4},"end":{"line":68,"column":74}},{"start":{},"end":{}}],"line":68},"7":{"loc":{"start":{"line":68,"column":8},"end":{"line":68,"column":65}},"type":"binary-expr","locations":[{"start":{"line":68,"column":8},"end":{"line":68,"column":25}},{"start":{"line":68,"column":29},"end":{"line":68,"column":42}},{"start":{"line":68,"column":46},"end":{"line":68,"column":65}}],"line":68},"8":{"loc":{"start":{"line":69,"column":4},"end":{"line":69,"column":72}},"type":"if","locations":[{"start":{"line":69,"column":4},"end":{"line":69,"column":72}},{"start":{},"end":{}}],"line":69},"9":{"loc":{"start":{"line":69,"column":8},"end":{"line":69,"column":63}},"type":"binary-expr","locations":[{"start":{"line":69,"column":8},"end":{"line":69,"column":25}},{"start":{"line":69,"column":29},"end":{"line":69,"column":42}},{"start":{"line":69,"column":46},"end":{"line":69,"column":63}}],"line":69},"10":{"loc":{"start":{"line":71,"column":4},"end":{"line":78,"column":5}},"type":"if","locations":[{"start":{"line":71,"column":4},"end":{"line":78,"column":5}},{"start":{},"end":{}}],"line":71},"11":{"loc":{"start":{"line":72,"column":22},"end":{"line":72,"column":80}},"type":"cond-expr","locations":[{"start":{"line":72,"column":65},"end":{"line":72,"column":66}},{"start":{"line":72,"column":69},"end":{"line":72,"column":80}}],"line":72},"12":{"loc":{"start":{"line":72,"column":22},"end":{"line":72,"column":62}},"type":"binary-expr","locations":[{"start":{"line":72,"column":22},"end":{"line":72,"column":38}},{"start":{"line":72,"column":42},"end":{"line":72,"column":62}}],"line":72},"13":{"loc":{"start":{"line":75,"column":6},"end":{"line":75,"column":35}},"type":"if","locations":[{"start":{"line":75,"column":6},"end":{"line":75,"column":35}},{"start":{},"end":{}}],"line":75},"14":{"loc":{"start":{"line":76,"column":6},"end":{"line":76,"column":72}},"type":"binary-expr","locations":[{"start":{"line":76,"column":6},"end":{"line":76,"column":27}},{"start":{"line":76,"column":31},"end":{"line":76,"column":72}}],"line":76},"15":{"loc":{"start":{"line":80,"column":4},"end":{"line":86,"column":5}},"type":"if","locations":[{"start":{"line":80,"column":4},"end":{"line":86,"column":5}},{"start":{},"end":{}}],"line":80},"16":{"loc":{"start":{"line":81,"column":22},"end":{"line":81,"column":60}},"type":"cond-expr","locations":[{"start":{"line":81,"column":38},"end":{"line":81,"column":46}},{"start":{"line":81,"column":49},"end":{"line":81,"column":60}}],"line":81},"17":{"loc":{"start":{"line":83,"column":6},"end":{"line":83,"column":72}},"type":"binary-expr","locations":[{"start":{"line":83,"column":6},"end":{"line":83,"column":27}},{"start":{"line":83,"column":31},"end":{"line":83,"column":72}}],"line":83},"18":{"loc":{"start":{"line":88,"column":4},"end":{"line":90,"column":5}},"type":"if","locations":[{"start":{"line":88,"column":4},"end":{"line":90,"column":5}},{"start":{},"end":{}}],"line":88},"19":{"loc":{"start":{"line":88,"column":8},"end":{"line":88,"column":39}},"type":"binary-expr","locations":[{"start":{"line":88,"column":8},"end":{"line":88,"column":23}},{"start":{"line":88,"column":27},"end":{"line":88,"column":39}}],"line":88},"20":{"loc":{"start":{"line":95,"column":6},"end":{"line":100,"column":8}},"type":"binary-expr","locations":[{"start":{"line":95,"column":6},"end":{"line":95,"column":15}},{"start":{"line":96,"column":6},"end":{"line":100,"column":8}}],"line":95},"21":{"loc":{"start":{"line":102,"column":20},"end":{"line":102,"column":55}},"type":"cond-expr","locations":[{"start":{"line":102,"column":44},"end":{"line":102,"column":48}},{"start":{"line":102,"column":51},"end":{"line":102,"column":55}}],"line":102},"22":{"loc":{"start":{"line":103,"column":4},"end":{"line":107,"column":5}},"type":"if","locations":[{"start":{"line":103,"column":4},"end":{"line":107,"column":5}},{"start":{"line":105,"column":11},"end":{"line":107,"column":5}}],"line":103},"23":{"loc":{"start":{"line":105,"column":11},"end":{"line":107,"column":5}},"type":"if","locations":[{"start":{"line":105,"column":11},"end":{"line":107,"column":5}},{"start":{},"end":{}}],"line":105},"24":{"loc":{"start":{"line":129,"column":19},"end":{"line":129,"column":47}},"type":"binary-expr","locations":[{"start":{"line":129,"column":19},"end":{"line":129,"column":31}},{"start":{"line":129,"column":35},"end":{"line":129,"column":47}}],"line":129},"25":{"loc":{"start":{"line":136,"column":9},"end":{"line":162,"column":9}},"type":"binary-expr","locations":[{"start":{"line":136,"column":9},"end":{"line":136,"column":21}},{"start":{"line":137,"column":10},"end":{"line":161,"column":16}}],"line":136},"26":{"loc":{"start":{"line":154,"column":20},"end":{"line":154,"column":76}},"type":"binary-expr","locations":[{"start":{"line":154,"column":20},"end":{"line":154,"column":36}},{"start":{"line":154,"column":40},"end":{"line":154,"column":76}}],"line":154},"27":{"loc":{"start":{"line":173,"column":42},"end":{"line":173,"column":75}},"type":"cond-expr","locations":[{"start":{"line":173,"column":60},"end":{"line":173,"column":68}},{"start":{"line":173,"column":71},"end":{"line":173,"column":75}}],"line":173}},"s":{"0":104,"1":104,"2":104,"3":104,"4":104,"5":104,"6":104,"7":104,"8":104,"9":104,"10":21,"11":21,"12":21,"13":21,"14":104,"15":10,"16":10,"17":104,"18":17,"19":104,"20":3,"21":3,"22":3,"23":3,"24":104,"25":8,"26":8,"27":8,"28":7,"29":14,"30":14,"31":14,"32":7,"33":4,"34":4,"35":3,"36":1,"37":104,"38":21,"39":21,"40":21,"41":21,"42":2,"43":19,"44":1,"45":18,"46":1,"47":17,"48":8,"49":8,"50":8,"51":8,"52":5,"53":3,"54":3,"55":12,"56":2,"57":2,"58":2,"59":2,"60":2,"61":12,"62":1,"63":104,"64":3,"65":1,"66":1,"67":1,"68":3,"69":3,"70":1,"71":2,"72":1,"73":3,"74":3,"75":104,"76":4,"77":4,"78":13,"79":59,"80":3,"81":3,"82":3,"83":3,"84":3,"85":1,"86":1,"87":1,"88":520,"89":2,"90":2,"91":3,"92":3},"f":{"0":104,"1":21,"2":21,"3":10,"4":17,"5":3,"6":8,"7":14,"8":21,"9":3,"10":1,"11":4,"12":13,"13":59,"14":3,"15":3,"16":1,"17":520,"18":2,"19":3},"b":{"0":[7,1],"1":[4,3],"2":[21,19],"3":[21,19],"4":[2,19],"5":[21,19,3],"6":[1,18],"7":[19,5,2],"8":[1,17],"9":[18,4,1],"10":[8,9],"11":[6,2],"12":[8,3],"13":[5,3],"14":[3,3],"15":[2,10],"16":[1,1],"17":[2,2],"18":[1,11],"19":[12,1],"20":[3,1],"21":[1,2],"22":[1,2],"23":[1,1],"24":[104,62],"25":[104,32],"26":[1,1],"27":[104,416]},"_coverageSchema":"1a1c01bbd47fc00a2c39e90264f33305004495a9","hash":"4ab966bf8d7db71465e49306dd17e5fb8487b067"}
,"/Users/paulinez/Documents/peatype/src/__test__/mockFuncs.js": {"path":"/Users/paulinez/Documents/peatype/src/__test__/mockFuncs.js","statementMap":{"0":{"start":{"line":3,"column":33},"end":{"line":8,"column":1}},"1":{"start":{"line":4,"column":2},"end":{"line":7,"column":5}},"2":{"start":{"line":4,"column":63},"end":{"line":7,"column":3}},"3":{"start":{"line":10,"column":30},"end":{"line":18,"column":1}},"4":{"start":{"line":11,"column":2},"end":{"line":17,"column":62}},"5":{"start":{"line":13,"column":34},"end":{"line":13,"column":60}},"6":{"start":{"line":14,"column":34},"end":{"line":14,"column":61}},"7":{"start":{"line":15,"column":34},"end":{"line":15,"column":60}},"8":{"start":{"line":16,"column":34},"end":{"line":16,"column":61}},"9":{"start":{"line":17,"column":34},"end":{"line":17,"column":60}},"10":{"start":{"line":19,"column":42},"end":{"line":56,"column":1}},"11":{"start":{"line":20,"column":2},"end":{"line":55,"column":61}},"12":{"start":{"line":22,"column":34},"end":{"line":54,"column":5}},"13":{"start":{"line":55,"column":34},"end":{"line":55,"column":59}},"14":{"start":{"line":58,"column":34},"end":{"line":66,"column":1}},"15":{"start":{"line":59,"column":2},"end":{"line":65,"column":62}},"16":{"start":{"line":61,"column":34},"end":{"line":61,"column":60}},"17":{"start":{"line":62,"column":34},"end":{"line":62,"column":61}},"18":{"start":{"line":63,"column":34},"end":{"line":63,"column":60}},"19":{"start":{"line":64,"column":34},"end":{"line":64,"column":61}},"20":{"start":{"line":65,"column":34},"end":{"line":65,"column":60}},"21":{"start":{"line":68,"column":40},"end":{"line":74,"column":1}},"22":{"start":{"line":69,"column":2},"end":{"line":73,"column":58}},"23":{"start":{"line":71,"column":34},"end":{"line":71,"column":56}},"24":{"start":{"line":72,"column":34},"end":{"line":72,"column":57}},"25":{"start":{"line":73,"column":34},"end":{"line":73,"column":56}}},"fnMap":{"0":{"name":"(anonymous_0)","decl":{"start":{"line":3,"column":33},"end":{"line":3,"column":34}},"loc":{"start":{"line":3,"column":39},"end":{"line":8,"column":1}},"line":3},"1":{"name":"(anonymous_1)","decl":{"start":{"line":4,"column":57},"end":{"line":4,"column":58}},"loc":{"start":{"line":4,"column":63},"end":{"line":7,"column":3}},"line":4},"2":{"name":"(anonymous_2)","decl":{"start":{"line":10,"column":30},"end":{"line":10,"column":31}},"loc":{"start":{"line":10,"column":36},"end":{"line":18,"column":1}},"line":10},"3":{"name":"(anonymous_3)","decl":{"start":{"line":13,"column":28},"end":{"line":13,"column":29}},"loc":{"start":{"line":13,"column":34},"end":{"line":13,"column":60}},"line":13},"4":{"name":"(anonymous_4)","decl":{"start":{"line":14,"column":28},"end":{"line":14,"column":29}},"loc":{"start":{"line":14,"column":34},"end":{"line":14,"column":61}},"line":14},"5":{"name":"(anonymous_5)","decl":{"start":{"line":15,"column":28},"end":{"line":15,"column":29}},"loc":{"start":{"line":15,"column":34},"end":{"line":15,"column":60}},"line":15},"6":{"name":"(anonymous_6)","decl":{"start":{"line":16,"column":28},"end":{"line":16,"column":29}},"loc":{"start":{"line":16,"column":34},"end":{"line":16,"column":61}},"line":16},"7":{"name":"(anonymous_7)","decl":{"start":{"line":17,"column":28},"end":{"line":17,"column":29}},"loc":{"start":{"line":17,"column":34},"end":{"line":17,"column":60}},"line":17},"8":{"name":"(anonymous_8)","decl":{"start":{"line":19,"column":42},"end":{"line":19,"column":43}},"loc":{"start":{"line":19,"column":48},"end":{"line":56,"column":1}},"line":19},"9":{"name":"(anonymous_9)","decl":{"start":{"line":22,"column":28},"end":{"line":22,"column":29}},"loc":{"start":{"line":22,"column":34},"end":{"line":54,"column":5}},"line":22},"10":{"name":"(anonymous_10)","decl":{"start":{"line":55,"column":28},"end":{"line":55,"column":29}},"loc":{"start":{"line":55,"column":34},"end":{"line":55,"column":59}},"line":55},"11":{"name":"(anonymous_11)","decl":{"start":{"line":58,"column":34},"end":{"line":58,"column":35}},"loc":{"start":{"line":58,"column":40},"end":{"line":66,"column":1}},"line":58},"12":{"name":"(anonymous_12)","decl":{"start":{"line":61,"column":28},"end":{"line":61,"column":29}},"loc":{"start":{"line":61,"column":34},"end":{"line":61,"column":60}},"line":61},"13":{"name":"(anonymous_13)","decl":{"start":{"line":62,"column":28},"end":{"line":62,"column":29}},"loc":{"start":{"line":62,"column":34},"end":{"line":62,"column":61}},"line":62},"14":{"name":"(anonymous_14)","decl":{"start":{"line":63,"column":28},"end":{"line":63,"column":29}},"loc":{"start":{"line":63,"column":34},"end":{"line":63,"column":60}},"line":63},"15":{"name":"(anonymous_15)","decl":{"start":{"line":64,"column":28},"end":{"line":64,"column":29}},"loc":{"start":{"line":64,"column":34},"end":{"line":64,"column":61}},"line":64},"16":{"name":"(anonymous_16)","decl":{"start":{"line":65,"column":28},"end":{"line":65,"column":29}},"loc":{"start":{"line":65,"column":34},"end":{"line":65,"column":60}},"line":65},"17":{"name":"(anonymous_17)","decl":{"start":{"line":68,"column":40},"end":{"line":68,"column":41}},"loc":{"start":{"line":68,"column":46},"end":{"line":74,"column":1}},"line":68},"18":{"name":"(anonymous_18)","decl":{"start":{"line":71,"column":28},"end":{"line":71,"column":29}},"loc":{"start":{"line":71,"column":34},"end":{"line":71,"column":56}},"line":71},"19":{"name":"(anonymous_19)","decl":{"start":{"line":72,"column":28},"end":{"line":72,"column":29}},"loc":{"start":{"line":72,"column":34},"end":{"line":72,"column":57}},"line":72},"20":{"name":"(anonymous_20)","decl":{"start":{"line":73,"column":28},"end":{"line":73,"column":29}},"loc":{"start":{"line":73,"column":34},"end":{"line":73,"column":56}},"line":73}},"branchMap":{},"s":{"0":3,"1":21,"2":21,"3":3,"4":29,"5":29,"6":29,"7":9,"8":3,"9":1,"10":3,"11":6,"12":6,"13":6,"14":3,"15":12,"16":6,"17":6,"18":5,"19":1,"20":1,"21":3,"22":2,"23":2,"24":2,"25":1},"f":{"0":21,"1":21,"2":29,"3":29,"4":29,"5":9,"6":3,"7":1,"8":6,"9":6,"10":6,"11":12,"12":6,"13":6,"14":5,"15":1,"16":1,"17":2,"18":2,"19":2,"20":1},"b":{},"_coverageSchema":"1a1c01bbd47fc00a2c39e90264f33305004495a9","hash":"78a76992da4d42ed8d6e1172e94f19a9ae6e38f5"}
}
