TN:
SF:src/App.css
FNF:0
FNH:0
DA:1,1
LF:1
LH:1
BRF:0
BRH:0
end_of_record
TN:
SF:src/App.js
FN:6,App
FN:14,(anonymous_1)
FN:21,(anonymous_2)
FN:33,(anonymous_3)
FNF:4
FNH:4
FNDA:20,App
FNDA:15,(anonymous_1)
FNDA:2,(anonymous_2)
FNDA:11,(anonymous_3)
DA:7,20
DA:8,20
DA:9,20
DA:10,20
DA:12,20
DA:14,20
DA:15,15
DA:16,15
DA:21,20
DA:22,2
DA:23,1
DA:24,1
DA:26,2
DA:29,20
DA:34,11
LF:15
LH:15
BRDA:16,0,0,8
BRDA:16,0,1,7
BRDA:22,1,0,1
BRDA:22,1,1,1
BRDA:26,2,0,2
BRDA:26,2,1,2
BRDA:34,3,0,11
BRDA:34,3,1,3
BRDA:43,4,0,20
BRDA:43,4,1,7
BRF:10
BRH:10
end_of_record
TN:
SF:src/Main.js
FN:4,Main
FN:49,(anonymous_1)
FN:88,(anonymous_2)
FN:93,(anonymous_3)
FN:97,(anonymous_4)
FN:101,(anonymous_5)
FN:110,(anonymous_6)
FN:112,(anonymous_7)
FN:124,(anonymous_8)
FN:128,(anonymous_9)
FN:130,(anonymous_10)
FN:138,(anonymous_11)
FN:142,(anonymous_12)
FN:149,(anonymous_13)
FN:167,(anonymous_14)
FN:168,(anonymous_15)
FN:190,(anonymous_16)
FN:197,(anonymous_17)
FN:204,(anonymous_18)
FN:220,(anonymous_19)
FN:234,(anonymous_20)
FN:248,(anonymous_21)
FN:252,(anonymous_22)
FN:269,(anonymous_23)
FN:275,(anonymous_24)
FN:280,(anonymous_25)
FN:289,(anonymous_26)
FN:301,(anonymous_27)
FN:305,(anonymous_28)
FN:325,(anonymous_29)
FN:341,(anonymous_30)
FN:367,(anonymous_31)
FN:385,(anonymous_32)
FNF:33
FNH:32
FNDA:466,Main
FNDA:195,(anonymous_1)
FNDA:8,(anonymous_2)
FNDA:36,(anonymous_3)
FNDA:13,(anonymous_4)
FNDA:202,(anonymous_5)
FNDA:0,(anonymous_6)
FNDA:202,(anonymous_7)
FNDA:216,(anonymous_8)
FNDA:36,(anonymous_9)
FNDA:216,(anonymous_10)
FNDA:38,(anonymous_11)
FNDA:88,(anonymous_12)
FNDA:21,(anonymous_13)
FNDA:39,(anonymous_14)
FNDA:39,(anonymous_15)
FNDA:102,(anonymous_16)
FNDA:18,(anonymous_17)
FNDA:27,(anonymous_18)
FNDA:7,(anonymous_19)
FNDA:88,(anonymous_20)
FNDA:92,(anonymous_21)
FNDA:10,(anonymous_22)
FNDA:92,(anonymous_23)
FNDA:103,(anonymous_24)
FNDA:53,(anonymous_25)
FNDA:154,(anonymous_26)
FNDA:138,(anonymous_27)
FNDA:321,(anonymous_28)
FNDA:3,(anonymous_29)
FNDA:2,(anonymous_30)
FNDA:2166,(anonymous_31)
FNDA:1,(anonymous_32)
DA:6,466
DA:7,466
DA:10,466
DA:13,466
DA:14,466
DA:18,466
DA:19,466
DA:20,466
DA:21,466
DA:22,466
DA:23,466
DA:24,466
DA:25,466
DA:26,466
DA:27,466
DA:28,466
DA:31,466
DA:34,466
DA:35,466
DA:38,466
DA:39,466
DA:40,466
DA:41,466
DA:42,466
DA:43,466
DA:44,466
DA:45,466
DA:46,466
DA:47,466
DA:49,466
DA:50,195
DA:51,69
DA:54,195
DA:55,195
DA:56,195
DA:57,195
DA:58,195
DA:60,195
DA:66,29
DA:67,29
DA:68,29
DA:72,29
DA:73,29
DA:74,29
DA:75,29
DA:76,29
DA:77,29
DA:78,29
DA:79,29
DA:81,29
DA:83,166
DA:84,166
DA:88,466
DA:89,8
DA:93,466
DA:94,36
DA:95,36
DA:97,36
DA:98,13
DA:101,36
DA:102,202
DA:103,202
DA:104,2
DA:108,36
DA:110,36
DA:112,36
DA:113,202
DA:114,1
DA:115,1
DA:117,202
DA:118,1
DA:119,1
DA:123,36
DA:124,216
DA:125,36
DA:126,36
DA:127,36
DA:128,36
DA:129,36
DA:130,216
DA:131,36
DA:132,36
DA:133,36
DA:138,466
DA:139,38
DA:142,466
DA:143,88
DA:144,43
DA:145,43
DA:146,43
DA:147,3
DA:149,43
DA:150,21
DA:152,43
DA:153,43
DA:154,43
DA:155,43
DA:156,43
DA:157,43
DA:158,43
DA:159,43
DA:160,43
DA:162,45
DA:167,466
DA:168,39
DA:169,39
DA:170,39
DA:171,39
DA:172,6
DA:173,6
DA:175,39
DA:176,1
DA:178,38
DA:182,39
DA:183,39
DA:184,39
DA:185,39
DA:190,466
DA:191,102
DA:194,9
DA:195,9
DA:196,9
DA:197,9
DA:198,18
DA:199,18
DA:200,18
DA:202,9
DA:204,9
DA:205,27
DA:207,9
DA:208,9
DA:209,9
DA:210,9
DA:213,9
DA:214,2
DA:215,2
DA:216,2
DA:220,7
DA:221,7
DA:222,7
DA:223,6
DA:225,7
DA:226,7
DA:229,9
DA:234,466
DA:235,88
DA:236,3
DA:237,3
DA:238,3
DA:239,3
DA:240,1
DA:241,1
DA:243,3
DA:248,466
DA:250,92
DA:251,34
DA:252,34
DA:253,10
DA:254,10
DA:255,10
DA:256,10
DA:257,9
DA:259,10
DA:260,4
DA:261,4
DA:262,4
DA:263,4
DA:264,4
DA:269,92
DA:270,92
DA:275,466
DA:276,103
DA:280,466
DA:281,53
DA:282,42
DA:284,11
DA:289,466
DA:290,154
DA:291,82
DA:292,82
DA:294,82
DA:295,20
DA:301,466
DA:302,138
DA:303,51
DA:304,51
DA:305,51
DA:306,321
DA:307,321
DA:308,90
DA:310,231
DA:312,321
DA:317,466
DA:326,3
DA:327,3
DA:328,3
DA:342,2
DA:343,2
DA:344,2
DA:368,2166
DA:385,1
LF:201
LH:201
BRDA:50,0,0,69
BRDA:50,0,1,126
BRDA:55,1,0,68
BRDA:55,1,1,127
BRDA:58,2,0,168
BRDA:58,2,1,27
BRDA:60,3,0,29
BRDA:60,3,1,166
BRDA:61,4,0,195
BRDA:61,4,1,127
BRDA:61,4,2,175
BRDA:61,4,3,68
BRDA:61,4,4,167
BRDA:61,4,5,60
BRDA:61,4,6,4
BRDA:66,5,0,9
BRDA:66,5,1,20
BRDA:81,6,0,9
BRDA:81,6,1,20
BRDA:103,7,0,2
BRDA:103,7,1,200
BRDA:103,8,0,202
BRDA:103,8,1,202
BRDA:103,8,2,21
BRDA:103,8,3,201
BRDA:113,9,0,1
BRDA:113,9,1,201
BRDA:113,10,0,202
BRDA:113,10,1,4
BRDA:117,11,0,1
BRDA:117,11,1,201
BRDA:117,12,0,202
BRDA:117,12,1,4
BRDA:143,13,0,43
BRDA:143,13,1,45
BRDA:171,14,0,6
BRDA:171,14,1,33
BRDA:175,15,0,1
BRDA:175,15,1,38
BRDA:191,16,0,9
BRDA:191,16,1,93
BRDA:213,17,0,2
BRDA:213,17,1,7
BRDA:216,18,0,1
BRDA:216,18,1,1
BRDA:222,19,0,6
BRDA:222,19,1,1
BRDA:235,20,0,3
BRDA:235,20,1,85
BRDA:239,21,0,1
BRDA:239,21,1,2
BRDA:250,22,0,34
BRDA:250,22,1,58
BRDA:250,23,0,92
BRDA:250,23,1,35
BRDA:256,24,0,9
BRDA:256,24,1,1
BRDA:259,25,0,4
BRDA:259,25,1,6
BRDA:276,26,0,103
BRDA:276,26,1,49
BRDA:281,27,0,42
BRDA:281,27,1,11
BRDA:281,28,0,53
BRDA:281,28,1,49
BRDA:290,29,0,82
BRDA:290,29,1,72
BRDA:294,30,0,20
BRDA:294,30,1,62
BRDA:302,31,0,51
BRDA:302,31,1,87
BRDA:307,32,0,90
BRDA:307,32,1,231
BRDA:350,33,0,466
BRDA:350,33,1,458
BRDA:355,34,0,466
BRDA:355,34,1,8
BRDA:359,35,0,4
BRDA:359,35,1,4
BRDA:366,36,0,466
BRDA:366,36,1,358
BRDA:370,37,0,358
BRDA:370,37,1,1808
BRDA:371,38,0,358
BRDA:371,38,1,1808
BRDA:372,39,0,358
BRDA:372,39,1,1808
BRDA:381,40,0,466
BRDA:381,40,1,322
BRF:89
BRH:89
end_of_record
TN:
SF:src/Settings.js
FN:4,Settings
FN:16,(anonymous_1)
FN:17,(anonymous_2)
FN:24,(anonymous_3)
FN:29,(anonymous_4)
FN:33,(anonymous_5)
FN:40,(anonymous_6)
FN:44,(anonymous_7)
FN:61,(anonymous_8)
FN:93,(anonymous_9)
FN:96,(anonymous_10)
FN:116,(anonymous_11)
FN:130,(anonymous_12)
FN:138,(anonymous_13)
FN:142,(anonymous_14)
FN:146,(anonymous_15)
FN:151,(anonymous_16)
FN:167,(anonymous_17)
FN:174,(anonymous_18)
FN:188,(anonymous_19)
FNF:20
FNH:20
FNDA:104,Settings
FNDA:21,(anonymous_1)
FNDA:21,(anonymous_2)
FNDA:10,(anonymous_3)
FNDA:17,(anonymous_4)
FNDA:3,(anonymous_5)
FNDA:8,(anonymous_6)
FNDA:14,(anonymous_7)
FNDA:21,(anonymous_8)
FNDA:3,(anonymous_9)
FNDA:1,(anonymous_10)
FNDA:4,(anonymous_11)
FNDA:13,(anonymous_12)
FNDA:59,(anonymous_13)
FNDA:3,(anonymous_14)
FNDA:3,(anonymous_15)
FNDA:1,(anonymous_16)
FNDA:520,(anonymous_17)
FNDA:2,(anonymous_18)
FNDA:3,(anonymous_19)
DA:5,104
DA:6,104
DA:7,104
DA:8,104
DA:9,104
DA:10,104
DA:11,104
DA:12,104
DA:14,104
DA:16,104
DA:17,21
DA:18,21
DA:19,21
DA:20,21
DA:24,104
DA:25,10
DA:26,10
DA:29,104
DA:30,17
DA:33,104
DA:34,3
DA:35,3
DA:36,3
DA:37,3
DA:40,104
DA:41,8
DA:42,8
DA:43,8
DA:44,7
DA:45,14
DA:46,14
DA:47,14
DA:50,7
DA:51,4
DA:52,4
DA:54,3
DA:57,1
DA:61,104
DA:62,21
DA:63,21
DA:64,21
DA:66,21
DA:68,19
DA:69,18
DA:71,17
DA:72,8
DA:73,8
DA:74,8
DA:75,8
DA:76,3
DA:77,3
DA:80,12
DA:81,2
DA:82,2
DA:83,2
DA:84,2
DA:85,2
DA:88,12
DA:89,1
DA:93,104
DA:95,3
DA:97,1
DA:98,1
DA:99,1
DA:102,3
DA:103,3
DA:104,1
DA:105,2
DA:106,1
DA:108,3
DA:109,3
DA:112,104
DA:117,4
DA:118,4
DA:131,13
DA:139,59
DA:143,3
DA:144,3
DA:147,3
DA:148,3
DA:149,3
DA:152,1
DA:153,1
DA:154,1
DA:168,520
DA:175,2
DA:176,2
DA:189,3
DA:190,3
LF:89
LH:89
BRDA:43,0,0,7
BRDA:43,0,1,1
BRDA:50,1,0,4
BRDA:50,1,1,3
BRDA:63,2,0,21
BRDA:63,2,1,19
BRDA:64,3,0,21
BRDA:64,3,1,19
BRDA:66,4,0,2
BRDA:66,4,1,19
BRDA:66,5,0,21
BRDA:66,5,1,19
BRDA:66,5,2,3
BRDA:68,6,0,1
BRDA:68,6,1,18
BRDA:68,7,0,19
BRDA:68,7,1,5
BRDA:68,7,2,2
BRDA:69,8,0,1
BRDA:69,8,1,17
BRDA:69,9,0,18
BRDA:69,9,1,4
BRDA:69,9,2,1
BRDA:71,10,0,8
BRDA:71,10,1,9
BRDA:72,11,0,6
BRDA:72,11,1,2
BRDA:72,12,0,8
BRDA:72,12,1,3
BRDA:75,13,0,5
BRDA:75,13,1,3
BRDA:76,14,0,3
BRDA:76,14,1,3
BRDA:80,15,0,2
BRDA:80,15,1,10
BRDA:81,16,0,1
BRDA:81,16,1,1
BRDA:83,17,0,2
BRDA:83,17,1,2
BRDA:88,18,0,1
BRDA:88,18,1,11
BRDA:88,19,0,12
BRDA:88,19,1,1
BRDA:95,20,0,3
BRDA:95,20,1,1
BRDA:102,21,0,1
BRDA:102,21,1,2
BRDA:103,22,0,1
BRDA:103,22,1,2
BRDA:105,23,0,1
BRDA:105,23,1,1
BRDA:129,24,0,104
BRDA:129,24,1,62
BRDA:136,25,0,104
BRDA:136,25,1,32
BRDA:154,26,0,1
BRDA:154,26,1,1
BRDA:173,27,0,104
BRDA:173,27,1,416
BRF:59
BRH:59
end_of_record
TN:
SF:src/__test__/mockFuncs.js
FN:3,(anonymous_0)
FN:4,(anonymous_1)
FN:10,(anonymous_2)
FN:13,(anonymous_3)
FN:14,(anonymous_4)
FN:15,(anonymous_5)
FN:16,(anonymous_6)
FN:17,(anonymous_7)
FN:19,(anonymous_8)
FN:22,(anonymous_9)
FN:55,(anonymous_10)
FN:58,(anonymous_11)
FN:61,(anonymous_12)
FN:62,(anonymous_13)
FN:63,(anonymous_14)
FN:64,(anonymous_15)
FN:65,(anonymous_16)
FN:68,(anonymous_17)
FN:71,(anonymous_18)
FN:72,(anonymous_19)
FN:73,(anonymous_20)
FNF:21
FNH:21
FNDA:21,(anonymous_0)
FNDA:21,(anonymous_1)
FNDA:30,(anonymous_2)
FNDA:30,(anonymous_3)
FNDA:30,(anonymous_4)
FNDA:8,(anonymous_5)
FNDA:4,(anonymous_6)
FNDA:1,(anonymous_7)
FNDA:6,(anonymous_8)
FNDA:6,(anonymous_9)
FNDA:6,(anonymous_10)
FNDA:10,(anonymous_11)
FNDA:4,(anonymous_12)
FNDA:4,(anonymous_13)
FNDA:3,(anonymous_14)
FNDA:1,(anonymous_15)
FNDA:1,(anonymous_16)
FNDA:2,(anonymous_17)
FNDA:2,(anonymous_18)
FNDA:2,(anonymous_19)
FNDA:1,(anonymous_20)
DA:3,3
DA:4,21
DA:10,3
DA:11,30
DA:13,30
DA:14,30
DA:15,8
DA:16,4
DA:17,1
DA:19,3
DA:20,6
DA:22,6
DA:55,6
DA:58,3
DA:59,10
DA:61,4
DA:62,4
DA:63,3
DA:64,1
DA:65,1
DA:68,3
DA:69,2
DA:71,2
DA:72,2
DA:73,1
LF:25
LH:25
BRF:0
BRH:0
end_of_record
