TN:
SF:src/App.css
FNF:0
FNH:0
DA:1,1
LF:1
LH:1
BRF:0
BRH:0
end_of_record
TN:
SF:src/App.js
FN:6,App
FN:14,(anonymous_1)
FN:21,(anonymous_2)
FN:33,(anonymous_3)
FNF:4
FNH:4
FNDA:20,App
FNDA:15,(anonymous_1)
FNDA:2,(anonymous_2)
FNDA:11,(anonymous_3)
DA:7,20
DA:8,20
DA:9,20
DA:10,20
DA:12,20
DA:14,20
DA:15,15
DA:16,15
DA:21,20
DA:22,2
DA:23,1
DA:24,1
DA:26,2
DA:29,20
DA:34,11
LF:15
LH:15
BRDA:16,0,0,8
BRDA:16,0,1,7
BRDA:22,1,0,1
BRDA:22,1,1,1
BRDA:26,2,0,2
BRDA:26,2,1,2
BRDA:34,3,0,11
BRDA:34,3,1,3
BRDA:43,4,0,20
BRDA:43,4,1,7
BRF:10
BRH:10
end_of_record
TN:
SF:src/Main.js
FN:4,Main
FN:49,(anonymous_1)
FN:88,(anonymous_2)
FN:93,(anonymous_3)
FN:97,(anonymous_4)
FN:101,(anonymous_5)
FN:110,(anonymous_6)
FN:112,(anonymous_7)
FN:124,(anonymous_8)
FN:128,(anonymous_9)
FN:130,(anonymous_10)
FN:138,(anonymous_11)
FN:142,(anonymous_12)
FN:149,(anonymous_13)
FN:167,(anonymous_14)
FN:170,(anonymous_15)
FN:183,(anonymous_16)
FN:189,(anonymous_17)
FN:196,(anonymous_18)
FN:204,(anonymous_19)
FN:223,(anonymous_20)
FN:228,(anonymous_21)
FN:237,(anonymous_22)
FN:251,(anonymous_23)
FN:255,(anonymous_24)
FN:272,(anonymous_25)
FN:278,(anonymous_26)
FN:283,(anonymous_27)
FN:292,(anonymous_28)
FN:304,(anonymous_29)
FN:308,(anonymous_30)
FN:328,(anonymous_31)
FN:344,(anonymous_32)
FN:371,(anonymous_33)
FN:389,(anonymous_34)
FNF:35
FNH:32
FNDA:472,Main
FNDA:195,(anonymous_1)
FNDA:8,(anonymous_2)
FNDA:36,(anonymous_3)
FNDA:13,(anonymous_4)
FNDA:202,(anonymous_5)
FNDA:0,(anonymous_6)
FNDA:202,(anonymous_7)
FNDA:216,(anonymous_8)
FNDA:36,(anonymous_9)
FNDA:216,(anonymous_10)
FNDA:38,(anonymous_11)
FNDA:88,(anonymous_12)
FNDA:21,(anonymous_13)
FNDA:39,(anonymous_14)
FNDA:39,(anonymous_15)
FNDA:0,(anonymous_16)
FNDA:148,(anonymous_17)
FNDA:18,(anonymous_18)
FNDA:27,(anonymous_19)
FNDA:7,(anonymous_20)
FNDA:0,(anonymous_21)
FNDA:88,(anonymous_22)
FNDA:88,(anonymous_23)
FNDA:6,(anonymous_24)
FNDA:88,(anonymous_25)
FNDA:103,(anonymous_26)
FNDA:53,(anonymous_27)
FNDA:154,(anonymous_28)
FNDA:138,(anonymous_29)
FNDA:321,(anonymous_30)
FNDA:3,(anonymous_31)
FNDA:2,(anonymous_32)
FNDA:2184,(anonymous_33)
FNDA:1,(anonymous_34)
DA:6,472
DA:7,472
DA:10,472
DA:13,472
DA:14,472
DA:17,472
DA:18,472
DA:19,472
DA:20,472
DA:21,472
DA:22,472
DA:23,472
DA:24,472
DA:25,472
DA:26,472
DA:27,472
DA:28,472
DA:31,472
DA:34,472
DA:35,472
DA:38,472
DA:39,472
DA:40,472
DA:41,472
DA:42,472
DA:43,472
DA:44,472
DA:45,472
DA:46,472
DA:47,472
DA:49,472
DA:50,195
DA:51,69
DA:54,195
DA:55,195
DA:56,195
DA:57,195
DA:58,195
DA:60,195
DA:66,29
DA:67,29
DA:68,29
DA:72,29
DA:73,29
DA:74,29
DA:75,29
DA:76,29
DA:77,29
DA:78,29
DA:79,29
DA:81,29
DA:83,166
DA:84,166
DA:88,472
DA:89,8
DA:93,472
DA:94,36
DA:95,36
DA:97,36
DA:98,13
DA:101,36
DA:102,202
DA:103,202
DA:104,2
DA:108,36
DA:110,36
DA:112,36
DA:113,202
DA:114,1
DA:115,1
DA:117,202
DA:118,1
DA:119,1
DA:123,36
DA:124,216
DA:125,36
DA:126,36
DA:127,36
DA:128,36
DA:129,36
DA:130,216
DA:131,36
DA:132,36
DA:133,36
DA:138,472
DA:139,38
DA:142,472
DA:143,88
DA:144,43
DA:145,43
DA:146,43
DA:147,3
DA:149,43
DA:150,21
DA:152,43
DA:153,43
DA:154,43
DA:155,43
DA:156,43
DA:157,43
DA:158,43
DA:159,43
DA:160,43
DA:162,45
DA:167,472
DA:168,39
DA:171,39
DA:172,39
DA:173,39
DA:174,39
DA:175,39
DA:177,39
DA:178,1
DA:180,38
DA:184,0
DA:189,472
DA:190,148
DA:193,9
DA:194,9
DA:195,9
DA:196,9
DA:197,18
DA:198,18
DA:199,18
DA:201,9
DA:204,9
DA:205,27
DA:207,9
DA:208,9
DA:209,9
DA:210,9
DA:213,9
DA:214,2
DA:215,2
DA:216,2
DA:219,2
DA:221,7
DA:224,7
DA:225,7
DA:226,7
DA:229,0
DA:232,9
DA:237,472
DA:238,88
DA:239,3
DA:240,3
DA:241,3
DA:242,3
DA:243,1
DA:244,1
DA:246,3
DA:251,472
DA:253,88
DA:254,30
DA:255,30
DA:256,6
DA:257,6
DA:258,6
DA:259,6
DA:260,5
DA:262,6
DA:263,4
DA:264,4
DA:265,4
DA:266,4
DA:267,4
DA:272,88
DA:273,88
DA:278,472
DA:279,103
DA:283,472
DA:284,53
DA:285,42
DA:287,11
DA:292,472
DA:293,154
DA:294,82
DA:295,82
DA:297,82
DA:298,20
DA:304,472
DA:305,138
DA:306,51
DA:307,51
DA:308,51
DA:309,321
DA:310,321
DA:311,90
DA:313,231
DA:315,321
DA:320,472
DA:329,3
DA:330,3
DA:331,3
DA:345,2
DA:346,2
DA:347,2
DA:372,2184
DA:389,1
LF:199
LH:197
BRDA:50,0,0,69
BRDA:50,0,1,126
BRDA:55,1,0,68
BRDA:55,1,1,127
BRDA:58,2,0,168
BRDA:58,2,1,27
BRDA:60,3,0,29
BRDA:60,3,1,166
BRDA:61,4,0,195
BRDA:61,4,1,127
BRDA:61,4,2,175
BRDA:61,4,3,68
BRDA:61,4,4,167
BRDA:61,4,5,60
BRDA:61,4,6,4
BRDA:66,5,0,9
BRDA:66,5,1,20
BRDA:81,6,0,9
BRDA:81,6,1,20
BRDA:103,7,0,2
BRDA:103,7,1,200
BRDA:103,8,0,202
BRDA:103,8,1,202
BRDA:103,8,2,21
BRDA:103,8,3,201
BRDA:113,9,0,1
BRDA:113,9,1,201
BRDA:113,10,0,202
BRDA:113,10,1,4
BRDA:117,11,0,1
BRDA:117,11,1,201
BRDA:117,12,0,202
BRDA:117,12,1,4
BRDA:143,13,0,43
BRDA:143,13,1,45
BRDA:177,14,0,1
BRDA:177,14,1,38
BRDA:190,15,0,9
BRDA:190,15,1,139
BRDA:213,16,0,2
BRDA:213,16,1,7
BRDA:216,17,0,1
BRDA:216,17,1,1
BRDA:238,18,0,3
BRDA:238,18,1,85
BRDA:242,19,0,1
BRDA:242,19,1,2
BRDA:253,20,0,30
BRDA:253,20,1,58
BRDA:253,21,0,88
BRDA:253,21,1,31
BRDA:259,22,0,5
BRDA:259,22,1,1
BRDA:262,23,0,4
BRDA:262,23,1,2
BRDA:279,24,0,103
BRDA:279,24,1,49
BRDA:284,25,0,42
BRDA:284,25,1,11
BRDA:284,26,0,53
BRDA:284,26,1,49
BRDA:293,27,0,82
BRDA:293,27,1,72
BRDA:297,28,0,20
BRDA:297,28,1,62
BRDA:305,29,0,51
BRDA:305,29,1,87
BRDA:310,30,0,90
BRDA:310,30,1,231
BRDA:353,31,0,472
BRDA:353,31,1,464
BRDA:358,32,0,472
BRDA:358,32,1,0
BRDA:359,33,0,472
BRDA:359,33,1,8
BRDA:363,34,0,4
BRDA:363,34,1,4
BRDA:370,35,0,472
BRDA:370,35,1,364
BRDA:374,36,0,364
BRDA:374,36,1,1820
BRDA:375,37,0,364
BRDA:375,37,1,1820
BRDA:376,38,0,364
BRDA:376,38,1,1820
BRDA:385,39,0,472
BRDA:385,39,1,328
BRF:87
BRH:86
end_of_record
TN:
SF:src/Settings.js
FN:4,Settings
FN:16,(anonymous_1)
FN:17,(anonymous_2)
FN:24,(anonymous_3)
FN:29,(anonymous_4)
FN:33,(anonymous_5)
FN:40,(anonymous_6)
FN:44,(anonymous_7)
FN:61,(anonymous_8)
FN:93,(anonymous_9)
FN:96,(anonymous_10)
FN:116,(anonymous_11)
FN:130,(anonymous_12)
FN:138,(anonymous_13)
FN:142,(anonymous_14)
FN:146,(anonymous_15)
FN:151,(anonymous_16)
FN:167,(anonymous_17)
FN:174,(anonymous_18)
FN:188,(anonymous_19)
FNF:20
FNH:20
FNDA:104,Settings
FNDA:21,(anonymous_1)
FNDA:21,(anonymous_2)
FNDA:10,(anonymous_3)
FNDA:17,(anonymous_4)
FNDA:3,(anonymous_5)
FNDA:8,(anonymous_6)
FNDA:14,(anonymous_7)
FNDA:21,(anonymous_8)
FNDA:3,(anonymous_9)
FNDA:1,(anonymous_10)
FNDA:4,(anonymous_11)
FNDA:13,(anonymous_12)
FNDA:59,(anonymous_13)
FNDA:3,(anonymous_14)
FNDA:3,(anonymous_15)
FNDA:1,(anonymous_16)
FNDA:520,(anonymous_17)
FNDA:2,(anonymous_18)
FNDA:3,(anonymous_19)
DA:5,104
DA:6,104
DA:7,104
DA:8,104
DA:9,104
DA:10,104
DA:11,104
DA:12,104
DA:14,104
DA:16,104
DA:17,21
DA:18,21
DA:19,21
DA:20,21
DA:24,104
DA:25,10
DA:26,10
DA:29,104
DA:30,17
DA:33,104
DA:34,3
DA:35,3
DA:36,3
DA:37,3
DA:40,104
DA:41,8
DA:42,8
DA:43,8
DA:44,7
DA:45,14
DA:46,14
DA:47,14
DA:50,7
DA:51,4
DA:52,4
DA:54,3
DA:57,1
DA:61,104
DA:62,21
DA:63,21
DA:64,21
DA:66,21
DA:68,19
DA:69,18
DA:71,17
DA:72,8
DA:73,8
DA:74,8
DA:75,8
DA:76,3
DA:77,3
DA:80,12
DA:81,2
DA:82,2
DA:83,2
DA:84,2
DA:85,2
DA:88,12
DA:89,1
DA:93,104
DA:95,3
DA:97,1
DA:98,1
DA:99,1
DA:102,3
DA:103,3
DA:104,1
DA:105,2
DA:106,1
DA:108,3
DA:109,3
DA:112,104
DA:117,4
DA:118,4
DA:131,13
DA:139,59
DA:143,3
DA:144,3
DA:147,3
DA:148,3
DA:149,3
DA:152,1
DA:153,1
DA:154,1
DA:168,520
DA:175,2
DA:176,2
DA:189,3
DA:190,3
LF:89
LH:89
BRDA:43,0,0,7
BRDA:43,0,1,1
BRDA:50,1,0,4
BRDA:50,1,1,3
BRDA:63,2,0,21
BRDA:63,2,1,19
BRDA:64,3,0,21
BRDA:64,3,1,19
BRDA:66,4,0,2
BRDA:66,4,1,19
BRDA:66,5,0,21
BRDA:66,5,1,19
BRDA:66,5,2,3
BRDA:68,6,0,1
BRDA:68,6,1,18
BRDA:68,7,0,19
BRDA:68,7,1,5
BRDA:68,7,2,2
BRDA:69,8,0,1
BRDA:69,8,1,17
BRDA:69,9,0,18
BRDA:69,9,1,4
BRDA:69,9,2,1
BRDA:71,10,0,8
BRDA:71,10,1,9
BRDA:72,11,0,6
BRDA:72,11,1,2
BRDA:72,12,0,8
BRDA:72,12,1,3
BRDA:75,13,0,5
BRDA:75,13,1,3
BRDA:76,14,0,3
BRDA:76,14,1,3
BRDA:80,15,0,2
BRDA:80,15,1,10
BRDA:81,16,0,1
BRDA:81,16,1,1
BRDA:83,17,0,2
BRDA:83,17,1,2
BRDA:88,18,0,1
BRDA:88,18,1,11
BRDA:88,19,0,12
BRDA:88,19,1,1
BRDA:95,20,0,3
BRDA:95,20,1,1
BRDA:102,21,0,1
BRDA:102,21,1,2
BRDA:103,22,0,1
BRDA:103,22,1,2
BRDA:105,23,0,1
BRDA:105,23,1,1
BRDA:129,24,0,104
BRDA:129,24,1,62
BRDA:136,25,0,104
BRDA:136,25,1,32
BRDA:154,26,0,1
BRDA:154,26,1,1
BRDA:173,27,0,104
BRDA:173,27,1,416
BRF:59
BRH:59
end_of_record
TN:
SF:src/__test__/mockFuncs.js
FN:3,(anonymous_0)
FN:4,(anonymous_1)
FN:10,(anonymous_2)
FN:13,(anonymous_3)
FN:39,(anonymous_4)
FN:57,(anonymous_5)
FN:60,(anonymous_6)
FN:72,(anonymous_7)
FN:85,(anonymous_8)
FN:100,(anonymous_9)
FN:101,(anonymous_10)
FN:141,(anonymous_11)
FN:144,(anonymous_12)
FN:145,(anonymous_13)
FN:146,(anonymous_14)
FNF:15
FNH:11
FNDA:21,(anonymous_0)
FNDA:21,(anonymous_1)
FNDA:30,(anonymous_2)
FNDA:30,(anonymous_3)
FNDA:3,(anonymous_4)
FNDA:5,(anonymous_5)
FNDA:5,(anonymous_6)
FNDA:1,(anonymous_7)
FNDA:1,(anonymous_8)
FNDA:6,(anonymous_9)
FNDA:6,(anonymous_10)
FNDA:0,(anonymous_11)
FNDA:0,(anonymous_12)
FNDA:0,(anonymous_13)
FNDA:0,(anonymous_14)
DA:3,3
DA:4,21
DA:10,3
DA:11,30
DA:14,30
DA:16,25
DA:21,3
DA:26,1
DA:31,1
DA:36,0
DA:40,3
DA:42,2
DA:47,1
DA:52,0
DA:57,3
DA:58,5
DA:61,5
DA:63,1
DA:65,3
DA:67,1
DA:69,0
DA:73,1
DA:80,1
DA:82,0
DA:86,1
DA:93,1
DA:95,0
DA:100,3
DA:101,6
DA:102,6
DA:141,3
DA:142,0
DA:144,0
DA:145,0
DA:146,0
LF:35
LH:26
BRDA:14,0,0,25
BRDA:14,0,1,3
BRDA:14,0,2,1
BRDA:14,0,3,1
BRDA:14,0,4,0
BRDA:40,1,0,2
BRDA:40,1,1,1
BRDA:40,1,2,0
BRDA:61,2,0,1
BRDA:61,2,1,3
BRDA:61,2,2,1
BRDA:61,2,3,0
BRDA:73,3,0,1
BRDA:73,3,1,0
BRDA:86,4,0,1
BRDA:86,4,1,0
BRF:16
BRH:11
end_of_record
